
2783626 : 0x1975567e6774f8 : 1 : spill_jit_data :  Jit agent is not initialized
2783610 : 0x1975567e67ac47 : 2 : ittapi_config_mask_get :  --itt-config mask to be applied: 55
2783610 : 0x1975567e67c81d : 2 : ittapi_config_apply_per_lib :  ITTAPI function instrumented: __itt_domain_create
2783610 : 0x1975567e67d220 : 2 : ittapi_config_apply_per_lib :  ITTAPI function instrumented: __itt_module_load_with_sections
2783610 : 0x1975567e67de69 : 2 : ittapi_config_apply_per_lib :  ITTAPI function not implemented: __itt_module_unload_with_sections
2783610 : 0x1975567e67e69d : 2 : ittapi_config_apply_per_lib :  ITTAPI function instrumented: __itt_string_handle_create
2783610 : 0x1975567e67edf4 : 2 : ittapi_config_apply_per_lib :  ITTAPI function instrumented: __itt_counter_create
2783610 : 0x1975567e67f464 : 2 : ittapi_config_apply_per_lib :  ITTAPI function instrumented: __itt_counter_create_typed
2783610 : 0x1975567e67fcf0 : 2 : ittapi_config_apply_per_lib :  ITTAPI function instrumented: __itt_pause
2783610 : 0x1975567e6803ea : 2 : ittapi_config_apply_per_lib :  ITTAPI function instrumented: __itt_resume
2783610 : 0x1975567e6873cf : 2 : ittapi_config_apply_per_lib :  ITTAPI function instrumented: __itt_thread_set_name
2783610 : 0x1975567e687cf2 : 2 : ittapi_config_apply_per_lib :  ITTAPI function instrumented: __itt_thread_ignore
2783610 : 0x1975567e688436 : 2 : ittapi_config_apply_per_lib :  ITTAPI function instrumented: __itt_thr_name_set
2783610 : 0x1975567e688b53 : 2 : ittapi_config_apply_per_lib :  ITTAPI function instrumented: __itt_thr_ignore
2783610 : 0x1975567e689597 : 2 : ittapi_config_apply_per_lib :  ITTAPI function not implemented: __itt_enable_attach
2783610 : 0x1975567e689d10 : 2 : ittapi_config_apply_per_lib :  ITTAPI function instrumented: __itt_detach
2783610 : 0x1975567e68a0ea : 2 : ittapi_config_apply_per_lib :  ITTAPI function NOT instrumented (not matched by --itt-config option): __itt_sync_create

2783610 : 0x1975567e68a519 : 2 : ittapi_config_apply_per_lib :  ITTAPI function NOT instrumented (not matched by --itt-config option): __itt_sync_rename

2783610 : 0x1975567e68a8f6 : 2 : ittapi_config_apply_per_lib :  ITTAPI function NOT instrumented (not matched by --itt-config option): __itt_sync_destroy

2783610 : 0x1975567e68ad15 : 2 : ittapi_config_apply_per_lib :  ITTAPI function NOT instrumented (not matched by --itt-config option): __itt_sync_prepare

2783610 : 0x1975567e68c743 : 2 : ittapi_config_apply_per_lib :  ITTAPI function NOT instrumented (not matched by --itt-config option): __itt_sync_cancel

2783610 : 0x1975567e68cb73 : 2 : ittapi_config_apply_per_lib :  ITTAPI function NOT instrumented (not matched by --itt-config option): __itt_sync_acquired

2783610 : 0x1975567e68cf1c : 2 : ittapi_config_apply_per_lib :  ITTAPI function NOT instrumented (not matched by --itt-config option): __itt_sync_releasing

2783610 : 0x1975567e68d80d : 2 : ittapi_config_apply_per_lib :  ITTAPI function not implemented: __itt_suppress_push
2783610 : 0x1975567e68e130 : 2 : ittapi_config_apply_per_lib :  ITTAPI function not implemented: __itt_suppress_pop
2783610 : 0x1975567e68e91d : 2 : ittapi_config_apply_per_lib :  ITTAPI function not implemented: __itt_suppress_mark_range
2783610 : 0x1975567e68f123 : 2 : ittapi_config_apply_per_lib :  ITTAPI function not implemented: __itt_suppress_clear_range
2783610 : 0x1975567e68f4e3 : 2 : ittapi_config_apply_per_lib :  ITTAPI function NOT instrumented (not matched by --itt-config option): __itt_sync_prepare

2783610 : 0x1975567e68f8ad : 2 : ittapi_config_apply_per_lib :  ITTAPI function NOT instrumented (not matched by --itt-config option): __itt_sync_cancel

2783610 : 0x1975567e68fc19 : 2 : ittapi_config_apply_per_lib :  ITTAPI function NOT instrumented (not matched by --itt-config option): __itt_sync_acquired

2783610 : 0x1975567e690dd5 : 2 : ittapi_config_apply_per_lib :  ITTAPI function NOT instrumented (not matched by --itt-config option): __itt_sync_releasing

2783610 : 0x1975567e691201 : 2 : ittapi_config_apply_per_lib :  ITTAPI function NOT instrumented (not matched by --itt-config option): __itt_model_site_begin

2783610 : 0x1975567e69158e : 2 : ittapi_config_apply_per_lib :  ITTAPI function NOT instrumented (not matched by --itt-config option): __itt_model_site_end

2783610 : 0x1975567e691919 : 2 : ittapi_config_apply_per_lib :  ITTAPI function NOT instrumented (not matched by --itt-config option): __itt_model_task_begin

2783610 : 0x1975567e691c86 : 2 : ittapi_config_apply_per_lib :  ITTAPI function NOT instrumented (not matched by --itt-config option): __itt_model_task_end

2783610 : 0x1975567e691ff5 : 2 : ittapi_config_apply_per_lib :  ITTAPI function NOT instrumented (not matched by --itt-config option): __itt_model_lock_acquire

2783610 : 0x1975567e6923dc : 2 : ittapi_config_apply_per_lib :  ITTAPI function NOT instrumented (not matched by --itt-config option): __itt_model_lock_release

2783610 : 0x1975567e69274f : 2 : ittapi_config_apply_per_lib :  ITTAPI function NOT instrumented (not matched by --itt-config option): __itt_model_record_allocation

2783610 : 0x1975567e692a89 : 2 : ittapi_config_apply_per_lib :  ITTAPI function NOT instrumented (not matched by --itt-config option): __itt_model_record_deallocation

2783610 : 0x1975567e692db6 : 2 : ittapi_config_apply_per_lib :  ITTAPI function NOT instrumented (not matched by --itt-config option): __itt_model_induction_uses

2783610 : 0x1975567e694c44 : 2 : ittapi_config_apply_per_lib :  ITTAPI function NOT instrumented (not matched by --itt-config option): __itt_model_reduction_uses

2783610 : 0x1975567e695041 : 2 : ittapi_config_apply_per_lib :  ITTAPI function NOT instrumented (not matched by --itt-config option): __itt_model_observe_uses

2783610 : 0x1975567e695403 : 2 : ittapi_config_apply_per_lib :  ITTAPI function NOT instrumented (not matched by --itt-config option): __itt_model_clear_uses

2783610 : 0x1975567e6957a9 : 2 : ittapi_config_apply_per_lib :  ITTAPI function NOT instrumented (not matched by --itt-config option): __itt_model_site_beginA

2783610 : 0x1975567e695b71 : 2 : ittapi_config_apply_per_lib :  ITTAPI function NOT instrumented (not matched by --itt-config option): __itt_model_site_beginAL

2783610 : 0x1975567e695ef1 : 2 : ittapi_config_apply_per_lib :  ITTAPI function NOT instrumented (not matched by --itt-config option): __itt_model_task_beginA

2783610 : 0x1975567e696261 : 2 : ittapi_config_apply_per_lib :  ITTAPI function NOT instrumented (not matched by --itt-config option): __itt_model_task_beginAL

2783610 : 0x1975567e6965d5 : 2 : ittapi_config_apply_per_lib :  ITTAPI function NOT instrumented (not matched by --itt-config option): __itt_model_iteration_taskA

2783610 : 0x1975567e69691c : 2 : ittapi_config_apply_per_lib :  ITTAPI function NOT instrumented (not matched by --itt-config option): __itt_model_iteration_taskAL

2783610 : 0x1975567e696c59 : 2 : ittapi_config_apply_per_lib :  ITTAPI function NOT instrumented (not matched by --itt-config option): __itt_model_site_end_2

2783610 : 0x1975567e697d47 : 2 : ittapi_config_apply_per_lib :  ITTAPI function NOT instrumented (not matched by --itt-config option): __itt_model_task_end_2

2783610 : 0x1975567e6980d0 : 2 : ittapi_config_apply_per_lib :  ITTAPI function NOT instrumented (not matched by --itt-config option): __itt_model_lock_acquire_2

2783610 : 0x1975567e69847f : 2 : ittapi_config_apply_per_lib :  ITTAPI function NOT instrumented (not matched by --itt-config option): __itt_model_lock_release_2

2783610 : 0x1975567e6987f7 : 2 : ittapi_config_apply_per_lib :  ITTAPI function NOT instrumented (not matched by --itt-config option): __itt_model_aggregate_task

2783610 : 0x1975567e698b93 : 2 : ittapi_config_apply_per_lib :  ITTAPI function NOT instrumented (not matched by --itt-config option): __itt_model_disable_push

2783610 : 0x1975567e698ee0 : 2 : ittapi_config_apply_per_lib :  ITTAPI function NOT instrumented (not matched by --itt-config option): __itt_model_disable_pop

2783610 : 0x1975567e69964d : 2 : ittapi_config_apply_per_lib :  ITTAPI function instrumented: __itt_heap_function_create
2783610 : 0x1975567e699dcb : 2 : ittapi_config_apply_per_lib :  ITTAPI function instrumented: __itt_heap_allocate_begin
2783610 : 0x1975567e69a488 : 2 : ittapi_config_apply_per_lib :  ITTAPI function instrumented: __itt_heap_allocate_end
2783610 : 0x1975567e69abb3 : 2 : ittapi_config_apply_per_lib :  ITTAPI function instrumented: __itt_heap_free_begin
2783610 : 0x1975567e69c8f4 : 2 : ittapi_config_apply_per_lib :  ITTAPI function instrumented: __itt_heap_free_end
2783610 : 0x1975567e69d07f : 2 : ittapi_config_apply_per_lib :  ITTAPI function instrumented: __itt_heap_reallocate_begin
2783610 : 0x1975567e69d6f4 : 2 : ittapi_config_apply_per_lib :  ITTAPI function instrumented: __itt_heap_reallocate_end
2783610 : 0x1975567e69dec4 : 2 : ittapi_config_apply_per_lib :  ITTAPI function not implemented: __itt_heap_internal_access_begin
2783610 : 0x1975567e69e663 : 2 : ittapi_config_apply_per_lib :  ITTAPI function not implemented: __itt_heap_internal_access_end
2783610 : 0x1975567e69ee3f : 2 : ittapi_config_apply_per_lib :  ITTAPI function not implemented: __itt_heap_record_memory_growth_begin
2783610 : 0x1975567e69f61c : 2 : ittapi_config_apply_per_lib :  ITTAPI function not implemented: __itt_heap_record_memory_growth_end
2783610 : 0x1975567e69fe88 : 2 : ittapi_config_apply_per_lib :  ITTAPI function not implemented: __itt_heap_reset_detection
2783610 : 0x1975567e6a0742 : 2 : ittapi_config_apply_per_lib :  ITTAPI function not implemented: __itt_heap_record
2783610 : 0x1975567e6a0eec : 2 : ittapi_config_apply_per_lib :  ITTAPI function not implemented: __itt_id_create
2783610 : 0x1975567e6a2478 : 2 : ittapi_config_apply_per_lib :  ITTAPI function not implemented: __itt_id_destroy
2783610 : 0x1975567e6a2bed : 2 : ittapi_config_apply_per_lib :  ITTAPI function instrumented: __itt_get_timestamp
2783610 : 0x1975567e6a333a : 2 : ittapi_config_apply_per_lib :  ITTAPI function not implemented: __itt_region_begin
2783610 : 0x1975567e6a3aee : 2 : ittapi_config_apply_per_lib :  ITTAPI function not implemented: __itt_region_end
2783610 : 0x1975567e6a4282 : 2 : ittapi_config_apply_per_lib :  ITTAPI function instrumented: __itt_frame_begin_v3
2783610 : 0x1975567e6a49da : 2 : ittapi_config_apply_per_lib :  ITTAPI function instrumented: __itt_frame_end_v3
2783610 : 0x1975567e6a50c2 : 2 : ittapi_config_apply_per_lib :  ITTAPI function instrumented: __itt_frame_submit_v3
2783610 : 0x1975567e6a586f : 2 : ittapi_config_apply_per_lib :  ITTAPI function not implemented: __itt_task_group
2783610 : 0x1975567e6a5ffb : 2 : ittapi_config_apply_per_lib :  ITTAPI function instrumented: __itt_task_begin
2783610 : 0x1975567e6a66f8 : 2 : ittapi_config_apply_per_lib :  ITTAPI function instrumented: __itt_task_begin_fn
2783610 : 0x1975567e6a7c76 : 2 : ittapi_config_apply_per_lib :  ITTAPI function instrumented: __itt_task_end
2783610 : 0x1975567e6a84c6 : 2 : ittapi_config_apply_per_lib :  ITTAPI function not implemented: __itt_counter_inc_v3
2783610 : 0x1975567e6a8cad : 2 : ittapi_config_apply_per_lib :  ITTAPI function not implemented: __itt_counter_inc_delta_v3
2783610 : 0x1975567e6a9416 : 2 : ittapi_config_apply_per_lib :  ITTAPI function not implemented: __itt_counter_dec_v3
2783610 : 0x1975567e6a9b92 : 2 : ittapi_config_apply_per_lib :  ITTAPI function not implemented: __itt_counter_dec_delta_v3
2783610 : 0x1975567e6aa36e : 2 : ittapi_config_apply_per_lib :  ITTAPI function not implemented: __itt_marker
2783610 : 0x1975567e6aaa7e : 2 : ittapi_config_apply_per_lib :  ITTAPI function instrumented: __itt_metadata_add
2783610 : 0x1975567e6ab218 : 2 : ittapi_config_apply_per_lib :  ITTAPI function not implemented: __itt_metadata_str_add
2783610 : 0x1975567e6ab938 : 2 : ittapi_config_apply_per_lib :  ITTAPI function not implemented: __itt_relation_add_to_current
2783610 : 0x1975567e6ac0bc : 2 : ittapi_config_apply_per_lib :  ITTAPI function not implemented: __itt_relation_add
2783610 : 0x1975567e6ad4c3 : 2 : ittapi_config_apply_per_lib :  ITTAPI function instrumented: __itt_event_create
2783610 : 0x1975567e6adbf9 : 2 : ittapi_config_apply_per_lib :  ITTAPI function instrumented: __itt_event_start
2783610 : 0x1975567e6ae2f5 : 2 : ittapi_config_apply_per_lib :  ITTAPI function instrumented: __itt_event_end
2783610 : 0x1975567e6ae68e : 2 : ittapi_config_apply_per_lib :  ITTAPI function NOT instrumented (not matched by --itt-config option): __itt_sync_set_name

2783610 : 0x1975567e6aea58 : 2 : ittapi_config_apply_per_lib :  ITTAPI function NOT instrumented (not matched by --itt-config option): __itt_notify_sync_name

2783610 : 0x1975567e6aedde : 2 : ittapi_config_apply_per_lib :  ITTAPI function NOT instrumented (not matched by --itt-config option): __itt_notify_sync_prepare

2783610 : 0x1975567e6af17b : 2 : ittapi_config_apply_per_lib :  ITTAPI function NOT instrumented (not matched by --itt-config option): __itt_notify_sync_cancel

2783610 : 0x1975567e6af519 : 2 : ittapi_config_apply_per_lib :  ITTAPI function NOT instrumented (not matched by --itt-config option): __itt_notify_sync_acquired

2783610 : 0x1975567e6af880 : 2 : ittapi_config_apply_per_lib :  ITTAPI function NOT instrumented (not matched by --itt-config option): __itt_notify_sync_releasing

2783610 : 0x1975567e6affa9 : 2 : ittapi_config_apply_per_lib :  ITTAPI function not implemented: __itt_memory_read
2783610 : 0x1975567e6b1aff : 2 : ittapi_config_apply_per_lib :  ITTAPI function not implemented: __itt_memory_write
2783610 : 0x1975567e6b2324 : 2 : ittapi_config_apply_per_lib :  ITTAPI function not implemented: __itt_memory_update
2783610 : 0x1975567e6b2b3c : 2 : ittapi_config_apply_per_lib :  ITTAPI function not implemented: __itt_state_get
2783610 : 0x1975567e6b3297 : 2 : ittapi_config_apply_per_lib :  ITTAPI function not implemented: __itt_state_set
2783610 : 0x1975567e6b3a69 : 2 : ittapi_config_apply_per_lib :  ITTAPI function not implemented: __itt_obj_mode_set
2783610 : 0x1975567e6b420a : 2 : ittapi_config_apply_per_lib :  ITTAPI function not implemented: __itt_thr_mode_set
2783610 : 0x1975567e6b48c6 : 2 : ittapi_config_apply_per_lib :  ITTAPI function instrumented: __itt_frame_create
2783610 : 0x1975567e6b4fca : 2 : ittapi_config_apply_per_lib :  ITTAPI function instrumented: __itt_pt_region_create
2783610 : 0x1975567e6b567e : 2 : ittapi_config_apply_per_lib :  ITTAPI function instrumented: __itt_frame_begin
2783610 : 0x1975567e6b5d84 : 2 : ittapi_config_apply_per_lib :  ITTAPI function instrumented: __itt_frame_end
2783610 : 0x1975567e6b72c7 : 2 : ittapi_config_apply_per_lib :  ITTAPI function not implemented: __itt_counter_destroy
2783610 : 0x1975567e6b7a62 : 2 : ittapi_config_apply_per_lib :  ITTAPI function instrumented: __itt_counter_inc
2783610 : 0x1975567e6b815d : 2 : ittapi_config_apply_per_lib :  ITTAPI function instrumented: __itt_counter_inc_delta
2783610 : 0x1975567e6b87cd : 2 : ittapi_config_apply_per_lib :  ITTAPI function instrumented: __itt_counter_dec
2783610 : 0x1975567e6b8eac : 2 : ittapi_config_apply_per_lib :  ITTAPI function instrumented: __itt_counter_dec_delta
2783610 : 0x1975567e6b9598 : 2 : ittapi_config_apply_per_lib :  ITTAPI function instrumented: __itt_counter_set_value
2783610 : 0x1975567e6b9d0a : 2 : ittapi_config_apply_per_lib :  ITTAPI function not implemented: __itt_counter_set_value_ex
2783610 : 0x1975567e6ba45b : 2 : ittapi_config_apply_per_lib :  ITTAPI function not implemented: __itt_mark_create
2783610 : 0x1975567e6babe3 : 2 : ittapi_config_apply_per_lib :  ITTAPI function not implemented: __itt_mark
2783610 : 0x1975567e6bb3ab : 2 : ittapi_config_apply_per_lib :  ITTAPI function not implemented: __itt_mark_off
2783610 : 0x1975567e6bc788 : 2 : ittapi_config_apply_per_lib :  ITTAPI function not implemented: __itt_mark_global
2783610 : 0x1975567e6bcf4c : 2 : ittapi_config_apply_per_lib :  ITTAPI function not implemented: __itt_mark_global_off
2783610 : 0x1975567e6bd6fd : 2 : ittapi_config_apply_per_lib :  ITTAPI function instrumented: __itt_stack_caller_create
2783610 : 0x1975567e6bde05 : 2 : ittapi_config_apply_per_lib :  ITTAPI function instrumented: __itt_stack_caller_destroy
2783610 : 0x1975567e6be4f8 : 2 : ittapi_config_apply_per_lib :  ITTAPI function instrumented: __itt_stack_callee_enter
2783610 : 0x1975567e6beba8 : 2 : ittapi_config_apply_per_lib :  ITTAPI function instrumented: __itt_stack_callee_leave
2783610 : 0x1975567e6bf32c : 2 : ittapi_config_apply_per_lib :  ITTAPI function not implemented: __itt_clock_domain_create
2783610 : 0x1975567e6bfb0f : 2 : ittapi_config_apply_per_lib :  ITTAPI function not implemented: __itt_clock_domain_reset
2783610 : 0x1975567e6c026e : 2 : ittapi_config_apply_per_lib :  ITTAPI function not implemented: __itt_id_create_ex
2783610 : 0x1975567e6c0a03 : 2 : ittapi_config_apply_per_lib :  ITTAPI function not implemented: __itt_id_destroy_ex
2783610 : 0x1975567e6c2829 : 2 : ittapi_config_apply_per_lib :  ITTAPI function not implemented: __itt_task_begin_ex
2783610 : 0x1975567e6c3019 : 2 : ittapi_config_apply_per_lib :  ITTAPI function not implemented: __itt_task_begin_fn_ex
2783610 : 0x1975567e6c37a6 : 2 : ittapi_config_apply_per_lib :  ITTAPI function not implemented: __itt_task_end_ex
2783610 : 0x1975567e6c3ea5 : 2 : ittapi_config_apply_per_lib :  ITTAPI function instrumented: __itt_task_begin_overlapped
2783610 : 0x1975567e6c460f : 2 : ittapi_config_apply_per_lib :  ITTAPI function not implemented: __itt_task_begin_overlapped_ex
2783610 : 0x1975567e6c4d06 : 2 : ittapi_config_apply_per_lib :  ITTAPI function instrumented: __itt_task_end_overlapped
2783610 : 0x1975567e6c5493 : 2 : ittapi_config_apply_per_lib :  ITTAPI function not implemented: __itt_task_end_overlapped_ex
2783610 : 0x1975567e6c5beb : 2 : ittapi_config_apply_per_lib :  ITTAPI function not implemented: __itt_marker_ex
2783610 : 0x1975567e6c6357 : 2 : ittapi_config_apply_per_lib :  ITTAPI function not implemented: __itt_metadata_add_with_scope
2783610 : 0x1975567e6c6b25 : 2 : ittapi_config_apply_per_lib :  ITTAPI function not implemented: __itt_metadata_str_add_with_scope
2783610 : 0x1975567e6c7fec : 2 : ittapi_config_apply_per_lib :  ITTAPI function not implemented: __itt_relation_add_to_current_ex
2783610 : 0x1975567e6c87cc : 2 : ittapi_config_apply_per_lib :  ITTAPI function not implemented: __itt_relation_add_ex
2783610 : 0x1975567e6c8f9b : 2 : ittapi_config_apply_per_lib :  ITTAPI function not implemented: __itt_track_group_create
2783610 : 0x1975567e6c96f1 : 2 : ittapi_config_apply_per_lib :  ITTAPI function not implemented: __itt_track_create
2783610 : 0x1975567e6c9e8a : 2 : ittapi_config_apply_per_lib :  ITTAPI function not implemented: __itt_set_track
2783610 : 0x1975567e6ca5b0 : 2 : ittapi_config_apply_per_lib :  ITTAPI function instrumented: __itt_api_version
2783610 : 0x1975567e6cad1d : 2 : ittapi_config_apply_per_lib :  ITTAPI function not implemented: __itt_av_save
2783610 : 0x1975567e6cb442 : 2 : ittapi_config_apply_per_lib :  ITTAPI function instrumented: __itt_module_load
2783610 : 0x1975567e6cbbc2 : 2 : ittapi_config_apply_per_lib :  ITTAPI function not implemented: __itt_module_unload
2783610 : 0x1975567e710803 : 2 : ittapi_config_mask_get :  --itt-config mask to be applied: 55
2783610 : 0x1975567e712a3f : 2 : ittapi_config_apply_per_lib :  ITTAPI function instrumented: __itt_domain_create
2783610 : 0x1975567e7132e4 : 2 : ittapi_config_apply_per_lib :  ITTAPI function instrumented: __itt_module_load_with_sections
2783610 : 0x1975567e713bf5 : 2 : ittapi_config_apply_per_lib :  ITTAPI function not implemented: __itt_module_unload_with_sections
2783610 : 0x1975567e7143b3 : 2 : ittapi_config_apply_per_lib :  ITTAPI function instrumented: __itt_string_handle_create
2783610 : 0x1975567e714ab4 : 2 : ittapi_config_apply_per_lib :  ITTAPI function instrumented: __itt_counter_create
2783610 : 0x1975567e715115 : 2 : ittapi_config_apply_per_lib :  ITTAPI function instrumented: __itt_counter_create_typed
2783610 : 0x1975567e71588e : 2 : ittapi_config_apply_per_lib :  ITTAPI function instrumented: __itt_pause
2783610 : 0x1975567e715f48 : 2 : ittapi_config_apply_per_lib :  ITTAPI function instrumented: __itt_resume
2783610 : 0x1975567e7165ae : 2 : ittapi_config_apply_per_lib :  ITTAPI function instrumented: __itt_thread_set_name
2783610 : 0x1975567e716dab : 2 : ittapi_config_apply_per_lib :  ITTAPI function instrumented: __itt_thread_ignore
2783610 : 0x1975567e718d80 : 2 : ittapi_config_apply_per_lib :  ITTAPI function instrumented: __itt_thr_name_set
2783610 : 0x1975567e71950b : 2 : ittapi_config_apply_per_lib :  ITTAPI function instrumented: __itt_thr_ignore
2783610 : 0x1975567e719d7b : 2 : ittapi_config_apply_per_lib :  ITTAPI function not implemented: __itt_enable_attach
2783610 : 0x1975567e71a46a : 2 : ittapi_config_apply_per_lib :  ITTAPI function instrumented: __itt_detach
2783610 : 0x1975567e71a84b : 2 : ittapi_config_apply_per_lib :  ITTAPI function NOT instrumented (not matched by --itt-config option): __itt_sync_create

2783610 : 0x1975567e71ac29 : 2 : ittapi_config_apply_per_lib :  ITTAPI function NOT instrumented (not matched by --itt-config option): __itt_sync_rename

2783610 : 0x1975567e71b001 : 2 : ittapi_config_apply_per_lib :  ITTAPI function NOT instrumented (not matched by --itt-config option): __itt_sync_destroy

2783610 : 0x1975567e71b3b5 : 2 : ittapi_config_apply_per_lib :  ITTAPI function NOT instrumented (not matched by --itt-config option): __itt_sync_prepare

2783610 : 0x1975567e71b71b : 2 : ittapi_config_apply_per_lib :  ITTAPI function NOT instrumented (not matched by --itt-config option): __itt_sync_cancel

2783610 : 0x1975567e71bab6 : 2 : ittapi_config_apply_per_lib :  ITTAPI function NOT instrumented (not matched by --itt-config option): __itt_sync_acquired

2783610 : 0x1975567e71cba4 : 2 : ittapi_config_apply_per_lib :  ITTAPI function NOT instrumented (not matched by --itt-config option): __itt_sync_releasing

2783610 : 0x1975567e71d44c : 2 : ittapi_config_apply_per_lib :  ITTAPI function not implemented: __itt_suppress_push
2783610 : 0x1975567e71dcb6 : 2 : ittapi_config_apply_per_lib :  ITTAPI function not implemented: __itt_suppress_pop
2783610 : 0x1975567e71e4c2 : 2 : ittapi_config_apply_per_lib :  ITTAPI function not implemented: __itt_suppress_mark_range
2783610 : 0x1975567e71ec78 : 2 : ittapi_config_apply_per_lib :  ITTAPI function not implemented: __itt_suppress_clear_range
2783610 : 0x1975567e71f057 : 2 : ittapi_config_apply_per_lib :  ITTAPI function NOT instrumented (not matched by --itt-config option): __itt_sync_prepare

2783610 : 0x1975567e71f3e8 : 2 : ittapi_config_apply_per_lib :  ITTAPI function NOT instrumented (not matched by --itt-config option): __itt_sync_cancel

2783610 : 0x1975567e71f7ba : 2 : ittapi_config_apply_per_lib :  ITTAPI function NOT instrumented (not matched by --itt-config option): __itt_sync_acquired

2783610 : 0x1975567e71fb3e : 2 : ittapi_config_apply_per_lib :  ITTAPI function NOT instrumented (not matched by --itt-config option): __itt_sync_releasing

2783610 : 0x1975567e71ff35 : 2 : ittapi_config_apply_per_lib :  ITTAPI function NOT instrumented (not matched by --itt-config option): __itt_model_site_begin

2783610 : 0x1975567e721008 : 2 : ittapi_config_apply_per_lib :  ITTAPI function NOT instrumented (not matched by --itt-config option): __itt_model_site_end

2783610 : 0x1975567e7213eb : 2 : ittapi_config_apply_per_lib :  ITTAPI function NOT instrumented (not matched by --itt-config option): __itt_model_task_begin

2783610 : 0x1975567e721776 : 2 : ittapi_config_apply_per_lib :  ITTAPI function NOT instrumented (not matched by --itt-config option): __itt_model_task_end

2783610 : 0x1975567e721af9 : 2 : ittapi_config_apply_per_lib :  ITTAPI function NOT instrumented (not matched by --itt-config option): __itt_model_lock_acquire

2783610 : 0x1975567e721eb0 : 2 : ittapi_config_apply_per_lib :  ITTAPI function NOT instrumented (not matched by --itt-config option): __itt_model_lock_release

2783610 : 0x1975567e722208 : 2 : ittapi_config_apply_per_lib :  ITTAPI function NOT instrumented (not matched by --itt-config option): __itt_model_record_allocation

2783610 : 0x1975567e722556 : 2 : ittapi_config_apply_per_lib :  ITTAPI function NOT instrumented (not matched by --itt-config option): __itt_model_record_deallocation

2783610 : 0x1975567e7228e0 : 2 : ittapi_config_apply_per_lib :  ITTAPI function NOT instrumented (not matched by --itt-config option): __itt_model_induction_uses

2783610 : 0x1975567e722c73 : 2 : ittapi_config_apply_per_lib :  ITTAPI function NOT instrumented (not matched by --itt-config option): __itt_model_reduction_uses

2783610 : 0x1975567e722ff9 : 2 : ittapi_config_apply_per_lib :  ITTAPI function NOT instrumented (not matched by --itt-config option): __itt_model_observe_uses

2783610 : 0x1975567e724b96 : 2 : ittapi_config_apply_per_lib :  ITTAPI function NOT instrumented (not matched by --itt-config option): __itt_model_clear_uses

2783610 : 0x1975567e724f86 : 2 : ittapi_config_apply_per_lib :  ITTAPI function NOT instrumented (not matched by --itt-config option): __itt_model_site_beginA

2783610 : 0x1975567e725326 : 2 : ittapi_config_apply_per_lib :  ITTAPI function NOT instrumented (not matched by --itt-config option): __itt_model_site_beginAL

2783610 : 0x1975567e725699 : 2 : ittapi_config_apply_per_lib :  ITTAPI function NOT instrumented (not matched by --itt-config option): __itt_model_task_beginA

2783610 : 0x1975567e725a08 : 2 : ittapi_config_apply_per_lib :  ITTAPI function NOT instrumented (not matched by --itt-config option): __itt_model_task_beginAL

2783610 : 0x1975567e725dca : 2 : ittapi_config_apply_per_lib :  ITTAPI function NOT instrumented (not matched by --itt-config option): __itt_model_iteration_taskA

2783610 : 0x1975567e72611b : 2 : ittapi_config_apply_per_lib :  ITTAPI function NOT instrumented (not matched by --itt-config option): __itt_model_iteration_taskAL

2783610 : 0x1975567e726459 : 2 : ittapi_config_apply_per_lib :  ITTAPI function NOT instrumented (not matched by --itt-config option): __itt_model_site_end_2

2783610 : 0x1975567e7267cb : 2 : ittapi_config_apply_per_lib :  ITTAPI function NOT instrumented (not matched by --itt-config option): __itt_model_task_end_2

2783610 : 0x1975567e726b08 : 2 : ittapi_config_apply_per_lib :  ITTAPI function NOT instrumented (not matched by --itt-config option): __itt_model_lock_acquire_2

2783610 : 0x1975567e727bad : 2 : ittapi_config_apply_per_lib :  ITTAPI function NOT instrumented (not matched by --itt-config option): __itt_model_lock_release_2

2783610 : 0x1975567e727f64 : 2 : ittapi_config_apply_per_lib :  ITTAPI function NOT instrumented (not matched by --itt-config option): __itt_model_aggregate_task

2783610 : 0x1975567e7282cf : 2 : ittapi_config_apply_per_lib :  ITTAPI function NOT instrumented (not matched by --itt-config option): __itt_model_disable_push

2783610 : 0x1975567e728666 : 2 : ittapi_config_apply_per_lib :  ITTAPI function NOT instrumented (not matched by --itt-config option): __itt_model_disable_pop

2783610 : 0x1975567e728dc9 : 2 : ittapi_config_apply_per_lib :  ITTAPI function instrumented: __itt_heap_function_create
2783610 : 0x1975567e729538 : 2 : ittapi_config_apply_per_lib :  ITTAPI function instrumented: __itt_heap_allocate_begin
2783610 : 0x1975567e729c04 : 2 : ittapi_config_apply_per_lib :  ITTAPI function instrumented: __itt_heap_allocate_end
2783610 : 0x1975567e72a322 : 2 : ittapi_config_apply_per_lib :  ITTAPI function instrumented: __itt_heap_free_begin
2783610 : 0x1975567e72a9a5 : 2 : ittapi_config_apply_per_lib :  ITTAPI function instrumented: __itt_heap_free_end
2783610 : 0x1975567e72b07d : 2 : ittapi_config_apply_per_lib :  ITTAPI function instrumented: __itt_heap_reallocate_begin
2783610 : 0x1975567e72c46a : 2 : ittapi_config_apply_per_lib :  ITTAPI function instrumented: __itt_heap_reallocate_end
2783610 : 0x1975567e72cc96 : 2 : ittapi_config_apply_per_lib :  ITTAPI function not implemented: __itt_heap_internal_access_begin
2783610 : 0x1975567e72d459 : 2 : ittapi_config_apply_per_lib :  ITTAPI function not implemented: __itt_heap_internal_access_end
2783610 : 0x1975567e72dc1d : 2 : ittapi_config_apply_per_lib :  ITTAPI function not implemented: __itt_heap_record_memory_growth_begin
2783610 : 0x1975567e72e3cc : 2 : ittapi_config_apply_per_lib :  ITTAPI function not implemented: __itt_heap_record_memory_growth_end
2783610 : 0x1975567e72eb91 : 2 : ittapi_config_apply_per_lib :  ITTAPI function not implemented: __itt_heap_reset_detection
2783610 : 0x1975567e72f352 : 2 : ittapi_config_apply_per_lib :  ITTAPI function not implemented: __itt_heap_record
2783610 : 0x1975567e72fb03 : 2 : ittapi_config_apply_per_lib :  ITTAPI function not implemented: __itt_id_create
2783610 : 0x1975567e7302dd : 2 : ittapi_config_apply_per_lib :  ITTAPI function not implemented: __itt_id_destroy
2783610 : 0x1975567e7309ca : 2 : ittapi_config_apply_per_lib :  ITTAPI function instrumented: __itt_get_timestamp
2783610 : 0x1975567e7325be : 2 : ittapi_config_apply_per_lib :  ITTAPI function not implemented: __itt_region_begin
2783610 : 0x1975567e732e1c : 2 : ittapi_config_apply_per_lib :  ITTAPI function not implemented: __itt_region_end
2783610 : 0x1975567e73357f : 2 : ittapi_config_apply_per_lib :  ITTAPI function instrumented: __itt_frame_begin_v3
2783610 : 0x1975567e733ce7 : 2 : ittapi_config_apply_per_lib :  ITTAPI function instrumented: __itt_frame_end_v3
2783610 : 0x1975567e7343ea : 2 : ittapi_config_apply_per_lib :  ITTAPI function instrumented: __itt_frame_submit_v3
2783610 : 0x1975567e734b70 : 2 : ittapi_config_apply_per_lib :  ITTAPI function not implemented: __itt_task_group
2783610 : 0x1975567e7352f8 : 2 : ittapi_config_apply_per_lib :  ITTAPI function instrumented: __itt_task_begin
2783610 : 0x1975567e7359b5 : 2 : ittapi_config_apply_per_lib :  ITTAPI function instrumented: __itt_task_begin_fn
2783610 : 0x1975567e7360d0 : 2 : ittapi_config_apply_per_lib :  ITTAPI function instrumented: __itt_task_end
2783610 : 0x1975567e73687c : 2 : ittapi_config_apply_per_lib :  ITTAPI function not implemented: __itt_counter_inc_v3
2783610 : 0x1975567e737dde : 2 : ittapi_config_apply_per_lib :  ITTAPI function not implemented: __itt_counter_inc_delta_v3
2783610 : 0x1975567e7385f6 : 2 : ittapi_config_apply_per_lib :  ITTAPI function not implemented: __itt_counter_dec_v3
2783610 : 0x1975567e738d75 : 2 : ittapi_config_apply_per_lib :  ITTAPI function not implemented: __itt_counter_dec_delta_v3
2783610 : 0x1975567e739503 : 2 : ittapi_config_apply_per_lib :  ITTAPI function not implemented: __itt_marker
2783610 : 0x1975567e739c1e : 2 : ittapi_config_apply_per_lib :  ITTAPI function instrumented: __itt_metadata_add
2783610 : 0x1975567e73a3e7 : 2 : ittapi_config_apply_per_lib :  ITTAPI function not implemented: __itt_metadata_str_add
2783610 : 0x1975567e73ab29 : 2 : ittapi_config_apply_per_lib :  ITTAPI function not implemented: __itt_relation_add_to_current
2783610 : 0x1975567e73b2ae : 2 : ittapi_config_apply_per_lib :  ITTAPI function not implemented: __itt_relation_add
2783610 : 0x1975567e73b967 : 2 : ittapi_config_apply_per_lib :  ITTAPI function instrumented: __itt_event_create
2783610 : 0x1975567e73c021 : 2 : ittapi_config_apply_per_lib :  ITTAPI function instrumented: __itt_event_start
2783610 : 0x1975567e73d472 : 2 : ittapi_config_apply_per_lib :  ITTAPI function instrumented: __itt_event_end
2783610 : 0x1975567e73d87d : 2 : ittapi_config_apply_per_lib :  ITTAPI function NOT instrumented (not matched by --itt-config option): __itt_sync_set_name

2783610 : 0x1975567e73dc1f : 2 : ittapi_config_apply_per_lib :  ITTAPI function NOT instrumented (not matched by --itt-config option): __itt_notify_sync_name

2783610 : 0x1975567e73dfd8 : 2 : ittapi_config_apply_per_lib :  ITTAPI function NOT instrumented (not matched by --itt-config option): __itt_notify_sync_prepare

2783610 : 0x1975567e73e35b : 2 : ittapi_config_apply_per_lib :  ITTAPI function NOT instrumented (not matched by --itt-config option): __itt_notify_sync_cancel

2783610 : 0x1975567e73e6c4 : 2 : ittapi_config_apply_per_lib :  ITTAPI function NOT instrumented (not matched by --itt-config option): __itt_notify_sync_acquired

2783610 : 0x1975567e73ea54 : 2 : ittapi_config_apply_per_lib :  ITTAPI function NOT instrumented (not matched by --itt-config option): __itt_notify_sync_releasing

2783610 : 0x1975567e73f197 : 2 : ittapi_config_apply_per_lib :  ITTAPI function not implemented: __itt_memory_read
2783610 : 0x1975567e73f95d : 2 : ittapi_config_apply_per_lib :  ITTAPI function not implemented: __itt_memory_write
2783610 : 0x1975567e7400b7 : 2 : ittapi_config_apply_per_lib :  ITTAPI function not implemented: __itt_memory_update
2783610 : 0x1975567e741d66 : 2 : ittapi_config_apply_per_lib :  ITTAPI function not implemented: __itt_state_get
2783610 : 0x1975567e742559 : 2 : ittapi_config_apply_per_lib :  ITTAPI function not implemented: __itt_state_set
2783610 : 0x1975567e742d28 : 2 : ittapi_config_apply_per_lib :  ITTAPI function not implemented: __itt_obj_mode_set
2783610 : 0x1975567e7434d3 : 2 : ittapi_config_apply_per_lib :  ITTAPI function not implemented: __itt_thr_mode_set
2783610 : 0x1975567e743b92 : 2 : ittapi_config_apply_per_lib :  ITTAPI function instrumented: __itt_frame_create
2783610 : 0x1975567e744239 : 2 : ittapi_config_apply_per_lib :  ITTAPI function instrumented: __itt_pt_region_create
2783610 : 0x1975567e7448f4 : 2 : ittapi_config_apply_per_lib :  ITTAPI function instrumented: __itt_frame_begin
2783610 : 0x1975567e744fc3 : 2 : ittapi_config_apply_per_lib :  ITTAPI function instrumented: __itt_frame_end
2783610 : 0x1975567e745810 : 2 : ittapi_config_apply_per_lib :  ITTAPI function not implemented: __itt_counter_destroy
2783610 : 0x1975567e745f2b : 2 : ittapi_config_apply_per_lib :  ITTAPI function instrumented: __itt_counter_inc
2783610 : 0x1975567e747357 : 2 : ittapi_config_apply_per_lib :  ITTAPI function instrumented: __itt_counter_inc_delta
2783610 : 0x1975567e747a27 : 2 : ittapi_config_apply_per_lib :  ITTAPI function instrumented: __itt_counter_dec
2783610 : 0x1975567e748136 : 2 : ittapi_config_apply_per_lib :  ITTAPI function instrumented: __itt_counter_dec_delta
2783610 : 0x1975567e7487ff : 2 : ittapi_config_apply_per_lib :  ITTAPI function instrumented: __itt_counter_set_value
2783610 : 0x1975567e748f79 : 2 : ittapi_config_apply_per_lib :  ITTAPI function not implemented: __itt_counter_set_value_ex
2783610 : 0x1975567e7496cd : 2 : ittapi_config_apply_per_lib :  ITTAPI function not implemented: __itt_mark_create
2783610 : 0x1975567e749e94 : 2 : ittapi_config_apply_per_lib :  ITTAPI function not implemented: __itt_mark
2783610 : 0x1975567e74a649 : 2 : ittapi_config_apply_per_lib :  ITTAPI function not implemented: __itt_mark_off
2783610 : 0x1975567e74adbf : 2 : ittapi_config_apply_per_lib :  ITTAPI function not implemented: __itt_mark_global
2783610 : 0x1975567e74b530 : 2 : ittapi_config_apply_per_lib :  ITTAPI function not implemented: __itt_mark_global_off
2783610 : 0x1975567e74c991 : 2 : ittapi_config_apply_per_lib :  ITTAPI function instrumented: __itt_stack_caller_create
2783610 : 0x1975567e74d0ec : 2 : ittapi_config_apply_per_lib :  ITTAPI function instrumented: __itt_stack_caller_destroy
2783610 : 0x1975567e74d810 : 2 : ittapi_config_apply_per_lib :  ITTAPI function instrumented: __itt_stack_callee_enter
2783610 : 0x1975567e74de8e : 2 : ittapi_config_apply_per_lib :  ITTAPI function instrumented: __itt_stack_callee_leave
2783610 : 0x1975567e74e655 : 2 : ittapi_config_apply_per_lib :  ITTAPI function not implemented: __itt_clock_domain_create
2783610 : 0x1975567e74eded : 2 : ittapi_config_apply_per_lib :  ITTAPI function not implemented: __itt_clock_domain_reset
2783610 : 0x1975567e74f556 : 2 : ittapi_config_apply_per_lib :  ITTAPI function not implemented: __itt_id_create_ex
2783610 : 0x1975567e74fd07 : 2 : ittapi_config_apply_per_lib :  ITTAPI function not implemented: __itt_id_destroy_ex
2783610 : 0x1975567e7504ae : 2 : ittapi_config_apply_per_lib :  ITTAPI function not implemented: __itt_task_begin_ex
2783610 : 0x1975567e750c0f : 2 : ittapi_config_apply_per_lib :  ITTAPI function not implemented: __itt_task_begin_fn_ex
2783610 : 0x1975567e7520a4 : 2 : ittapi_config_apply_per_lib :  ITTAPI function not implemented: __itt_task_end_ex
2783610 : 0x1975567e752831 : 2 : ittapi_config_apply_per_lib :  ITTAPI function instrumented: __itt_task_begin_overlapped
2783610 : 0x1975567e752fed : 2 : ittapi_config_apply_per_lib :  ITTAPI function not implemented: __itt_task_begin_overlapped_ex
2783610 : 0x1975567e7536e3 : 2 : ittapi_config_apply_per_lib :  ITTAPI function instrumented: __itt_task_end_overlapped
2783610 : 0x1975567e753e3e : 2 : ittapi_config_apply_per_lib :  ITTAPI function not implemented: __itt_task_end_overlapped_ex
2783610 : 0x1975567e75459b : 2 : ittapi_config_apply_per_lib :  ITTAPI function not implemented: __itt_marker_ex
2783610 : 0x1975567e754d27 : 2 : ittapi_config_apply_per_lib :  ITTAPI function not implemented: __itt_metadata_add_with_scope
2783610 : 0x1975567e7554de : 2 : ittapi_config_apply_per_lib :  ITTAPI function not implemented: __itt_metadata_str_add_with_scope
2783610 : 0x1975567e755c60 : 2 : ittapi_config_apply_per_lib :  ITTAPI function not implemented: __itt_relation_add_to_current_ex
2783610 : 0x1975567e7563ce : 2 : ittapi_config_apply_per_lib :  ITTAPI function not implemented: __itt_relation_add_ex
2783610 : 0x1975567e7580da : 2 : ittapi_config_apply_per_lib :  ITTAPI function not implemented: __itt_track_group_create
2783610 : 0x1975567e75889c : 2 : ittapi_config_apply_per_lib :  ITTAPI function not implemented: __itt_track_create
2783610 : 0x1975567e759044 : 2 : ittapi_config_apply_per_lib :  ITTAPI function not implemented: __itt_set_track
2783610 : 0x1975567e759745 : 2 : ittapi_config_apply_per_lib :  ITTAPI function instrumented: __itt_api_version
2783610 : 0x1975567e759eac : 2 : ittapi_config_apply_per_lib :  ITTAPI function not implemented: __itt_av_save
2783610 : 0x1975567e75a5eb : 2 : ittapi_config_apply_per_lib :  ITTAPI function instrumented: __itt_module_load
2783610 : 0x1975567e75ad5e : 2 : ittapi_config_apply_per_lib :  ITTAPI function not implemented: __itt_module_unload