
2783522 : 0x197554eb59a6f0 : 1 : spill_jit_data :  Jit agent is not initialized
2783506 : 0x197554eb59d0d0 : 2 : ittapi_config_mask_get :  --itt-config mask to be applied: 55
2783506 : 0x197554eb59ec88 : 2 : ittapi_config_apply_per_lib :  ITTAPI function instrumented: __itt_domain_create
2783506 : 0x197554eb59f656 : 2 : ittapi_config_apply_per_lib :  ITTAPI function instrumented: __itt_module_load_with_sections
2783506 : 0x197554eb5a0319 : 2 : ittapi_config_apply_per_lib :  ITTAPI function not implemented: __itt_module_unload_with_sections
2783506 : 0x197554eb5a0bac : 2 : ittapi_config_apply_per_lib :  ITTAPI function instrumented: __itt_string_handle_create
2783506 : 0x197554eb5a1283 : 2 : ittapi_config_apply_per_lib :  ITTAPI function instrumented: __itt_counter_create
2783506 : 0x197554eb5a18b9 : 2 : ittapi_config_apply_per_lib :  ITTAPI function instrumented: __itt_counter_create_typed
2783506 : 0x197554eb5a212f : 2 : ittapi_config_apply_per_lib :  ITTAPI function instrumented: __itt_pause
2783506 : 0x197554eb5a2807 : 2 : ittapi_config_apply_per_lib :  ITTAPI function instrumented: __itt_resume
2783506 : 0x197554eb5a89b9 : 2 : ittapi_config_apply_per_lib :  ITTAPI function instrumented: __itt_thread_set_name
2783506 : 0x197554eb5a9191 : 2 : ittapi_config_apply_per_lib :  ITTAPI function instrumented: __itt_thread_ignore
2783506 : 0x197554eb5a9885 : 2 : ittapi_config_apply_per_lib :  ITTAPI function instrumented: __itt_thr_name_set
2783506 : 0x197554eb5a9f65 : 2 : ittapi_config_apply_per_lib :  ITTAPI function instrumented: __itt_thr_ignore
2783506 : 0x197554eb5aa950 : 2 : ittapi_config_apply_per_lib :  ITTAPI function not implemented: __itt_enable_attach
2783506 : 0x197554eb5ab066 : 2 : ittapi_config_apply_per_lib :  ITTAPI function instrumented: __itt_detach
2783506 : 0x197554eb5ab45c : 2 : ittapi_config_apply_per_lib :  ITTAPI function NOT instrumented (not matched by --itt-config option): __itt_sync_create

2783506 : 0x197554eb5ab8b9 : 2 : ittapi_config_apply_per_lib :  ITTAPI function NOT instrumented (not matched by --itt-config option): __itt_sync_rename

2783506 : 0x197554eb5abca5 : 2 : ittapi_config_apply_per_lib :  ITTAPI function NOT instrumented (not matched by --itt-config option): __itt_sync_destroy

2783506 : 0x197554eb5ac0dc : 2 : ittapi_config_apply_per_lib :  ITTAPI function NOT instrumented (not matched by --itt-config option): __itt_sync_prepare

2783506 : 0x197554eb5ad642 : 2 : ittapi_config_apply_per_lib :  ITTAPI function NOT instrumented (not matched by --itt-config option): __itt_sync_cancel

2783506 : 0x197554eb5ada15 : 2 : ittapi_config_apply_per_lib :  ITTAPI function NOT instrumented (not matched by --itt-config option): __itt_sync_acquired

2783506 : 0x197554eb5add5e : 2 : ittapi_config_apply_per_lib :  ITTAPI function NOT instrumented (not matched by --itt-config option): __itt_sync_releasing

2783506 : 0x197554eb5ae5ed : 2 : ittapi_config_apply_per_lib :  ITTAPI function not implemented: __itt_suppress_push
2783506 : 0x197554eb5aedfc : 2 : ittapi_config_apply_per_lib :  ITTAPI function not implemented: __itt_suppress_pop
2783506 : 0x197554eb5af558 : 2 : ittapi_config_apply_per_lib :  ITTAPI function not implemented: __itt_suppress_mark_range
2783506 : 0x197554eb5afcb2 : 2 : ittapi_config_apply_per_lib :  ITTAPI function not implemented: __itt_suppress_clear_range
2783506 : 0x197554eb5b0054 : 2 : ittapi_config_apply_per_lib :  ITTAPI function NOT instrumented (not matched by --itt-config option): __itt_sync_prepare

2783506 : 0x197554eb5b041c : 2 : ittapi_config_apply_per_lib :  ITTAPI function NOT instrumented (not matched by --itt-config option): __itt_sync_cancel

2783506 : 0x197554eb5b078a : 2 : ittapi_config_apply_per_lib :  ITTAPI function NOT instrumented (not matched by --itt-config option): __itt_sync_acquired

2783506 : 0x197554eb5b1830 : 2 : ittapi_config_apply_per_lib :  ITTAPI function NOT instrumented (not matched by --itt-config option): __itt_sync_releasing

2783506 : 0x197554eb5b1c3e : 2 : ittapi_config_apply_per_lib :  ITTAPI function NOT instrumented (not matched by --itt-config option): __itt_model_site_begin

2783506 : 0x197554eb5b1fe5 : 2 : ittapi_config_apply_per_lib :  ITTAPI function NOT instrumented (not matched by --itt-config option): __itt_model_site_end

2783506 : 0x197554eb5b2354 : 2 : ittapi_config_apply_per_lib :  ITTAPI function NOT instrumented (not matched by --itt-config option): __itt_model_task_begin

2783506 : 0x197554eb5b26cd : 2 : ittapi_config_apply_per_lib :  ITTAPI function NOT instrumented (not matched by --itt-config option): __itt_model_task_end

2783506 : 0x197554eb5b2a3b : 2 : ittapi_config_apply_per_lib :  ITTAPI function NOT instrumented (not matched by --itt-config option): __itt_model_lock_acquire

2783506 : 0x197554eb5b2e5d : 2 : ittapi_config_apply_per_lib :  ITTAPI function NOT instrumented (not matched by --itt-config option): __itt_model_lock_release

2783506 : 0x197554eb5b31bc : 2 : ittapi_config_apply_per_lib :  ITTAPI function NOT instrumented (not matched by --itt-config option): __itt_model_record_allocation

2783506 : 0x197554eb5b34f8 : 2 : ittapi_config_apply_per_lib :  ITTAPI function NOT instrumented (not matched by --itt-config option): __itt_model_record_deallocation

2783506 : 0x197554eb5b3838 : 2 : ittapi_config_apply_per_lib :  ITTAPI function NOT instrumented (not matched by --itt-config option): __itt_model_induction_uses

2783506 : 0x197554eb5b5758 : 2 : ittapi_config_apply_per_lib :  ITTAPI function NOT instrumented (not matched by --itt-config option): __itt_model_reduction_uses

2783506 : 0x197554eb5b5b2e : 2 : ittapi_config_apply_per_lib :  ITTAPI function NOT instrumented (not matched by --itt-config option): __itt_model_observe_uses

2783506 : 0x197554eb5b5ebd : 2 : ittapi_config_apply_per_lib :  ITTAPI function NOT instrumented (not matched by --itt-config option): __itt_model_clear_uses

2783506 : 0x197554eb5b625a : 2 : ittapi_config_apply_per_lib :  ITTAPI function NOT instrumented (not matched by --itt-config option): __itt_model_site_beginA

2783506 : 0x197554eb5b6616 : 2 : ittapi_config_apply_per_lib :  ITTAPI function NOT instrumented (not matched by --itt-config option): __itt_model_site_beginAL

2783506 : 0x197554eb5b6993 : 2 : ittapi_config_apply_per_lib :  ITTAPI function NOT instrumented (not matched by --itt-config option): __itt_model_task_beginA

2783506 : 0x197554eb5b6d0f : 2 : ittapi_config_apply_per_lib :  ITTAPI function NOT instrumented (not matched by --itt-config option): __itt_model_task_beginAL

2783506 : 0x197554eb5b706f : 2 : ittapi_config_apply_per_lib :  ITTAPI function NOT instrumented (not matched by --itt-config option): __itt_model_iteration_taskA

2783506 : 0x197554eb5b73af : 2 : ittapi_config_apply_per_lib :  ITTAPI function NOT instrumented (not matched by --itt-config option): __itt_model_iteration_taskAL

2783506 : 0x197554eb5b76ea : 2 : ittapi_config_apply_per_lib :  ITTAPI function NOT instrumented (not matched by --itt-config option): __itt_model_site_end_2

2783506 : 0x197554eb5b8794 : 2 : ittapi_config_apply_per_lib :  ITTAPI function NOT instrumented (not matched by --itt-config option): __itt_model_task_end_2

2783506 : 0x197554eb5b8afc : 2 : ittapi_config_apply_per_lib :  ITTAPI function NOT instrumented (not matched by --itt-config option): __itt_model_lock_acquire_2

2783506 : 0x197554eb5b8e9b : 2 : ittapi_config_apply_per_lib :  ITTAPI function NOT instrumented (not matched by --itt-config option): __itt_model_lock_release_2

2783506 : 0x197554eb5b9211 : 2 : ittapi_config_apply_per_lib :  ITTAPI function NOT instrumented (not matched by --itt-config option): __itt_model_aggregate_task

2783506 : 0x197554eb5b9579 : 2 : ittapi_config_apply_per_lib :  ITTAPI function NOT instrumented (not matched by --itt-config option): __itt_model_disable_push

2783506 : 0x197554eb5b98c7 : 2 : ittapi_config_apply_per_lib :  ITTAPI function NOT instrumented (not matched by --itt-config option): __itt_model_disable_pop

2783506 : 0x197554eb5ba024 : 2 : ittapi_config_apply_per_lib :  ITTAPI function instrumented: __itt_heap_function_create
2783506 : 0x197554eb5ba715 : 2 : ittapi_config_apply_per_lib :  ITTAPI function instrumented: __itt_heap_allocate_begin
2783506 : 0x197554eb5bad9a : 2 : ittapi_config_apply_per_lib :  ITTAPI function instrumented: __itt_heap_allocate_end
2783506 : 0x197554eb5bb451 : 2 : ittapi_config_apply_per_lib :  ITTAPI function instrumented: __itt_heap_free_begin
2783506 : 0x197554eb5bd0ab : 2 : ittapi_config_apply_per_lib :  ITTAPI function instrumented: __itt_heap_free_end
2783506 : 0x197554eb5bd78b : 2 : ittapi_config_apply_per_lib :  ITTAPI function instrumented: __itt_heap_reallocate_begin
2783506 : 0x197554eb5bddd1 : 2 : ittapi_config_apply_per_lib :  ITTAPI function instrumented: __itt_heap_reallocate_end
2783506 : 0x197554eb5be5ac : 2 : ittapi_config_apply_per_lib :  ITTAPI function not implemented: __itt_heap_internal_access_begin
2783506 : 0x197554eb5becf9 : 2 : ittapi_config_apply_per_lib :  ITTAPI function not implemented: __itt_heap_internal_access_end
2783506 : 0x197554eb5bf42c : 2 : ittapi_config_apply_per_lib :  ITTAPI function not implemented: __itt_heap_record_memory_growth_begin
2783506 : 0x197554eb5bfb62 : 2 : ittapi_config_apply_per_lib :  ITTAPI function not implemented: __itt_heap_record_memory_growth_end
2783506 : 0x197554eb5c02ff : 2 : ittapi_config_apply_per_lib :  ITTAPI function not implemented: __itt_heap_reset_detection
2783506 : 0x197554eb5c0b34 : 2 : ittapi_config_apply_per_lib :  ITTAPI function not implemented: __itt_heap_record
2783506 : 0x197554eb5c127c : 2 : ittapi_config_apply_per_lib :  ITTAPI function not implemented: __itt_id_create
2783506 : 0x197554eb5c277c : 2 : ittapi_config_apply_per_lib :  ITTAPI function not implemented: __itt_id_destroy
2783506 : 0x197554eb5c2e49 : 2 : ittapi_config_apply_per_lib :  ITTAPI function instrumented: __itt_get_timestamp
2783506 : 0x197554eb5c3507 : 2 : ittapi_config_apply_per_lib :  ITTAPI function not implemented: __itt_region_begin
2783506 : 0x197554eb5c3c8b : 2 : ittapi_config_apply_per_lib :  ITTAPI function not implemented: __itt_region_end
2783506 : 0x197554eb5c431a : 2 : ittapi_config_apply_per_lib :  ITTAPI function instrumented: __itt_frame_begin_v3
2783506 : 0x197554eb5c4c27 : 2 : ittapi_config_apply_per_lib :  ITTAPI function instrumented: __itt_frame_end_v3
2783506 : 0x197554eb5c52d4 : 2 : ittapi_config_apply_per_lib :  ITTAPI function instrumented: __itt_frame_submit_v3
2783506 : 0x197554eb5c5a43 : 2 : ittapi_config_apply_per_lib :  ITTAPI function not implemented: __itt_task_group
2783506 : 0x197554eb5c61b5 : 2 : ittapi_config_apply_per_lib :  ITTAPI function instrumented: __itt_task_begin
2783506 : 0x197554eb5c688b : 2 : ittapi_config_apply_per_lib :  ITTAPI function instrumented: __itt_task_begin_fn
2783506 : 0x197554eb5c7c6f : 2 : ittapi_config_apply_per_lib :  ITTAPI function instrumented: __itt_task_end
2783506 : 0x197554eb5c8488 : 2 : ittapi_config_apply_per_lib :  ITTAPI function not implemented: __itt_counter_inc_v3
2783506 : 0x197554eb5c8c3e : 2 : ittapi_config_apply_per_lib :  ITTAPI function not implemented: __itt_counter_inc_delta_v3
2783506 : 0x197554eb5c93a0 : 2 : ittapi_config_apply_per_lib :  ITTAPI function not implemented: __itt_counter_dec_v3
2783506 : 0x197554eb5c9abf : 2 : ittapi_config_apply_per_lib :  ITTAPI function not implemented: __itt_counter_dec_delta_v3
2783506 : 0x197554eb5ca220 : 2 : ittapi_config_apply_per_lib :  ITTAPI function not implemented: __itt_marker
2783506 : 0x197554eb5ca8c8 : 2 : ittapi_config_apply_per_lib :  ITTAPI function instrumented: __itt_metadata_add
2783506 : 0x197554eb5cb055 : 2 : ittapi_config_apply_per_lib :  ITTAPI function not implemented: __itt_metadata_str_add
2783506 : 0x197554eb5cb6e4 : 2 : ittapi_config_apply_per_lib :  ITTAPI function not implemented: __itt_relation_add_to_current
2783506 : 0x197554eb5cbdf2 : 2 : ittapi_config_apply_per_lib :  ITTAPI function not implemented: __itt_relation_add
2783506 : 0x197554eb5cd27e : 2 : ittapi_config_apply_per_lib :  ITTAPI function instrumented: __itt_event_create
2783506 : 0x197554eb5cd9a9 : 2 : ittapi_config_apply_per_lib :  ITTAPI function instrumented: __itt_event_start
2783506 : 0x197554eb5ce062 : 2 : ittapi_config_apply_per_lib :  ITTAPI function instrumented: __itt_event_end
2783506 : 0x197554eb5ce3fa : 2 : ittapi_config_apply_per_lib :  ITTAPI function NOT instrumented (not matched by --itt-config option): __itt_sync_set_name

2783506 : 0x197554eb5ce7eb : 2 : ittapi_config_apply_per_lib :  ITTAPI function NOT instrumented (not matched by --itt-config option): __itt_notify_sync_name

2783506 : 0x197554eb5cebb3 : 2 : ittapi_config_apply_per_lib :  ITTAPI function NOT instrumented (not matched by --itt-config option): __itt_notify_sync_prepare

2783506 : 0x197554eb5cef43 : 2 : ittapi_config_apply_per_lib :  ITTAPI function NOT instrumented (not matched by --itt-config option): __itt_notify_sync_cancel

2783506 : 0x197554eb5cf2b6 : 2 : ittapi_config_apply_per_lib :  ITTAPI function NOT instrumented (not matched by --itt-config option): __itt_notify_sync_acquired

2783506 : 0x197554eb5cf61b : 2 : ittapi_config_apply_per_lib :  ITTAPI function NOT instrumented (not matched by --itt-config option): __itt_notify_sync_releasing

2783506 : 0x197554eb5cfd6f : 2 : ittapi_config_apply_per_lib :  ITTAPI function not implemented: __itt_memory_read
2783506 : 0x197554eb5d19bc : 2 : ittapi_config_apply_per_lib :  ITTAPI function not implemented: __itt_memory_write
2783506 : 0x197554eb5d20a8 : 2 : ittapi_config_apply_per_lib :  ITTAPI function not implemented: __itt_memory_update
2783506 : 0x197554eb5d2823 : 2 : ittapi_config_apply_per_lib :  ITTAPI function not implemented: __itt_state_get
2783506 : 0x197554eb5d2ed8 : 2 : ittapi_config_apply_per_lib :  ITTAPI function not implemented: __itt_state_set
2783506 : 0x197554eb5d3624 : 2 : ittapi_config_apply_per_lib :  ITTAPI function not implemented: __itt_obj_mode_set
2783506 : 0x197554eb5d3d5b : 2 : ittapi_config_apply_per_lib :  ITTAPI function not implemented: __itt_thr_mode_set
2783506 : 0x197554eb5d43bd : 2 : ittapi_config_apply_per_lib :  ITTAPI function instrumented: __itt_frame_create
2783506 : 0x197554eb5d4a2c : 2 : ittapi_config_apply_per_lib :  ITTAPI function instrumented: __itt_pt_region_create
2783506 : 0x197554eb5d5097 : 2 : ittapi_config_apply_per_lib :  ITTAPI function instrumented: __itt_frame_begin
2783506 : 0x197554eb5d573f : 2 : ittapi_config_apply_per_lib :  ITTAPI function instrumented: __itt_frame_end
2783506 : 0x197554eb5d6c3b : 2 : ittapi_config_apply_per_lib :  ITTAPI function not implemented: __itt_counter_destroy
2783506 : 0x197554eb5d7309 : 2 : ittapi_config_apply_per_lib :  ITTAPI function instrumented: __itt_counter_inc
2783506 : 0x197554eb5d79c4 : 2 : ittapi_config_apply_per_lib :  ITTAPI function instrumented: __itt_counter_inc_delta
2783506 : 0x197554eb5d8014 : 2 : ittapi_config_apply_per_lib :  ITTAPI function instrumented: __itt_counter_dec
2783506 : 0x197554eb5d86e8 : 2 : ittapi_config_apply_per_lib :  ITTAPI function instrumented: __itt_counter_dec_delta
2783506 : 0x197554eb5d8d50 : 2 : ittapi_config_apply_per_lib :  ITTAPI function instrumented: __itt_counter_set_value
2783506 : 0x197554eb5d945f : 2 : ittapi_config_apply_per_lib :  ITTAPI function not implemented: __itt_counter_set_value_ex
2783506 : 0x197554eb5d9b42 : 2 : ittapi_config_apply_per_lib :  ITTAPI function not implemented: __itt_mark_create
2783506 : 0x197554eb5da2a6 : 2 : ittapi_config_apply_per_lib :  ITTAPI function not implemented: __itt_mark
2783506 : 0x197554eb5daa2b : 2 : ittapi_config_apply_per_lib :  ITTAPI function not implemented: __itt_mark_off
2783506 : 0x197554eb5dbe19 : 2 : ittapi_config_apply_per_lib :  ITTAPI function not implemented: __itt_mark_global
2783506 : 0x197554eb5dc52e : 2 : ittapi_config_apply_per_lib :  ITTAPI function not implemented: __itt_mark_global_off
2783506 : 0x197554eb5dcc8f : 2 : ittapi_config_apply_per_lib :  ITTAPI function instrumented: __itt_stack_caller_create
2783506 : 0x197554eb5dd373 : 2 : ittapi_config_apply_per_lib :  ITTAPI function instrumented: __itt_stack_caller_destroy
2783506 : 0x197554eb5dda65 : 2 : ittapi_config_apply_per_lib :  ITTAPI function instrumented: __itt_stack_callee_enter
2783506 : 0x197554eb5de0b6 : 2 : ittapi_config_apply_per_lib :  ITTAPI function instrumented: __itt_stack_callee_leave
2783506 : 0x197554eb5de7db : 2 : ittapi_config_apply_per_lib :  ITTAPI function not implemented: __itt_clock_domain_create
2783506 : 0x197554eb5def21 : 2 : ittapi_config_apply_per_lib :  ITTAPI function not implemented: __itt_clock_domain_reset
2783506 : 0x197554eb5df60a : 2 : ittapi_config_apply_per_lib :  ITTAPI function not implemented: __itt_id_create_ex
2783506 : 0x197554eb5dfd0d : 2 : ittapi_config_apply_per_lib :  ITTAPI function not implemented: __itt_id_destroy_ex
2783506 : 0x197554eb5e190a : 2 : ittapi_config_apply_per_lib :  ITTAPI function not implemented: __itt_task_begin_ex
2783506 : 0x197554eb5e200c : 2 : ittapi_config_apply_per_lib :  ITTAPI function not implemented: __itt_task_begin_fn_ex
2783506 : 0x197554eb5e2719 : 2 : ittapi_config_apply_per_lib :  ITTAPI function not implemented: __itt_task_end_ex
2783506 : 0x197554eb5e2e09 : 2 : ittapi_config_apply_per_lib :  ITTAPI function instrumented: __itt_task_begin_overlapped
2783506 : 0x197554eb5e350d : 2 : ittapi_config_apply_per_lib :  ITTAPI function not implemented: __itt_task_begin_overlapped_ex
2783506 : 0x197554eb5e3bbb : 2 : ittapi_config_apply_per_lib :  ITTAPI function instrumented: __itt_task_end_overlapped
2783506 : 0x197554eb5e42c5 : 2 : ittapi_config_apply_per_lib :  ITTAPI function not implemented: __itt_task_end_overlapped_ex
2783506 : 0x197554eb5e495b : 2 : ittapi_config_apply_per_lib :  ITTAPI function not implemented: __itt_marker_ex
2783506 : 0x197554eb5e510b : 2 : ittapi_config_apply_per_lib :  ITTAPI function not implemented: __itt_metadata_add_with_scope
2783506 : 0x197554eb5e58a5 : 2 : ittapi_config_apply_per_lib :  ITTAPI function not implemented: __itt_metadata_str_add_with_scope
2783506 : 0x197554eb5e6d20 : 2 : ittapi_config_apply_per_lib :  ITTAPI function not implemented: __itt_relation_add_to_current_ex
2783506 : 0x197554eb5e73fd : 2 : ittapi_config_apply_per_lib :  ITTAPI function not implemented: __itt_relation_add_ex
2783506 : 0x197554eb5e7b5b : 2 : ittapi_config_apply_per_lib :  ITTAPI function not implemented: __itt_track_group_create
2783506 : 0x197554eb5e81f9 : 2 : ittapi_config_apply_per_lib :  ITTAPI function not implemented: __itt_track_create
2783506 : 0x197554eb5e88e1 : 2 : ittapi_config_apply_per_lib :  ITTAPI function not implemented: __itt_set_track
2783506 : 0x197554eb5e8f62 : 2 : ittapi_config_apply_per_lib :  ITTAPI function instrumented: __itt_api_version
2783506 : 0x197554eb5e964e : 2 : ittapi_config_apply_per_lib :  ITTAPI function not implemented: __itt_av_save
2783506 : 0x197554eb5e9d26 : 2 : ittapi_config_apply_per_lib :  ITTAPI function instrumented: __itt_module_load
2783506 : 0x197554eb5ea439 : 2 : ittapi_config_apply_per_lib :  ITTAPI function not implemented: __itt_module_unload
2783506 : 0x197554eb63104b : 2 : ittapi_config_mask_get :  --itt-config mask to be applied: 55
2783506 : 0x197554eb633146 : 2 : ittapi_config_apply_per_lib :  ITTAPI function instrumented: __itt_domain_create
2783506 : 0x197554eb6339d7 : 2 : ittapi_config_apply_per_lib :  ITTAPI function instrumented: __itt_module_load_with_sections
2783506 : 0x197554eb6342d3 : 2 : ittapi_config_apply_per_lib :  ITTAPI function not implemented: __itt_module_unload_with_sections
2783506 : 0x197554eb6349e3 : 2 : ittapi_config_apply_per_lib :  ITTAPI function instrumented: __itt_string_handle_create
2783506 : 0x197554eb635085 : 2 : ittapi_config_apply_per_lib :  ITTAPI function instrumented: __itt_counter_create
2783506 : 0x197554eb6356c1 : 2 : ittapi_config_apply_per_lib :  ITTAPI function instrumented: __itt_counter_create_typed
2783506 : 0x197554eb635e0b : 2 : ittapi_config_apply_per_lib :  ITTAPI function instrumented: __itt_pause
2783506 : 0x197554eb6364d8 : 2 : ittapi_config_apply_per_lib :  ITTAPI function instrumented: __itt_resume
2783506 : 0x197554eb636b0b : 2 : ittapi_config_apply_per_lib :  ITTAPI function instrumented: __itt_thread_set_name
2783506 : 0x197554eb637235 : 2 : ittapi_config_apply_per_lib :  ITTAPI function instrumented: __itt_thread_ignore
2783506 : 0x197554eb639233 : 2 : ittapi_config_apply_per_lib :  ITTAPI function instrumented: __itt_thr_name_set
2783506 : 0x197554eb63990f : 2 : ittapi_config_apply_per_lib :  ITTAPI function instrumented: __itt_thr_ignore
2783506 : 0x197554eb63a16d : 2 : ittapi_config_apply_per_lib :  ITTAPI function not implemented: __itt_enable_attach
2783506 : 0x197554eb63a833 : 2 : ittapi_config_apply_per_lib :  ITTAPI function instrumented: __itt_detach
2783506 : 0x197554eb63abf5 : 2 : ittapi_config_apply_per_lib :  ITTAPI function NOT instrumented (not matched by --itt-config option): __itt_sync_create

2783506 : 0x197554eb63aff2 : 2 : ittapi_config_apply_per_lib :  ITTAPI function NOT instrumented (not matched by --itt-config option): __itt_sync_rename

2783506 : 0x197554eb63b3d6 : 2 : ittapi_config_apply_per_lib :  ITTAPI function NOT instrumented (not matched by --itt-config option): __itt_sync_destroy

2783506 : 0x197554eb63b7b2 : 2 : ittapi_config_apply_per_lib :  ITTAPI function NOT instrumented (not matched by --itt-config option): __itt_sync_prepare

2783506 : 0x197554eb63bb2c : 2 : ittapi_config_apply_per_lib :  ITTAPI function NOT instrumented (not matched by --itt-config option): __itt_sync_cancel

2783506 : 0x197554eb63be88 : 2 : ittapi_config_apply_per_lib :  ITTAPI function NOT instrumented (not matched by --itt-config option): __itt_sync_acquired

2783506 : 0x197554eb63cf2c : 2 : ittapi_config_apply_per_lib :  ITTAPI function NOT instrumented (not matched by --itt-config option): __itt_sync_releasing

2783506 : 0x197554eb63d74d : 2 : ittapi_config_apply_per_lib :  ITTAPI function not implemented: __itt_suppress_push
2783506 : 0x197554eb63df4b : 2 : ittapi_config_apply_per_lib :  ITTAPI function not implemented: __itt_suppress_pop
2783506 : 0x197554eb63e693 : 2 : ittapi_config_apply_per_lib :  ITTAPI function not implemented: __itt_suppress_mark_range
2783506 : 0x197554eb63ede6 : 2 : ittapi_config_apply_per_lib :  ITTAPI function not implemented: __itt_suppress_clear_range
2783506 : 0x197554eb63f188 : 2 : ittapi_config_apply_per_lib :  ITTAPI function NOT instrumented (not matched by --itt-config option): __itt_sync_prepare

2783506 : 0x197554eb63f509 : 2 : ittapi_config_apply_per_lib :  ITTAPI function NOT instrumented (not matched by --itt-config option): __itt_sync_cancel

2783506 : 0x197554eb63f86d : 2 : ittapi_config_apply_per_lib :  ITTAPI function NOT instrumented (not matched by --itt-config option): __itt_sync_acquired

2783506 : 0x197554eb63fbdf : 2 : ittapi_config_apply_per_lib :  ITTAPI function NOT instrumented (not matched by --itt-config option): __itt_sync_releasing

2783506 : 0x197554eb640013 : 2 : ittapi_config_apply_per_lib :  ITTAPI function NOT instrumented (not matched by --itt-config option): __itt_model_site_begin

2783506 : 0x197554eb6410d0 : 2 : ittapi_config_apply_per_lib :  ITTAPI function NOT instrumented (not matched by --itt-config option): __itt_model_site_end

2783506 : 0x197554eb6415d3 : 2 : ittapi_config_apply_per_lib :  ITTAPI function NOT instrumented (not matched by --itt-config option): __itt_model_task_begin

2783506 : 0x197554eb641959 : 2 : ittapi_config_apply_per_lib :  ITTAPI function NOT instrumented (not matched by --itt-config option): __itt_model_task_end

2783506 : 0x197554eb641ccf : 2 : ittapi_config_apply_per_lib :  ITTAPI function NOT instrumented (not matched by --itt-config option): __itt_model_lock_acquire

2783506 : 0x197554eb64208a : 2 : ittapi_config_apply_per_lib :  ITTAPI function NOT instrumented (not matched by --itt-config option): __itt_model_lock_release

2783506 : 0x197554eb6423e2 : 2 : ittapi_config_apply_per_lib :  ITTAPI function NOT instrumented (not matched by --itt-config option): __itt_model_record_allocation

2783506 : 0x197554eb64272f : 2 : ittapi_config_apply_per_lib :  ITTAPI function NOT instrumented (not matched by --itt-config option): __itt_model_record_deallocation

2783506 : 0x197554eb642abf : 2 : ittapi_config_apply_per_lib :  ITTAPI function NOT instrumented (not matched by --itt-config option): __itt_model_induction_uses

2783506 : 0x197554eb642e47 : 2 : ittapi_config_apply_per_lib :  ITTAPI function NOT instrumented (not matched by --itt-config option): __itt_model_reduction_uses

2783506 : 0x197554eb643216 : 2 : ittapi_config_apply_per_lib :  ITTAPI function NOT instrumented (not matched by --itt-config option): __itt_model_observe_uses

2783506 : 0x197554eb644cf1 : 2 : ittapi_config_apply_per_lib :  ITTAPI function NOT instrumented (not matched by --itt-config option): __itt_model_clear_uses

2783506 : 0x197554eb64509d : 2 : ittapi_config_apply_per_lib :  ITTAPI function NOT instrumented (not matched by --itt-config option): __itt_model_site_beginA

2783506 : 0x197554eb645412 : 2 : ittapi_config_apply_per_lib :  ITTAPI function NOT instrumented (not matched by --itt-config option): __itt_model_site_beginAL

2783506 : 0x197554eb645781 : 2 : ittapi_config_apply_per_lib :  ITTAPI function NOT instrumented (not matched by --itt-config option): __itt_model_task_beginA

2783506 : 0x197554eb645af2 : 2 : ittapi_config_apply_per_lib :  ITTAPI function NOT instrumented (not matched by --itt-config option): __itt_model_task_beginAL

2783506 : 0x197554eb645e8f : 2 : ittapi_config_apply_per_lib :  ITTAPI function NOT instrumented (not matched by --itt-config option): __itt_model_iteration_taskA

2783506 : 0x197554eb6461d4 : 2 : ittapi_config_apply_per_lib :  ITTAPI function NOT instrumented (not matched by --itt-config option): __itt_model_iteration_taskAL

2783506 : 0x197554eb646508 : 2 : ittapi_config_apply_per_lib :  ITTAPI function NOT instrumented (not matched by --itt-config option): __itt_model_site_end_2

2783506 : 0x197554eb646878 : 2 : ittapi_config_apply_per_lib :  ITTAPI function NOT instrumented (not matched by --itt-config option): __itt_model_task_end_2

2783506 : 0x197554eb646baf : 2 : ittapi_config_apply_per_lib :  ITTAPI function NOT instrumented (not matched by --itt-config option): __itt_model_lock_acquire_2

2783506 : 0x197554eb647b7f : 2 : ittapi_config_apply_per_lib :  ITTAPI function NOT instrumented (not matched by --itt-config option): __itt_model_lock_release_2

2783506 : 0x197554eb647f23 : 2 : ittapi_config_apply_per_lib :  ITTAPI function NOT instrumented (not matched by --itt-config option): __itt_model_aggregate_task

2783506 : 0x197554eb648288 : 2 : ittapi_config_apply_per_lib :  ITTAPI function NOT instrumented (not matched by --itt-config option): __itt_model_disable_push

2783506 : 0x197554eb648615 : 2 : ittapi_config_apply_per_lib :  ITTAPI function NOT instrumented (not matched by --itt-config option): __itt_model_disable_pop

2783506 : 0x197554eb649f13 : 2 : ittapi_config_apply_per_lib :  ITTAPI function instrumented: __itt_heap_function_create
2783506 : 0x197554eb64a69d : 2 : ittapi_config_apply_per_lib :  ITTAPI function instrumented: __itt_heap_allocate_begin
2783506 : 0x197554eb64ad1e : 2 : ittapi_config_apply_per_lib :  ITTAPI function instrumented: __itt_heap_allocate_end
2783506 : 0x197554eb64b380 : 2 : ittapi_config_apply_per_lib :  ITTAPI function instrumented: __itt_heap_free_begin
2783506 : 0x197554eb64b9c0 : 2 : ittapi_config_apply_per_lib :  ITTAPI function instrumented: __itt_heap_free_end
2783506 : 0x197554eb64c0b0 : 2 : ittapi_config_apply_per_lib :  ITTAPI function instrumented: __itt_heap_reallocate_begin
2783506 : 0x197554eb64dca7 : 2 : ittapi_config_apply_per_lib :  ITTAPI function instrumented: __itt_heap_reallocate_end
2783506 : 0x197554eb64e4be : 2 : ittapi_config_apply_per_lib :  ITTAPI function not implemented: __itt_heap_internal_access_begin
2783506 : 0x197554eb64ebfc : 2 : ittapi_config_apply_per_lib :  ITTAPI function not implemented: __itt_heap_internal_access_end
2783506 : 0x197554eb64f31c : 2 : ittapi_config_apply_per_lib :  ITTAPI function not implemented: __itt_heap_record_memory_growth_begin
2783506 : 0x197554eb64fa7a : 2 : ittapi_config_apply_per_lib :  ITTAPI function not implemented: __itt_heap_record_memory_growth_end
2783506 : 0x197554eb6501ed : 2 : ittapi_config_apply_per_lib :  ITTAPI function not implemented: __itt_heap_reset_detection
2783506 : 0x197554eb650946 : 2 : ittapi_config_apply_per_lib :  ITTAPI function not implemented: __itt_heap_record
2783506 : 0x197554eb65106f : 2 : ittapi_config_apply_per_lib :  ITTAPI function not implemented: __itt_id_create
2783506 : 0x197554eb6517c2 : 2 : ittapi_config_apply_per_lib :  ITTAPI function not implemented: __itt_id_destroy
2783506 : 0x197554eb651e2f : 2 : ittapi_config_apply_per_lib :  ITTAPI function instrumented: __itt_get_timestamp
2783506 : 0x197554eb653ba1 : 2 : ittapi_config_apply_per_lib :  ITTAPI function not implemented: __itt_region_begin
2783506 : 0x197554eb6542fb : 2 : ittapi_config_apply_per_lib :  ITTAPI function not implemented: __itt_region_end
2783506 : 0x197554eb6549a8 : 2 : ittapi_config_apply_per_lib :  ITTAPI function instrumented: __itt_frame_begin_v3
2783506 : 0x197554eb6550c1 : 2 : ittapi_config_apply_per_lib :  ITTAPI function instrumented: __itt_frame_end_v3
2783506 : 0x197554eb65577c : 2 : ittapi_config_apply_per_lib :  ITTAPI function instrumented: __itt_frame_submit_v3
2783506 : 0x197554eb655ed3 : 2 : ittapi_config_apply_per_lib :  ITTAPI function not implemented: __itt_task_group
2783506 : 0x197554eb656626 : 2 : ittapi_config_apply_per_lib :  ITTAPI function instrumented: __itt_task_begin
2783506 : 0x197554eb656ceb : 2 : ittapi_config_apply_per_lib :  ITTAPI function instrumented: __itt_task_begin_fn
2783506 : 0x197554eb6573bc : 2 : ittapi_config_apply_per_lib :  ITTAPI function instrumented: __itt_task_end
2783506 : 0x197554eb657b56 : 2 : ittapi_config_apply_per_lib :  ITTAPI function not implemented: __itt_counter_inc_v3
2783506 : 0x197554eb65904a : 2 : ittapi_config_apply_per_lib :  ITTAPI function not implemented: __itt_counter_inc_delta_v3
2783506 : 0x197554eb6597d2 : 2 : ittapi_config_apply_per_lib :  ITTAPI function not implemented: __itt_counter_dec_v3
2783506 : 0x197554eb659ed3 : 2 : ittapi_config_apply_per_lib :  ITTAPI function not implemented: __itt_counter_dec_delta_v3
2783506 : 0x197554eb65a61e : 2 : ittapi_config_apply_per_lib :  ITTAPI function not implemented: __itt_marker
2783506 : 0x197554eb65ad29 : 2 : ittapi_config_apply_per_lib :  ITTAPI function instrumented: __itt_metadata_add
2783506 : 0x197554eb65b4b3 : 2 : ittapi_config_apply_per_lib :  ITTAPI function not implemented: __itt_metadata_str_add
2783506 : 0x197554eb65bb95 : 2 : ittapi_config_apply_per_lib :  ITTAPI function not implemented: __itt_relation_add_to_current
2783506 : 0x197554eb65c2da : 2 : ittapi_config_apply_per_lib :  ITTAPI function not implemented: __itt_relation_add
2783506 : 0x197554eb65c93b : 2 : ittapi_config_apply_per_lib :  ITTAPI function instrumented: __itt_event_create
2783506 : 0x197554eb65cffa : 2 : ittapi_config_apply_per_lib :  ITTAPI function instrumented: __itt_event_start
2783506 : 0x197554eb65e3e2 : 2 : ittapi_config_apply_per_lib :  ITTAPI function instrumented: __itt_event_end
2783506 : 0x197554eb65e7a1 : 2 : ittapi_config_apply_per_lib :  ITTAPI function NOT instrumented (not matched by --itt-config option): __itt_sync_set_name

2783506 : 0x197554eb65eb5d : 2 : ittapi_config_apply_per_lib :  ITTAPI function NOT instrumented (not matched by --itt-config option): __itt_notify_sync_name

2783506 : 0x197554eb65ef0b : 2 : ittapi_config_apply_per_lib :  ITTAPI function NOT instrumented (not matched by --itt-config option): __itt_notify_sync_prepare

2783506 : 0x197554eb65f2a0 : 2 : ittapi_config_apply_per_lib :  ITTAPI function NOT instrumented (not matched by --itt-config option): __itt_notify_sync_cancel

2783506 : 0x197554eb65f618 : 2 : ittapi_config_apply_per_lib :  ITTAPI function NOT instrumented (not matched by --itt-config option): __itt_notify_sync_acquired

2783506 : 0x197554eb65f972 : 2 : ittapi_config_apply_per_lib :  ITTAPI function NOT instrumented (not matched by --itt-config option): __itt_notify_sync_releasing

2783506 : 0x197554eb660081 : 2 : ittapi_config_apply_per_lib :  ITTAPI function not implemented: __itt_memory_read
2783506 : 0x197554eb66079a : 2 : ittapi_config_apply_per_lib :  ITTAPI function not implemented: __itt_memory_write
2783506 : 0x197554eb660e73 : 2 : ittapi_config_apply_per_lib :  ITTAPI function not implemented: __itt_memory_update
2783506 : 0x197554eb662af9 : 2 : ittapi_config_apply_per_lib :  ITTAPI function not implemented: __itt_state_get
2783506 : 0x197554eb6631e7 : 2 : ittapi_config_apply_per_lib :  ITTAPI function not implemented: __itt_state_set
2783506 : 0x197554eb663922 : 2 : ittapi_config_apply_per_lib :  ITTAPI function not implemented: __itt_obj_mode_set
2783506 : 0x197554eb66403f : 2 : ittapi_config_apply_per_lib :  ITTAPI function not implemented: __itt_thr_mode_set
2783506 : 0x197554eb664696 : 2 : ittapi_config_apply_per_lib :  ITTAPI function instrumented: __itt_frame_create
2783506 : 0x197554eb664d07 : 2 : ittapi_config_apply_per_lib :  ITTAPI function instrumented: __itt_pt_region_create
2783506 : 0x197554eb66538e : 2 : ittapi_config_apply_per_lib :  ITTAPI function instrumented: __itt_frame_begin
2783506 : 0x197554eb665a33 : 2 : ittapi_config_apply_per_lib :  ITTAPI function instrumented: __itt_frame_end
2783506 : 0x197554eb6661dc : 2 : ittapi_config_apply_per_lib :  ITTAPI function not implemented: __itt_counter_destroy
2783506 : 0x197554eb6668c2 : 2 : ittapi_config_apply_per_lib :  ITTAPI function instrumented: __itt_counter_inc
2783506 : 0x197554eb667d1c : 2 : ittapi_config_apply_per_lib :  ITTAPI function instrumented: __itt_counter_inc_delta
2783506 : 0x197554eb66836c : 2 : ittapi_config_apply_per_lib :  ITTAPI function instrumented: __itt_counter_dec
2783506 : 0x197554eb6689fa : 2 : ittapi_config_apply_per_lib :  ITTAPI function instrumented: __itt_counter_dec_delta
2783506 : 0x197554eb669076 : 2 : ittapi_config_apply_per_lib :  ITTAPI function instrumented: __itt_counter_set_value
2783506 : 0x197554eb6697a6 : 2 : ittapi_config_apply_per_lib :  ITTAPI function not implemented: __itt_counter_set_value_ex
2783506 : 0x197554eb669e67 : 2 : ittapi_config_apply_per_lib :  ITTAPI function not implemented: __itt_mark_create
2783506 : 0x197554eb66a5a4 : 2 : ittapi_config_apply_per_lib :  ITTAPI function not implemented: __itt_mark
2783506 : 0x197554eb66acc4 : 2 : ittapi_config_apply_per_lib :  ITTAPI function not implemented: __itt_mark_off
2783506 : 0x197554eb66b382 : 2 : ittapi_config_apply_per_lib :  ITTAPI function not implemented: __itt_mark_global
2783506 : 0x197554eb66ba7b : 2 : ittapi_config_apply_per_lib :  ITTAPI function not implemented: __itt_mark_global_off
2783506 : 0x197554eb66cf42 : 2 : ittapi_config_apply_per_lib :  ITTAPI function instrumented: __itt_stack_caller_create
2783506 : 0x197554eb66d644 : 2 : ittapi_config_apply_per_lib :  ITTAPI function instrumented: __itt_stack_caller_destroy
2783506 : 0x197554eb66dd16 : 2 : ittapi_config_apply_per_lib :  ITTAPI function instrumented: __itt_stack_callee_enter
2783506 : 0x197554eb66e37e : 2 : ittapi_config_apply_per_lib :  ITTAPI function instrumented: __itt_stack_callee_leave
2783506 : 0x197554eb66ea99 : 2 : ittapi_config_apply_per_lib :  ITTAPI function not implemented: __itt_clock_domain_create
2783506 : 0x197554eb66f1cc : 2 : ittapi_config_apply_per_lib :  ITTAPI function not implemented: __itt_clock_domain_reset
2783506 : 0x197554eb66f8e8 : 2 : ittapi_config_apply_per_lib :  ITTAPI function not implemented: __itt_id_create_ex
2783506 : 0x197554eb670043 : 2 : ittapi_config_apply_per_lib :  ITTAPI function not implemented: __itt_id_destroy_ex
2783506 : 0x197554eb670791 : 2 : ittapi_config_apply_per_lib :  ITTAPI function not implemented: __itt_task_begin_ex
2783506 : 0x197554eb670e70 : 2 : ittapi_config_apply_per_lib :  ITTAPI function not implemented: __itt_task_begin_fn_ex
2783506 : 0x197554eb6722b3 : 2 : ittapi_config_apply_per_lib :  ITTAPI function not implemented: __itt_task_end_ex
2783506 : 0x197554eb6729c5 : 2 : ittapi_config_apply_per_lib :  ITTAPI function instrumented: __itt_task_begin_overlapped
2783506 : 0x197554eb6730cf : 2 : ittapi_config_apply_per_lib :  ITTAPI function not implemented: __itt_task_begin_overlapped_ex
2783506 : 0x197554eb673786 : 2 : ittapi_config_apply_per_lib :  ITTAPI function instrumented: __itt_task_end_overlapped
2783506 : 0x197554eb673e80 : 2 : ittapi_config_apply_per_lib :  ITTAPI function not implemented: __itt_task_end_overlapped_ex
2783506 : 0x197554eb674534 : 2 : ittapi_config_apply_per_lib :  ITTAPI function not implemented: __itt_marker_ex
2783506 : 0x197554eb674c6d : 2 : ittapi_config_apply_per_lib :  ITTAPI function not implemented: __itt_metadata_add_with_scope
2783506 : 0x197554eb6753e9 : 2 : ittapi_config_apply_per_lib :  ITTAPI function not implemented: __itt_metadata_str_add_with_scope
2783506 : 0x197554eb675afc : 2 : ittapi_config_apply_per_lib :  ITTAPI function not implemented: __itt_relation_add_to_current_ex
2783506 : 0x197554eb6761ed : 2 : ittapi_config_apply_per_lib :  ITTAPI function not implemented: __itt_relation_add_ex
2783506 : 0x197554eb677e57 : 2 : ittapi_config_apply_per_lib :  ITTAPI function not implemented: __itt_track_group_create
2783506 : 0x197554eb678543 : 2 : ittapi_config_apply_per_lib :  ITTAPI function not implemented: __itt_track_create
2783506 : 0x197554eb678c66 : 2 : ittapi_config_apply_per_lib :  ITTAPI function not implemented: __itt_set_track
2783506 : 0x197554eb679303 : 2 : ittapi_config_apply_per_lib :  ITTAPI function instrumented: __itt_api_version
2783506 : 0x197554eb679a1c : 2 : ittapi_config_apply_per_lib :  ITTAPI function not implemented: __itt_av_save
2783506 : 0x197554eb67a0fb : 2 : ittapi_config_apply_per_lib :  ITTAPI function instrumented: __itt_module_load
2783506 : 0x197554eb67a827 : 2 : ittapi_config_apply_per_lib :  ITTAPI function not implemented: __itt_module_unload