The system is: Linux - 6.0.12-300.fc37.x86_64 - x86_64
Compiling the CXX compiler identification source file "CMakeCXXCompilerId.cpp" succeeded.
Compiler: /usr/bin/c++ 
Build flags: 
Id flags:  

The output was:
0


Compilation of the CXX compiler identification source "CMakeCXXCompilerId.cpp" produced "a.out"

The CXX compiler identification is GNU, found in "/home/vbubela/school/avs-proj02/build/CMakeFiles/3.25.1/CompilerIdCXX/a.out"

Compiling the C compiler identification source file "CMakeCCompilerId.c" succeeded.
Compiler: /usr/bin/cc 
Build flags: 
Id flags:  

The output was:
0


Compilation of the C compiler identification source "CMakeCCompilerId.c" produced "a.out"

The C compiler identification is GNU, found in "/home/vbubela/school/avs-proj02/build/CMakeFiles/3.25.1/CompilerIdC/a.out"

Detecting CXX compiler ABI info compiled with the following output:
Change Dir: /home/vbubela/school/avs-proj02/build/CMakeFiles/CMakeScratch/TryCompile-FhCfvn

Run Build Command(s):/usr/bin/gmake -f Makefile cmTC_c68ab/fast && /usr/bin/gmake  -f CMakeFiles/cmTC_c68ab.dir/build.make CMakeFiles/cmTC_c68ab.dir/build
gmake[1]: Entering directory '/home/vbubela/school/avs-proj02/build/CMakeFiles/CMakeScratch/TryCompile-FhCfvn'
Building CXX object CMakeFiles/cmTC_c68ab.dir/CMakeCXXCompilerABI.cpp.o
/usr/bin/c++   -v -o CMakeFiles/cmTC_c68ab.dir/CMakeCXXCompilerABI.cpp.o -c /usr/share/cmake/Modules/CMakeCXXCompilerABI.cpp
Using built-in specs.
COLLECT_GCC=/usr/bin/c++
OFFLOAD_TARGET_NAMES=nvptx-none
OFFLOAD_TARGET_DEFAULT=1
Target: x86_64-redhat-linux
Configured with: ../configure --enable-bootstrap --enable-languages=c,c++,fortran,objc,obj-c++,ada,go,d,lto --prefix=/usr --mandir=/usr/share/man --infodir=/usr/share/info --with-bugurl=http://bugzilla.redhat.com/bugzilla --enable-shared --enable-threads=posix --enable-checking=release --enable-multilib --with-system-zlib --enable-__cxa_atexit --disable-libunwind-exceptions --enable-gnu-unique-object --enable-linker-build-id --with-gcc-major-version-only --enable-libstdcxx-backtrace --with-linker-hash-style=gnu --enable-plugin --enable-initfini-array --with-isl=/builddir/build/BUILD/gcc-12.2.1-20221121/obj-x86_64-redhat-linux/isl-install --enable-offload-targets=nvptx-none --without-cuda-driver --enable-offload-defaulted --enable-gnu-indirect-function --enable-cet --with-tune=generic --with-arch_32=i686 --build=x86_64-redhat-linux --with-build-config=bootstrap-lto --enable-link-serialization=1
Thread model: posix
Supported LTO compression algorithms: zlib zstd
gcc version 12.2.1 20221121 (Red Hat 12.2.1-4) (GCC) 
COLLECT_GCC_OPTIONS='-v' '-o' 'CMakeFiles/cmTC_c68ab.dir/CMakeCXXCompilerABI.cpp.o' '-c' '-shared-libgcc' '-mtune=generic' '-march=x86-64' '-dumpdir' 'CMakeFiles/cmTC_c68ab.dir/'
 /usr/libexec/gcc/x86_64-redhat-linux/12/cc1plus -quiet -v -D_GNU_SOURCE /usr/share/cmake/Modules/CMakeCXXCompilerABI.cpp -quiet -dumpdir CMakeFiles/cmTC_c68ab.dir/ -dumpbase CMakeCXXCompilerABI.cpp.cpp -dumpbase-ext .cpp -mtune=generic -march=x86-64 -version -o /tmp/cc2mwxuV.s
GNU C++17 (GCC) version 12.2.1 20221121 (Red Hat 12.2.1-4) (x86_64-redhat-linux)
	compiled by GNU C version 12.2.1 20221121 (Red Hat 12.2.1-4), GMP version 6.2.1, MPFR version 4.1.0-p13, MPC version 1.2.1, isl version isl-0.24-GMP

GGC heuristics: --param ggc-min-expand=100 --param ggc-min-heapsize=131072
ignoring nonexistent directory "/usr/lib/gcc/x86_64-redhat-linux/12/include-fixed"
ignoring nonexistent directory "/usr/lib/gcc/x86_64-redhat-linux/12/../../../../x86_64-redhat-linux/include"
#include "..." search starts here:
#include <...> search starts here:
 /usr/lib/gcc/x86_64-redhat-linux/12/../../../../include/c++/12
 /usr/lib/gcc/x86_64-redhat-linux/12/../../../../include/c++/12/x86_64-redhat-linux
 /usr/lib/gcc/x86_64-redhat-linux/12/../../../../include/c++/12/backward
 /usr/lib/gcc/x86_64-redhat-linux/12/include
 /usr/local/include
 /usr/include
End of search list.
GNU C++17 (GCC) version 12.2.1 20221121 (Red Hat 12.2.1-4) (x86_64-redhat-linux)
	compiled by GNU C version 12.2.1 20221121 (Red Hat 12.2.1-4), GMP version 6.2.1, MPFR version 4.1.0-p13, MPC version 1.2.1, isl version isl-0.24-GMP

GGC heuristics: --param ggc-min-expand=100 --param ggc-min-heapsize=131072
Compiler executable checksum: b80dcb4218100c8bed4b8384479def9a
COLLECT_GCC_OPTIONS='-v' '-o' 'CMakeFiles/cmTC_c68ab.dir/CMakeCXXCompilerABI.cpp.o' '-c' '-shared-libgcc' '-mtune=generic' '-march=x86-64' '-dumpdir' 'CMakeFiles/cmTC_c68ab.dir/'
 as -v --64 -o CMakeFiles/cmTC_c68ab.dir/CMakeCXXCompilerABI.cpp.o /tmp/cc2mwxuV.s
GNU assembler version 2.38 (x86_64-redhat-linux) using BFD version version 2.38-25.fc37
COMPILER_PATH=/usr/libexec/gcc/x86_64-redhat-linux/12/:/usr/libexec/gcc/x86_64-redhat-linux/12/:/usr/libexec/gcc/x86_64-redhat-linux/:/usr/lib/gcc/x86_64-redhat-linux/12/:/usr/lib/gcc/x86_64-redhat-linux/
LIBRARY_PATH=/usr/lib/gcc/x86_64-redhat-linux/12/:/usr/lib/gcc/x86_64-redhat-linux/12/../../../../lib64/:/lib/../lib64/:/usr/lib/../lib64/:/usr/lib/gcc/x86_64-redhat-linux/12/../../../:/lib/:/usr/lib/
COLLECT_GCC_OPTIONS='-v' '-o' 'CMakeFiles/cmTC_c68ab.dir/CMakeCXXCompilerABI.cpp.o' '-c' '-shared-libgcc' '-mtune=generic' '-march=x86-64' '-dumpdir' 'CMakeFiles/cmTC_c68ab.dir/CMakeCXXCompilerABI.cpp.'
Linking CXX executable cmTC_c68ab
/usr/bin/cmake -E cmake_link_script CMakeFiles/cmTC_c68ab.dir/link.txt --verbose=1
/usr/bin/c++  -v CMakeFiles/cmTC_c68ab.dir/CMakeCXXCompilerABI.cpp.o -o cmTC_c68ab 
Using built-in specs.
COLLECT_GCC=/usr/bin/c++
COLLECT_LTO_WRAPPER=/usr/libexec/gcc/x86_64-redhat-linux/12/lto-wrapper
OFFLOAD_TARGET_NAMES=nvptx-none
OFFLOAD_TARGET_DEFAULT=1
Target: x86_64-redhat-linux
Configured with: ../configure --enable-bootstrap --enable-languages=c,c++,fortran,objc,obj-c++,ada,go,d,lto --prefix=/usr --mandir=/usr/share/man --infodir=/usr/share/info --with-bugurl=http://bugzilla.redhat.com/bugzilla --enable-shared --enable-threads=posix --enable-checking=release --enable-multilib --with-system-zlib --enable-__cxa_atexit --disable-libunwind-exceptions --enable-gnu-unique-object --enable-linker-build-id --with-gcc-major-version-only --enable-libstdcxx-backtrace --with-linker-hash-style=gnu --enable-plugin --enable-initfini-array --with-isl=/builddir/build/BUILD/gcc-12.2.1-20221121/obj-x86_64-redhat-linux/isl-install --enable-offload-targets=nvptx-none --without-cuda-driver --enable-offload-defaulted --enable-gnu-indirect-function --enable-cet --with-tune=generic --with-arch_32=i686 --build=x86_64-redhat-linux --with-build-config=bootstrap-lto --enable-link-serialization=1
Thread model: posix
Supported LTO compression algorithms: zlib zstd
gcc version 12.2.1 20221121 (Red Hat 12.2.1-4) (GCC) 
COMPILER_PATH=/usr/libexec/gcc/x86_64-redhat-linux/12/:/usr/libexec/gcc/x86_64-redhat-linux/12/:/usr/libexec/gcc/x86_64-redhat-linux/:/usr/lib/gcc/x86_64-redhat-linux/12/:/usr/lib/gcc/x86_64-redhat-linux/
LIBRARY_PATH=/usr/lib/gcc/x86_64-redhat-linux/12/:/usr/lib/gcc/x86_64-redhat-linux/12/../../../../lib64/:/lib/../lib64/:/usr/lib/../lib64/:/usr/lib/gcc/x86_64-redhat-linux/12/../../../:/lib/:/usr/lib/
COLLECT_GCC_OPTIONS='-v' '-o' 'cmTC_c68ab' '-shared-libgcc' '-mtune=generic' '-march=x86-64' '-dumpdir' 'cmTC_c68ab.'
 /usr/libexec/gcc/x86_64-redhat-linux/12/collect2 -plugin /usr/libexec/gcc/x86_64-redhat-linux/12/liblto_plugin.so -plugin-opt=/usr/libexec/gcc/x86_64-redhat-linux/12/lto-wrapper -plugin-opt=-fresolution=/tmp/ccFJ4QOQ.res -plugin-opt=-pass-through=-lgcc_s -plugin-opt=-pass-through=-lgcc -plugin-opt=-pass-through=-lc -plugin-opt=-pass-through=-lgcc_s -plugin-opt=-pass-through=-lgcc --build-id --no-add-needed --eh-frame-hdr --hash-style=gnu -m elf_x86_64 -dynamic-linker /lib64/ld-linux-x86-64.so.2 -o cmTC_c68ab /usr/lib/gcc/x86_64-redhat-linux/12/../../../../lib64/crt1.o /usr/lib/gcc/x86_64-redhat-linux/12/../../../../lib64/crti.o /usr/lib/gcc/x86_64-redhat-linux/12/crtbegin.o -L/usr/lib/gcc/x86_64-redhat-linux/12 -L/usr/lib/gcc/x86_64-redhat-linux/12/../../../../lib64 -L/lib/../lib64 -L/usr/lib/../lib64 -L/usr/lib/gcc/x86_64-redhat-linux/12/../../.. CMakeFiles/cmTC_c68ab.dir/CMakeCXXCompilerABI.cpp.o -lstdc++ -lm -lgcc_s -lgcc -lc -lgcc_s -lgcc /usr/lib/gcc/x86_64-redhat-linux/12/crtend.o /usr/lib/gcc/x86_64-redhat-linux/12/../../../../lib64/crtn.o
COLLECT_GCC_OPTIONS='-v' '-o' 'cmTC_c68ab' '-shared-libgcc' '-mtune=generic' '-march=x86-64' '-dumpdir' 'cmTC_c68ab.'
gmake[1]: Leaving directory '/home/vbubela/school/avs-proj02/build/CMakeFiles/CMakeScratch/TryCompile-FhCfvn'



Parsed CXX implicit include dir info from above output: rv=done
  found start of include info
  found start of implicit include info
    add: [/usr/lib/gcc/x86_64-redhat-linux/12/../../../../include/c++/12]
    add: [/usr/lib/gcc/x86_64-redhat-linux/12/../../../../include/c++/12/x86_64-redhat-linux]
    add: [/usr/lib/gcc/x86_64-redhat-linux/12/../../../../include/c++/12/backward]
    add: [/usr/lib/gcc/x86_64-redhat-linux/12/include]
    add: [/usr/local/include]
    add: [/usr/include]
  end of search list found
  collapse include dir [/usr/lib/gcc/x86_64-redhat-linux/12/../../../../include/c++/12] ==> [/usr/include/c++/12]
  collapse include dir [/usr/lib/gcc/x86_64-redhat-linux/12/../../../../include/c++/12/x86_64-redhat-linux] ==> [/usr/include/c++/12/x86_64-redhat-linux]
  collapse include dir [/usr/lib/gcc/x86_64-redhat-linux/12/../../../../include/c++/12/backward] ==> [/usr/include/c++/12/backward]
  collapse include dir [/usr/lib/gcc/x86_64-redhat-linux/12/include] ==> [/usr/lib/gcc/x86_64-redhat-linux/12/include]
  collapse include dir [/usr/local/include] ==> [/usr/local/include]
  collapse include dir [/usr/include] ==> [/usr/include]
  implicit include dirs: [/usr/include/c++/12;/usr/include/c++/12/x86_64-redhat-linux;/usr/include/c++/12/backward;/usr/lib/gcc/x86_64-redhat-linux/12/include;/usr/local/include;/usr/include]


Parsed CXX implicit link information from above output:
  link line regex: [^( *|.*[/\])(ld|CMAKE_LINK_STARTFILE-NOTFOUND|([^/\]+-)?ld|collect2)[^/\]*( |$)]
  ignore line: [Change Dir: /home/vbubela/school/avs-proj02/build/CMakeFiles/CMakeScratch/TryCompile-FhCfvn]
  ignore line: []
  ignore line: [Run Build Command(s):/usr/bin/gmake -f Makefile cmTC_c68ab/fast && /usr/bin/gmake  -f CMakeFiles/cmTC_c68ab.dir/build.make CMakeFiles/cmTC_c68ab.dir/build]
  ignore line: [gmake[1]: Entering directory '/home/vbubela/school/avs-proj02/build/CMakeFiles/CMakeScratch/TryCompile-FhCfvn']
  ignore line: [Building CXX object CMakeFiles/cmTC_c68ab.dir/CMakeCXXCompilerABI.cpp.o]
  ignore line: [/usr/bin/c++   -v -o CMakeFiles/cmTC_c68ab.dir/CMakeCXXCompilerABI.cpp.o -c /usr/share/cmake/Modules/CMakeCXXCompilerABI.cpp]
  ignore line: [Using built-in specs.]
  ignore line: [COLLECT_GCC=/usr/bin/c++]
  ignore line: [OFFLOAD_TARGET_NAMES=nvptx-none]
  ignore line: [OFFLOAD_TARGET_DEFAULT=1]
  ignore line: [Target: x86_64-redhat-linux]
  ignore line: [Configured with: ../configure --enable-bootstrap --enable-languages=c c++ fortran objc obj-c++ ada go d lto --prefix=/usr --mandir=/usr/share/man --infodir=/usr/share/info --with-bugurl=http://bugzilla.redhat.com/bugzilla --enable-shared --enable-threads=posix --enable-checking=release --enable-multilib --with-system-zlib --enable-__cxa_atexit --disable-libunwind-exceptions --enable-gnu-unique-object --enable-linker-build-id --with-gcc-major-version-only --enable-libstdcxx-backtrace --with-linker-hash-style=gnu --enable-plugin --enable-initfini-array --with-isl=/builddir/build/BUILD/gcc-12.2.1-20221121/obj-x86_64-redhat-linux/isl-install --enable-offload-targets=nvptx-none --without-cuda-driver --enable-offload-defaulted --enable-gnu-indirect-function --enable-cet --with-tune=generic --with-arch_32=i686 --build=x86_64-redhat-linux --with-build-config=bootstrap-lto --enable-link-serialization=1]
  ignore line: [Thread model: posix]
  ignore line: [Supported LTO compression algorithms: zlib zstd]
  ignore line: [gcc version 12.2.1 20221121 (Red Hat 12.2.1-4) (GCC) ]
  ignore line: [COLLECT_GCC_OPTIONS='-v' '-o' 'CMakeFiles/cmTC_c68ab.dir/CMakeCXXCompilerABI.cpp.o' '-c' '-shared-libgcc' '-mtune=generic' '-march=x86-64' '-dumpdir' 'CMakeFiles/cmTC_c68ab.dir/']
  ignore line: [ /usr/libexec/gcc/x86_64-redhat-linux/12/cc1plus -quiet -v -D_GNU_SOURCE /usr/share/cmake/Modules/CMakeCXXCompilerABI.cpp -quiet -dumpdir CMakeFiles/cmTC_c68ab.dir/ -dumpbase CMakeCXXCompilerABI.cpp.cpp -dumpbase-ext .cpp -mtune=generic -march=x86-64 -version -o /tmp/cc2mwxuV.s]
  ignore line: [GNU C++17 (GCC) version 12.2.1 20221121 (Red Hat 12.2.1-4) (x86_64-redhat-linux)]
  ignore line: [	compiled by GNU C version 12.2.1 20221121 (Red Hat 12.2.1-4)  GMP version 6.2.1  MPFR version 4.1.0-p13  MPC version 1.2.1  isl version isl-0.24-GMP]
  ignore line: []
  ignore line: [GGC heuristics: --param ggc-min-expand=100 --param ggc-min-heapsize=131072]
  ignore line: [ignoring nonexistent directory "/usr/lib/gcc/x86_64-redhat-linux/12/include-fixed"]
  ignore line: [ignoring nonexistent directory "/usr/lib/gcc/x86_64-redhat-linux/12/../../../../x86_64-redhat-linux/include"]
  ignore line: [#include "..." search starts here:]
  ignore line: [#include <...> search starts here:]
  ignore line: [ /usr/lib/gcc/x86_64-redhat-linux/12/../../../../include/c++/12]
  ignore line: [ /usr/lib/gcc/x86_64-redhat-linux/12/../../../../include/c++/12/x86_64-redhat-linux]
  ignore line: [ /usr/lib/gcc/x86_64-redhat-linux/12/../../../../include/c++/12/backward]
  ignore line: [ /usr/lib/gcc/x86_64-redhat-linux/12/include]
  ignore line: [ /usr/local/include]
  ignore line: [ /usr/include]
  ignore line: [End of search list.]
  ignore line: [GNU C++17 (GCC) version 12.2.1 20221121 (Red Hat 12.2.1-4) (x86_64-redhat-linux)]
  ignore line: [	compiled by GNU C version 12.2.1 20221121 (Red Hat 12.2.1-4)  GMP version 6.2.1  MPFR version 4.1.0-p13  MPC version 1.2.1  isl version isl-0.24-GMP]
  ignore line: []
  ignore line: [GGC heuristics: --param ggc-min-expand=100 --param ggc-min-heapsize=131072]
  ignore line: [Compiler executable checksum: b80dcb4218100c8bed4b8384479def9a]
  ignore line: [COLLECT_GCC_OPTIONS='-v' '-o' 'CMakeFiles/cmTC_c68ab.dir/CMakeCXXCompilerABI.cpp.o' '-c' '-shared-libgcc' '-mtune=generic' '-march=x86-64' '-dumpdir' 'CMakeFiles/cmTC_c68ab.dir/']
  ignore line: [ as -v --64 -o CMakeFiles/cmTC_c68ab.dir/CMakeCXXCompilerABI.cpp.o /tmp/cc2mwxuV.s]
  ignore line: [GNU assembler version 2.38 (x86_64-redhat-linux) using BFD version version 2.38-25.fc37]
  ignore line: [COMPILER_PATH=/usr/libexec/gcc/x86_64-redhat-linux/12/:/usr/libexec/gcc/x86_64-redhat-linux/12/:/usr/libexec/gcc/x86_64-redhat-linux/:/usr/lib/gcc/x86_64-redhat-linux/12/:/usr/lib/gcc/x86_64-redhat-linux/]
  ignore line: [LIBRARY_PATH=/usr/lib/gcc/x86_64-redhat-linux/12/:/usr/lib/gcc/x86_64-redhat-linux/12/../../../../lib64/:/lib/../lib64/:/usr/lib/../lib64/:/usr/lib/gcc/x86_64-redhat-linux/12/../../../:/lib/:/usr/lib/]
  ignore line: [COLLECT_GCC_OPTIONS='-v' '-o' 'CMakeFiles/cmTC_c68ab.dir/CMakeCXXCompilerABI.cpp.o' '-c' '-shared-libgcc' '-mtune=generic' '-march=x86-64' '-dumpdir' 'CMakeFiles/cmTC_c68ab.dir/CMakeCXXCompilerABI.cpp.']
  ignore line: [Linking CXX executable cmTC_c68ab]
  ignore line: [/usr/bin/cmake -E cmake_link_script CMakeFiles/cmTC_c68ab.dir/link.txt --verbose=1]
  ignore line: [/usr/bin/c++  -v CMakeFiles/cmTC_c68ab.dir/CMakeCXXCompilerABI.cpp.o -o cmTC_c68ab ]
  ignore line: [Using built-in specs.]
  ignore line: [COLLECT_GCC=/usr/bin/c++]
  ignore line: [COLLECT_LTO_WRAPPER=/usr/libexec/gcc/x86_64-redhat-linux/12/lto-wrapper]
  ignore line: [OFFLOAD_TARGET_NAMES=nvptx-none]
  ignore line: [OFFLOAD_TARGET_DEFAULT=1]
  ignore line: [Target: x86_64-redhat-linux]
  ignore line: [Configured with: ../configure --enable-bootstrap --enable-languages=c c++ fortran objc obj-c++ ada go d lto --prefix=/usr --mandir=/usr/share/man --infodir=/usr/share/info --with-bugurl=http://bugzilla.redhat.com/bugzilla --enable-shared --enable-threads=posix --enable-checking=release --enable-multilib --with-system-zlib --enable-__cxa_atexit --disable-libunwind-exceptions --enable-gnu-unique-object --enable-linker-build-id --with-gcc-major-version-only --enable-libstdcxx-backtrace --with-linker-hash-style=gnu --enable-plugin --enable-initfini-array --with-isl=/builddir/build/BUILD/gcc-12.2.1-20221121/obj-x86_64-redhat-linux/isl-install --enable-offload-targets=nvptx-none --without-cuda-driver --enable-offload-defaulted --enable-gnu-indirect-function --enable-cet --with-tune=generic --with-arch_32=i686 --build=x86_64-redhat-linux --with-build-config=bootstrap-lto --enable-link-serialization=1]
  ignore line: [Thread model: posix]
  ignore line: [Supported LTO compression algorithms: zlib zstd]
  ignore line: [gcc version 12.2.1 20221121 (Red Hat 12.2.1-4) (GCC) ]
  ignore line: [COMPILER_PATH=/usr/libexec/gcc/x86_64-redhat-linux/12/:/usr/libexec/gcc/x86_64-redhat-linux/12/:/usr/libexec/gcc/x86_64-redhat-linux/:/usr/lib/gcc/x86_64-redhat-linux/12/:/usr/lib/gcc/x86_64-redhat-linux/]
  ignore line: [LIBRARY_PATH=/usr/lib/gcc/x86_64-redhat-linux/12/:/usr/lib/gcc/x86_64-redhat-linux/12/../../../../lib64/:/lib/../lib64/:/usr/lib/../lib64/:/usr/lib/gcc/x86_64-redhat-linux/12/../../../:/lib/:/usr/lib/]
  ignore line: [COLLECT_GCC_OPTIONS='-v' '-o' 'cmTC_c68ab' '-shared-libgcc' '-mtune=generic' '-march=x86-64' '-dumpdir' 'cmTC_c68ab.']
  link line: [ /usr/libexec/gcc/x86_64-redhat-linux/12/collect2 -plugin /usr/libexec/gcc/x86_64-redhat-linux/12/liblto_plugin.so -plugin-opt=/usr/libexec/gcc/x86_64-redhat-linux/12/lto-wrapper -plugin-opt=-fresolution=/tmp/ccFJ4QOQ.res -plugin-opt=-pass-through=-lgcc_s -plugin-opt=-pass-through=-lgcc -plugin-opt=-pass-through=-lc -plugin-opt=-pass-through=-lgcc_s -plugin-opt=-pass-through=-lgcc --build-id --no-add-needed --eh-frame-hdr --hash-style=gnu -m elf_x86_64 -dynamic-linker /lib64/ld-linux-x86-64.so.2 -o cmTC_c68ab /usr/lib/gcc/x86_64-redhat-linux/12/../../../../lib64/crt1.o /usr/lib/gcc/x86_64-redhat-linux/12/../../../../lib64/crti.o /usr/lib/gcc/x86_64-redhat-linux/12/crtbegin.o -L/usr/lib/gcc/x86_64-redhat-linux/12 -L/usr/lib/gcc/x86_64-redhat-linux/12/../../../../lib64 -L/lib/../lib64 -L/usr/lib/../lib64 -L/usr/lib/gcc/x86_64-redhat-linux/12/../../.. CMakeFiles/cmTC_c68ab.dir/CMakeCXXCompilerABI.cpp.o -lstdc++ -lm -lgcc_s -lgcc -lc -lgcc_s -lgcc /usr/lib/gcc/x86_64-redhat-linux/12/crtend.o /usr/lib/gcc/x86_64-redhat-linux/12/../../../../lib64/crtn.o]
    arg [/usr/libexec/gcc/x86_64-redhat-linux/12/collect2] ==> ignore
    arg [-plugin] ==> ignore
    arg [/usr/libexec/gcc/x86_64-redhat-linux/12/liblto_plugin.so] ==> ignore
    arg [-plugin-opt=/usr/libexec/gcc/x86_64-redhat-linux/12/lto-wrapper] ==> ignore
    arg [-plugin-opt=-fresolution=/tmp/ccFJ4QOQ.res] ==> ignore
    arg [-plugin-opt=-pass-through=-lgcc_s] ==> ignore
    arg [-plugin-opt=-pass-through=-lgcc] ==> ignore
    arg [-plugin-opt=-pass-through=-lc] ==> ignore
    arg [-plugin-opt=-pass-through=-lgcc_s] ==> ignore
    arg [-plugin-opt=-pass-through=-lgcc] ==> ignore
    arg [--build-id] ==> ignore
    arg [--no-add-needed] ==> ignore
    arg [--eh-frame-hdr] ==> ignore
    arg [--hash-style=gnu] ==> ignore
    arg [-m] ==> ignore
    arg [elf_x86_64] ==> ignore
    arg [-dynamic-linker] ==> ignore
    arg [/lib64/ld-linux-x86-64.so.2] ==> ignore
    arg [-o] ==> ignore
    arg [cmTC_c68ab] ==> ignore
    arg [/usr/lib/gcc/x86_64-redhat-linux/12/../../../../lib64/crt1.o] ==> obj [/usr/lib/gcc/x86_64-redhat-linux/12/../../../../lib64/crt1.o]
    arg [/usr/lib/gcc/x86_64-redhat-linux/12/../../../../lib64/crti.o] ==> obj [/usr/lib/gcc/x86_64-redhat-linux/12/../../../../lib64/crti.o]
    arg [/usr/lib/gcc/x86_64-redhat-linux/12/crtbegin.o] ==> obj [/usr/lib/gcc/x86_64-redhat-linux/12/crtbegin.o]
    arg [-L/usr/lib/gcc/x86_64-redhat-linux/12] ==> dir [/usr/lib/gcc/x86_64-redhat-linux/12]
    arg [-L/usr/lib/gcc/x86_64-redhat-linux/12/../../../../lib64] ==> dir [/usr/lib/gcc/x86_64-redhat-linux/12/../../../../lib64]
    arg [-L/lib/../lib64] ==> dir [/lib/../lib64]
    arg [-L/usr/lib/../lib64] ==> dir [/usr/lib/../lib64]
    arg [-L/usr/lib/gcc/x86_64-redhat-linux/12/../../..] ==> dir [/usr/lib/gcc/x86_64-redhat-linux/12/../../..]
    arg [CMakeFiles/cmTC_c68ab.dir/CMakeCXXCompilerABI.cpp.o] ==> ignore
    arg [-lstdc++] ==> lib [stdc++]
    arg [-lm] ==> lib [m]
    arg [-lgcc_s] ==> lib [gcc_s]
    arg [-lgcc] ==> lib [gcc]
    arg [-lc] ==> lib [c]
    arg [-lgcc_s] ==> lib [gcc_s]
    arg [-lgcc] ==> lib [gcc]
    arg [/usr/lib/gcc/x86_64-redhat-linux/12/crtend.o] ==> obj [/usr/lib/gcc/x86_64-redhat-linux/12/crtend.o]
    arg [/usr/lib/gcc/x86_64-redhat-linux/12/../../../../lib64/crtn.o] ==> obj [/usr/lib/gcc/x86_64-redhat-linux/12/../../../../lib64/crtn.o]
  collapse obj [/usr/lib/gcc/x86_64-redhat-linux/12/../../../../lib64/crt1.o] ==> [/usr/lib64/crt1.o]
  collapse obj [/usr/lib/gcc/x86_64-redhat-linux/12/../../../../lib64/crti.o] ==> [/usr/lib64/crti.o]
  collapse obj [/usr/lib/gcc/x86_64-redhat-linux/12/../../../../lib64/crtn.o] ==> [/usr/lib64/crtn.o]
  collapse library dir [/usr/lib/gcc/x86_64-redhat-linux/12] ==> [/usr/lib/gcc/x86_64-redhat-linux/12]
  collapse library dir [/usr/lib/gcc/x86_64-redhat-linux/12/../../../../lib64] ==> [/usr/lib64]
  collapse library dir [/lib/../lib64] ==> [/lib64]
  collapse library dir [/usr/lib/../lib64] ==> [/usr/lib64]
  collapse library dir [/usr/lib/gcc/x86_64-redhat-linux/12/../../..] ==> [/usr/lib]
  implicit libs: [stdc++;m;gcc_s;gcc;c;gcc_s;gcc]
  implicit objs: [/usr/lib64/crt1.o;/usr/lib64/crti.o;/usr/lib/gcc/x86_64-redhat-linux/12/crtbegin.o;/usr/lib/gcc/x86_64-redhat-linux/12/crtend.o;/usr/lib64/crtn.o]
  implicit dirs: [/usr/lib/gcc/x86_64-redhat-linux/12;/usr/lib64;/lib64;/usr/lib]
  implicit fwks: []


Detecting C compiler ABI info compiled with the following output:
Change Dir: /home/vbubela/school/avs-proj02/build/CMakeFiles/CMakeScratch/TryCompile-6Uf5Ir

Run Build Command(s):/usr/bin/gmake -f Makefile cmTC_a91ed/fast && /usr/bin/gmake  -f CMakeFiles/cmTC_a91ed.dir/build.make CMakeFiles/cmTC_a91ed.dir/build
gmake[1]: Entering directory '/home/vbubela/school/avs-proj02/build/CMakeFiles/CMakeScratch/TryCompile-6Uf5Ir'
Building C object CMakeFiles/cmTC_a91ed.dir/CMakeCCompilerABI.c.o
/usr/bin/cc   -v -o CMakeFiles/cmTC_a91ed.dir/CMakeCCompilerABI.c.o -c /usr/share/cmake/Modules/CMakeCCompilerABI.c
Using built-in specs.
COLLECT_GCC=/usr/bin/cc
OFFLOAD_TARGET_NAMES=nvptx-none
OFFLOAD_TARGET_DEFAULT=1
Target: x86_64-redhat-linux
Configured with: ../configure --enable-bootstrap --enable-languages=c,c++,fortran,objc,obj-c++,ada,go,d,lto --prefix=/usr --mandir=/usr/share/man --infodir=/usr/share/info --with-bugurl=http://bugzilla.redhat.com/bugzilla --enable-shared --enable-threads=posix --enable-checking=release --enable-multilib --with-system-zlib --enable-__cxa_atexit --disable-libunwind-exceptions --enable-gnu-unique-object --enable-linker-build-id --with-gcc-major-version-only --enable-libstdcxx-backtrace --with-linker-hash-style=gnu --enable-plugin --enable-initfini-array --with-isl=/builddir/build/BUILD/gcc-12.2.1-20221121/obj-x86_64-redhat-linux/isl-install --enable-offload-targets=nvptx-none --without-cuda-driver --enable-offload-defaulted --enable-gnu-indirect-function --enable-cet --with-tune=generic --with-arch_32=i686 --build=x86_64-redhat-linux --with-build-config=bootstrap-lto --enable-link-serialization=1
Thread model: posix
Supported LTO compression algorithms: zlib zstd
gcc version 12.2.1 20221121 (Red Hat 12.2.1-4) (GCC) 
COLLECT_GCC_OPTIONS='-v' '-o' 'CMakeFiles/cmTC_a91ed.dir/CMakeCCompilerABI.c.o' '-c' '-mtune=generic' '-march=x86-64' '-dumpdir' 'CMakeFiles/cmTC_a91ed.dir/'
 /usr/libexec/gcc/x86_64-redhat-linux/12/cc1 -quiet -v /usr/share/cmake/Modules/CMakeCCompilerABI.c -quiet -dumpdir CMakeFiles/cmTC_a91ed.dir/ -dumpbase CMakeCCompilerABI.c.c -dumpbase-ext .c -mtune=generic -march=x86-64 -version -o /tmp/ccG2qPDb.s
GNU C17 (GCC) version 12.2.1 20221121 (Red Hat 12.2.1-4) (x86_64-redhat-linux)
	compiled by GNU C version 12.2.1 20221121 (Red Hat 12.2.1-4), GMP version 6.2.1, MPFR version 4.1.0-p13, MPC version 1.2.1, isl version isl-0.24-GMP

GGC heuristics: --param ggc-min-expand=100 --param ggc-min-heapsize=131072
ignoring nonexistent directory "/usr/lib/gcc/x86_64-redhat-linux/12/include-fixed"
ignoring nonexistent directory "/usr/lib/gcc/x86_64-redhat-linux/12/../../../../x86_64-redhat-linux/include"
#include "..." search starts here:
#include <...> search starts here:
 /usr/lib/gcc/x86_64-redhat-linux/12/include
 /usr/local/include
 /usr/include
End of search list.
GNU C17 (GCC) version 12.2.1 20221121 (Red Hat 12.2.1-4) (x86_64-redhat-linux)
	compiled by GNU C version 12.2.1 20221121 (Red Hat 12.2.1-4), GMP version 6.2.1, MPFR version 4.1.0-p13, MPC version 1.2.1, isl version isl-0.24-GMP

GGC heuristics: --param ggc-min-expand=100 --param ggc-min-heapsize=131072
Compiler executable checksum: e7cfb398591188071efa3be810fe2962
COLLECT_GCC_OPTIONS='-v' '-o' 'CMakeFiles/cmTC_a91ed.dir/CMakeCCompilerABI.c.o' '-c' '-mtune=generic' '-march=x86-64' '-dumpdir' 'CMakeFiles/cmTC_a91ed.dir/'
 as -v --64 -o CMakeFiles/cmTC_a91ed.dir/CMakeCCompilerABI.c.o /tmp/ccG2qPDb.s
GNU assembler version 2.38 (x86_64-redhat-linux) using BFD version version 2.38-25.fc37
COMPILER_PATH=/usr/libexec/gcc/x86_64-redhat-linux/12/:/usr/libexec/gcc/x86_64-redhat-linux/12/:/usr/libexec/gcc/x86_64-redhat-linux/:/usr/lib/gcc/x86_64-redhat-linux/12/:/usr/lib/gcc/x86_64-redhat-linux/
LIBRARY_PATH=/usr/lib/gcc/x86_64-redhat-linux/12/:/usr/lib/gcc/x86_64-redhat-linux/12/../../../../lib64/:/lib/../lib64/:/usr/lib/../lib64/:/usr/lib/gcc/x86_64-redhat-linux/12/../../../:/lib/:/usr/lib/
COLLECT_GCC_OPTIONS='-v' '-o' 'CMakeFiles/cmTC_a91ed.dir/CMakeCCompilerABI.c.o' '-c' '-mtune=generic' '-march=x86-64' '-dumpdir' 'CMakeFiles/cmTC_a91ed.dir/CMakeCCompilerABI.c.'
Linking C executable cmTC_a91ed
/usr/bin/cmake -E cmake_link_script CMakeFiles/cmTC_a91ed.dir/link.txt --verbose=1
/usr/bin/cc  -v CMakeFiles/cmTC_a91ed.dir/CMakeCCompilerABI.c.o -o cmTC_a91ed 
Using built-in specs.
COLLECT_GCC=/usr/bin/cc
COLLECT_LTO_WRAPPER=/usr/libexec/gcc/x86_64-redhat-linux/12/lto-wrapper
OFFLOAD_TARGET_NAMES=nvptx-none
OFFLOAD_TARGET_DEFAULT=1
Target: x86_64-redhat-linux
Configured with: ../configure --enable-bootstrap --enable-languages=c,c++,fortran,objc,obj-c++,ada,go,d,lto --prefix=/usr --mandir=/usr/share/man --infodir=/usr/share/info --with-bugurl=http://bugzilla.redhat.com/bugzilla --enable-shared --enable-threads=posix --enable-checking=release --enable-multilib --with-system-zlib --enable-__cxa_atexit --disable-libunwind-exceptions --enable-gnu-unique-object --enable-linker-build-id --with-gcc-major-version-only --enable-libstdcxx-backtrace --with-linker-hash-style=gnu --enable-plugin --enable-initfini-array --with-isl=/builddir/build/BUILD/gcc-12.2.1-20221121/obj-x86_64-redhat-linux/isl-install --enable-offload-targets=nvptx-none --without-cuda-driver --enable-offload-defaulted --enable-gnu-indirect-function --enable-cet --with-tune=generic --with-arch_32=i686 --build=x86_64-redhat-linux --with-build-config=bootstrap-lto --enable-link-serialization=1
Thread model: posix
Supported LTO compression algorithms: zlib zstd
gcc version 12.2.1 20221121 (Red Hat 12.2.1-4) (GCC) 
COMPILER_PATH=/usr/libexec/gcc/x86_64-redhat-linux/12/:/usr/libexec/gcc/x86_64-redhat-linux/12/:/usr/libexec/gcc/x86_64-redhat-linux/:/usr/lib/gcc/x86_64-redhat-linux/12/:/usr/lib/gcc/x86_64-redhat-linux/
LIBRARY_PATH=/usr/lib/gcc/x86_64-redhat-linux/12/:/usr/lib/gcc/x86_64-redhat-linux/12/../../../../lib64/:/lib/../lib64/:/usr/lib/../lib64/:/usr/lib/gcc/x86_64-redhat-linux/12/../../../:/lib/:/usr/lib/
COLLECT_GCC_OPTIONS='-v' '-o' 'cmTC_a91ed' '-mtune=generic' '-march=x86-64' '-dumpdir' 'cmTC_a91ed.'
 /usr/libexec/gcc/x86_64-redhat-linux/12/collect2 -plugin /usr/libexec/gcc/x86_64-redhat-linux/12/liblto_plugin.so -plugin-opt=/usr/libexec/gcc/x86_64-redhat-linux/12/lto-wrapper -plugin-opt=-fresolution=/tmp/ccoMOCey.res -plugin-opt=-pass-through=-lgcc -plugin-opt=-pass-through=-lgcc_s -plugin-opt=-pass-through=-lc -plugin-opt=-pass-through=-lgcc -plugin-opt=-pass-through=-lgcc_s --build-id --no-add-needed --eh-frame-hdr --hash-style=gnu -m elf_x86_64 -dynamic-linker /lib64/ld-linux-x86-64.so.2 -o cmTC_a91ed /usr/lib/gcc/x86_64-redhat-linux/12/../../../../lib64/crt1.o /usr/lib/gcc/x86_64-redhat-linux/12/../../../../lib64/crti.o /usr/lib/gcc/x86_64-redhat-linux/12/crtbegin.o -L/usr/lib/gcc/x86_64-redhat-linux/12 -L/usr/lib/gcc/x86_64-redhat-linux/12/../../../../lib64 -L/lib/../lib64 -L/usr/lib/../lib64 -L/usr/lib/gcc/x86_64-redhat-linux/12/../../.. CMakeFiles/cmTC_a91ed.dir/CMakeCCompilerABI.c.o -lgcc --push-state --as-needed -lgcc_s --pop-state -lc -lgcc --push-state --as-needed -lgcc_s --pop-state /usr/lib/gcc/x86_64-redhat-linux/12/crtend.o /usr/lib/gcc/x86_64-redhat-linux/12/../../../../lib64/crtn.o
COLLECT_GCC_OPTIONS='-v' '-o' 'cmTC_a91ed' '-mtune=generic' '-march=x86-64' '-dumpdir' 'cmTC_a91ed.'
gmake[1]: Leaving directory '/home/vbubela/school/avs-proj02/build/CMakeFiles/CMakeScratch/TryCompile-6Uf5Ir'



Parsed C implicit include dir info from above output: rv=done
  found start of include info
  found start of implicit include info
    add: [/usr/lib/gcc/x86_64-redhat-linux/12/include]
    add: [/usr/local/include]
    add: [/usr/include]
  end of search list found
  collapse include dir [/usr/lib/gcc/x86_64-redhat-linux/12/include] ==> [/usr/lib/gcc/x86_64-redhat-linux/12/include]
  collapse include dir [/usr/local/include] ==> [/usr/local/include]
  collapse include dir [/usr/include] ==> [/usr/include]
  implicit include dirs: [/usr/lib/gcc/x86_64-redhat-linux/12/include;/usr/local/include;/usr/include]


Parsed C implicit link information from above output:
  link line regex: [^( *|.*[/\])(ld|CMAKE_LINK_STARTFILE-NOTFOUND|([^/\]+-)?ld|collect2)[^/\]*( |$)]
  ignore line: [Change Dir: /home/vbubela/school/avs-proj02/build/CMakeFiles/CMakeScratch/TryCompile-6Uf5Ir]
  ignore line: []
  ignore line: [Run Build Command(s):/usr/bin/gmake -f Makefile cmTC_a91ed/fast && /usr/bin/gmake  -f CMakeFiles/cmTC_a91ed.dir/build.make CMakeFiles/cmTC_a91ed.dir/build]
  ignore line: [gmake[1]: Entering directory '/home/vbubela/school/avs-proj02/build/CMakeFiles/CMakeScratch/TryCompile-6Uf5Ir']
  ignore line: [Building C object CMakeFiles/cmTC_a91ed.dir/CMakeCCompilerABI.c.o]
  ignore line: [/usr/bin/cc   -v -o CMakeFiles/cmTC_a91ed.dir/CMakeCCompilerABI.c.o -c /usr/share/cmake/Modules/CMakeCCompilerABI.c]
  ignore line: [Using built-in specs.]
  ignore line: [COLLECT_GCC=/usr/bin/cc]
  ignore line: [OFFLOAD_TARGET_NAMES=nvptx-none]
  ignore line: [OFFLOAD_TARGET_DEFAULT=1]
  ignore line: [Target: x86_64-redhat-linux]
  ignore line: [Configured with: ../configure --enable-bootstrap --enable-languages=c c++ fortran objc obj-c++ ada go d lto --prefix=/usr --mandir=/usr/share/man --infodir=/usr/share/info --with-bugurl=http://bugzilla.redhat.com/bugzilla --enable-shared --enable-threads=posix --enable-checking=release --enable-multilib --with-system-zlib --enable-__cxa_atexit --disable-libunwind-exceptions --enable-gnu-unique-object --enable-linker-build-id --with-gcc-major-version-only --enable-libstdcxx-backtrace --with-linker-hash-style=gnu --enable-plugin --enable-initfini-array --with-isl=/builddir/build/BUILD/gcc-12.2.1-20221121/obj-x86_64-redhat-linux/isl-install --enable-offload-targets=nvptx-none --without-cuda-driver --enable-offload-defaulted --enable-gnu-indirect-function --enable-cet --with-tune=generic --with-arch_32=i686 --build=x86_64-redhat-linux --with-build-config=bootstrap-lto --enable-link-serialization=1]
  ignore line: [Thread model: posix]
  ignore line: [Supported LTO compression algorithms: zlib zstd]
  ignore line: [gcc version 12.2.1 20221121 (Red Hat 12.2.1-4) (GCC) ]
  ignore line: [COLLECT_GCC_OPTIONS='-v' '-o' 'CMakeFiles/cmTC_a91ed.dir/CMakeCCompilerABI.c.o' '-c' '-mtune=generic' '-march=x86-64' '-dumpdir' 'CMakeFiles/cmTC_a91ed.dir/']
  ignore line: [ /usr/libexec/gcc/x86_64-redhat-linux/12/cc1 -quiet -v /usr/share/cmake/Modules/CMakeCCompilerABI.c -quiet -dumpdir CMakeFiles/cmTC_a91ed.dir/ -dumpbase CMakeCCompilerABI.c.c -dumpbase-ext .c -mtune=generic -march=x86-64 -version -o /tmp/ccG2qPDb.s]
  ignore line: [GNU C17 (GCC) version 12.2.1 20221121 (Red Hat 12.2.1-4) (x86_64-redhat-linux)]
  ignore line: [	compiled by GNU C version 12.2.1 20221121 (Red Hat 12.2.1-4)  GMP version 6.2.1  MPFR version 4.1.0-p13  MPC version 1.2.1  isl version isl-0.24-GMP]
  ignore line: []
  ignore line: [GGC heuristics: --param ggc-min-expand=100 --param ggc-min-heapsize=131072]
  ignore line: [ignoring nonexistent directory "/usr/lib/gcc/x86_64-redhat-linux/12/include-fixed"]
  ignore line: [ignoring nonexistent directory "/usr/lib/gcc/x86_64-redhat-linux/12/../../../../x86_64-redhat-linux/include"]
  ignore line: [#include "..." search starts here:]
  ignore line: [#include <...> search starts here:]
  ignore line: [ /usr/lib/gcc/x86_64-redhat-linux/12/include]
  ignore line: [ /usr/local/include]
  ignore line: [ /usr/include]
  ignore line: [End of search list.]
  ignore line: [GNU C17 (GCC) version 12.2.1 20221121 (Red Hat 12.2.1-4) (x86_64-redhat-linux)]
  ignore line: [	compiled by GNU C version 12.2.1 20221121 (Red Hat 12.2.1-4)  GMP version 6.2.1  MPFR version 4.1.0-p13  MPC version 1.2.1  isl version isl-0.24-GMP]
  ignore line: []
  ignore line: [GGC heuristics: --param ggc-min-expand=100 --param ggc-min-heapsize=131072]
  ignore line: [Compiler executable checksum: e7cfb398591188071efa3be810fe2962]
  ignore line: [COLLECT_GCC_OPTIONS='-v' '-o' 'CMakeFiles/cmTC_a91ed.dir/CMakeCCompilerABI.c.o' '-c' '-mtune=generic' '-march=x86-64' '-dumpdir' 'CMakeFiles/cmTC_a91ed.dir/']
  ignore line: [ as -v --64 -o CMakeFiles/cmTC_a91ed.dir/CMakeCCompilerABI.c.o /tmp/ccG2qPDb.s]
  ignore line: [GNU assembler version 2.38 (x86_64-redhat-linux) using BFD version version 2.38-25.fc37]
  ignore line: [COMPILER_PATH=/usr/libexec/gcc/x86_64-redhat-linux/12/:/usr/libexec/gcc/x86_64-redhat-linux/12/:/usr/libexec/gcc/x86_64-redhat-linux/:/usr/lib/gcc/x86_64-redhat-linux/12/:/usr/lib/gcc/x86_64-redhat-linux/]
  ignore line: [LIBRARY_PATH=/usr/lib/gcc/x86_64-redhat-linux/12/:/usr/lib/gcc/x86_64-redhat-linux/12/../../../../lib64/:/lib/../lib64/:/usr/lib/../lib64/:/usr/lib/gcc/x86_64-redhat-linux/12/../../../:/lib/:/usr/lib/]
  ignore line: [COLLECT_GCC_OPTIONS='-v' '-o' 'CMakeFiles/cmTC_a91ed.dir/CMakeCCompilerABI.c.o' '-c' '-mtune=generic' '-march=x86-64' '-dumpdir' 'CMakeFiles/cmTC_a91ed.dir/CMakeCCompilerABI.c.']
  ignore line: [Linking C executable cmTC_a91ed]
  ignore line: [/usr/bin/cmake -E cmake_link_script CMakeFiles/cmTC_a91ed.dir/link.txt --verbose=1]
  ignore line: [/usr/bin/cc  -v CMakeFiles/cmTC_a91ed.dir/CMakeCCompilerABI.c.o -o cmTC_a91ed ]
  ignore line: [Using built-in specs.]
  ignore line: [COLLECT_GCC=/usr/bin/cc]
  ignore line: [COLLECT_LTO_WRAPPER=/usr/libexec/gcc/x86_64-redhat-linux/12/lto-wrapper]
  ignore line: [OFFLOAD_TARGET_NAMES=nvptx-none]
  ignore line: [OFFLOAD_TARGET_DEFAULT=1]
  ignore line: [Target: x86_64-redhat-linux]
  ignore line: [Configured with: ../configure --enable-bootstrap --enable-languages=c c++ fortran objc obj-c++ ada go d lto --prefix=/usr --mandir=/usr/share/man --infodir=/usr/share/info --with-bugurl=http://bugzilla.redhat.com/bugzilla --enable-shared --enable-threads=posix --enable-checking=release --enable-multilib --with-system-zlib --enable-__cxa_atexit --disable-libunwind-exceptions --enable-gnu-unique-object --enable-linker-build-id --with-gcc-major-version-only --enable-libstdcxx-backtrace --with-linker-hash-style=gnu --enable-plugin --enable-initfini-array --with-isl=/builddir/build/BUILD/gcc-12.2.1-20221121/obj-x86_64-redhat-linux/isl-install --enable-offload-targets=nvptx-none --without-cuda-driver --enable-offload-defaulted --enable-gnu-indirect-function --enable-cet --with-tune=generic --with-arch_32=i686 --build=x86_64-redhat-linux --with-build-config=bootstrap-lto --enable-link-serialization=1]
  ignore line: [Thread model: posix]
  ignore line: [Supported LTO compression algorithms: zlib zstd]
  ignore line: [gcc version 12.2.1 20221121 (Red Hat 12.2.1-4) (GCC) ]
  ignore line: [COMPILER_PATH=/usr/libexec/gcc/x86_64-redhat-linux/12/:/usr/libexec/gcc/x86_64-redhat-linux/12/:/usr/libexec/gcc/x86_64-redhat-linux/:/usr/lib/gcc/x86_64-redhat-linux/12/:/usr/lib/gcc/x86_64-redhat-linux/]
  ignore line: [LIBRARY_PATH=/usr/lib/gcc/x86_64-redhat-linux/12/:/usr/lib/gcc/x86_64-redhat-linux/12/../../../../lib64/:/lib/../lib64/:/usr/lib/../lib64/:/usr/lib/gcc/x86_64-redhat-linux/12/../../../:/lib/:/usr/lib/]
  ignore line: [COLLECT_GCC_OPTIONS='-v' '-o' 'cmTC_a91ed' '-mtune=generic' '-march=x86-64' '-dumpdir' 'cmTC_a91ed.']
  link line: [ /usr/libexec/gcc/x86_64-redhat-linux/12/collect2 -plugin /usr/libexec/gcc/x86_64-redhat-linux/12/liblto_plugin.so -plugin-opt=/usr/libexec/gcc/x86_64-redhat-linux/12/lto-wrapper -plugin-opt=-fresolution=/tmp/ccoMOCey.res -plugin-opt=-pass-through=-lgcc -plugin-opt=-pass-through=-lgcc_s -plugin-opt=-pass-through=-lc -plugin-opt=-pass-through=-lgcc -plugin-opt=-pass-through=-lgcc_s --build-id --no-add-needed --eh-frame-hdr --hash-style=gnu -m elf_x86_64 -dynamic-linker /lib64/ld-linux-x86-64.so.2 -o cmTC_a91ed /usr/lib/gcc/x86_64-redhat-linux/12/../../../../lib64/crt1.o /usr/lib/gcc/x86_64-redhat-linux/12/../../../../lib64/crti.o /usr/lib/gcc/x86_64-redhat-linux/12/crtbegin.o -L/usr/lib/gcc/x86_64-redhat-linux/12 -L/usr/lib/gcc/x86_64-redhat-linux/12/../../../../lib64 -L/lib/../lib64 -L/usr/lib/../lib64 -L/usr/lib/gcc/x86_64-redhat-linux/12/../../.. CMakeFiles/cmTC_a91ed.dir/CMakeCCompilerABI.c.o -lgcc --push-state --as-needed -lgcc_s --pop-state -lc -lgcc --push-state --as-needed -lgcc_s --pop-state /usr/lib/gcc/x86_64-redhat-linux/12/crtend.o /usr/lib/gcc/x86_64-redhat-linux/12/../../../../lib64/crtn.o]
    arg [/usr/libexec/gcc/x86_64-redhat-linux/12/collect2] ==> ignore
    arg [-plugin] ==> ignore
    arg [/usr/libexec/gcc/x86_64-redhat-linux/12/liblto_plugin.so] ==> ignore
    arg [-plugin-opt=/usr/libexec/gcc/x86_64-redhat-linux/12/lto-wrapper] ==> ignore
    arg [-plugin-opt=-fresolution=/tmp/ccoMOCey.res] ==> ignore
    arg [-plugin-opt=-pass-through=-lgcc] ==> ignore
    arg [-plugin-opt=-pass-through=-lgcc_s] ==> ignore
    arg [-plugin-opt=-pass-through=-lc] ==> ignore
    arg [-plugin-opt=-pass-through=-lgcc] ==> ignore
    arg [-plugin-opt=-pass-through=-lgcc_s] ==> ignore
    arg [--build-id] ==> ignore
    arg [--no-add-needed] ==> ignore
    arg [--eh-frame-hdr] ==> ignore
    arg [--hash-style=gnu] ==> ignore
    arg [-m] ==> ignore
    arg [elf_x86_64] ==> ignore
    arg [-dynamic-linker] ==> ignore
    arg [/lib64/ld-linux-x86-64.so.2] ==> ignore
    arg [-o] ==> ignore
    arg [cmTC_a91ed] ==> ignore
    arg [/usr/lib/gcc/x86_64-redhat-linux/12/../../../../lib64/crt1.o] ==> obj [/usr/lib/gcc/x86_64-redhat-linux/12/../../../../lib64/crt1.o]
    arg [/usr/lib/gcc/x86_64-redhat-linux/12/../../../../lib64/crti.o] ==> obj [/usr/lib/gcc/x86_64-redhat-linux/12/../../../../lib64/crti.o]
    arg [/usr/lib/gcc/x86_64-redhat-linux/12/crtbegin.o] ==> obj [/usr/lib/gcc/x86_64-redhat-linux/12/crtbegin.o]
    arg [-L/usr/lib/gcc/x86_64-redhat-linux/12] ==> dir [/usr/lib/gcc/x86_64-redhat-linux/12]
    arg [-L/usr/lib/gcc/x86_64-redhat-linux/12/../../../../lib64] ==> dir [/usr/lib/gcc/x86_64-redhat-linux/12/../../../../lib64]
    arg [-L/lib/../lib64] ==> dir [/lib/../lib64]
    arg [-L/usr/lib/../lib64] ==> dir [/usr/lib/../lib64]
    arg [-L/usr/lib/gcc/x86_64-redhat-linux/12/../../..] ==> dir [/usr/lib/gcc/x86_64-redhat-linux/12/../../..]
    arg [CMakeFiles/cmTC_a91ed.dir/CMakeCCompilerABI.c.o] ==> ignore
    arg [-lgcc] ==> lib [gcc]
    arg [--push-state] ==> ignore
    arg [--as-needed] ==> ignore
    arg [-lgcc_s] ==> lib [gcc_s]
    arg [--pop-state] ==> ignore
    arg [-lc] ==> lib [c]
    arg [-lgcc] ==> lib [gcc]
    arg [--push-state] ==> ignore
    arg [--as-needed] ==> ignore
    arg [-lgcc_s] ==> lib [gcc_s]
    arg [--pop-state] ==> ignore
    arg [/usr/lib/gcc/x86_64-redhat-linux/12/crtend.o] ==> obj [/usr/lib/gcc/x86_64-redhat-linux/12/crtend.o]
    arg [/usr/lib/gcc/x86_64-redhat-linux/12/../../../../lib64/crtn.o] ==> obj [/usr/lib/gcc/x86_64-redhat-linux/12/../../../../lib64/crtn.o]
  collapse obj [/usr/lib/gcc/x86_64-redhat-linux/12/../../../../lib64/crt1.o] ==> [/usr/lib64/crt1.o]
  collapse obj [/usr/lib/gcc/x86_64-redhat-linux/12/../../../../lib64/crti.o] ==> [/usr/lib64/crti.o]
  collapse obj [/usr/lib/gcc/x86_64-redhat-linux/12/../../../../lib64/crtn.o] ==> [/usr/lib64/crtn.o]
  collapse library dir [/usr/lib/gcc/x86_64-redhat-linux/12] ==> [/usr/lib/gcc/x86_64-redhat-linux/12]
  collapse library dir [/usr/lib/gcc/x86_64-redhat-linux/12/../../../../lib64] ==> [/usr/lib64]
  collapse library dir [/lib/../lib64] ==> [/lib64]
  collapse library dir [/usr/lib/../lib64] ==> [/usr/lib64]
  collapse library dir [/usr/lib/gcc/x86_64-redhat-linux/12/../../..] ==> [/usr/lib]
  implicit libs: [gcc;gcc_s;c;gcc;gcc_s]
  implicit objs: [/usr/lib64/crt1.o;/usr/lib64/crti.o;/usr/lib/gcc/x86_64-redhat-linux/12/crtbegin.o;/usr/lib/gcc/x86_64-redhat-linux/12/crtend.o;/usr/lib64/crtn.o]
  implicit dirs: [/usr/lib/gcc/x86_64-redhat-linux/12;/usr/lib64;/lib64;/usr/lib]
  implicit fwks: []


Detecting C OpenMP compiler ABI info compiled with the following output:
Change Dir: /home/vbubela/school/avs-proj02/build/CMakeFiles/CMakeScratch/TryCompile-1NwsuM

Run Build Command(s):/usr/bin/gmake -f Makefile cmTC_c08e9/fast && /usr/bin/gmake  -f CMakeFiles/cmTC_c08e9.dir/build.make CMakeFiles/cmTC_c08e9.dir/build
gmake[1]: Entering directory '/home/vbubela/school/avs-proj02/build/CMakeFiles/CMakeScratch/TryCompile-1NwsuM'
Building C object CMakeFiles/cmTC_c08e9.dir/OpenMPTryFlag.c.o
/usr/bin/cc   -fopenmp -v -o CMakeFiles/cmTC_c08e9.dir/OpenMPTryFlag.c.o -c /home/vbubela/school/avs-proj02/build/CMakeFiles/CMakeScratch/TryCompile-1NwsuM/OpenMPTryFlag.c
Using built-in specs.
COLLECT_GCC=/usr/bin/cc
OFFLOAD_TARGET_NAMES=nvptx-none
OFFLOAD_TARGET_DEFAULT=1
Target: x86_64-redhat-linux
Configured with: ../configure --enable-bootstrap --enable-languages=c,c++,fortran,objc,obj-c++,ada,go,d,lto --prefix=/usr --mandir=/usr/share/man --infodir=/usr/share/info --with-bugurl=http://bugzilla.redhat.com/bugzilla --enable-shared --enable-threads=posix --enable-checking=release --enable-multilib --with-system-zlib --enable-__cxa_atexit --disable-libunwind-exceptions --enable-gnu-unique-object --enable-linker-build-id --with-gcc-major-version-only --enable-libstdcxx-backtrace --with-linker-hash-style=gnu --enable-plugin --enable-initfini-array --with-isl=/builddir/build/BUILD/gcc-12.2.1-20221121/obj-x86_64-redhat-linux/isl-install --enable-offload-targets=nvptx-none --without-cuda-driver --enable-offload-defaulted --enable-gnu-indirect-function --enable-cet --with-tune=generic --with-arch_32=i686 --build=x86_64-redhat-linux --with-build-config=bootstrap-lto --enable-link-serialization=1
Thread model: posix
Supported LTO compression algorithms: zlib zstd
gcc version 12.2.1 20221121 (Red Hat 12.2.1-4) (GCC) 
COLLECT_GCC_OPTIONS='-fopenmp' '-v' '-o' 'CMakeFiles/cmTC_c08e9.dir/OpenMPTryFlag.c.o' '-c' '-mtune=generic' '-march=x86-64' '-pthread' '-dumpdir' 'CMakeFiles/cmTC_c08e9.dir/'
 /usr/libexec/gcc/x86_64-redhat-linux/12/cc1 -quiet -v -D_REENTRANT /home/vbubela/school/avs-proj02/build/CMakeFiles/CMakeScratch/TryCompile-1NwsuM/OpenMPTryFlag.c -quiet -dumpdir CMakeFiles/cmTC_c08e9.dir/ -dumpbase OpenMPTryFlag.c.c -dumpbase-ext .c -mtune=generic -march=x86-64 -version -fopenmp -o /tmp/ccJyyoFX.s
GNU C17 (GCC) version 12.2.1 20221121 (Red Hat 12.2.1-4) (x86_64-redhat-linux)
	compiled by GNU C version 12.2.1 20221121 (Red Hat 12.2.1-4), GMP version 6.2.1, MPFR version 4.1.0-p13, MPC version 1.2.1, isl version isl-0.24-GMP

GGC heuristics: --param ggc-min-expand=100 --param ggc-min-heapsize=131072
ignoring nonexistent directory "/usr/lib/gcc/x86_64-redhat-linux/12/include-fixed"
ignoring nonexistent directory "/usr/lib/gcc/x86_64-redhat-linux/12/../../../../x86_64-redhat-linux/include"
#include "..." search starts here:
#include <...> search starts here:
 /usr/lib/gcc/x86_64-redhat-linux/12/include
 /usr/local/include
 /usr/include
End of search list.
GNU C17 (GCC) version 12.2.1 20221121 (Red Hat 12.2.1-4) (x86_64-redhat-linux)
	compiled by GNU C version 12.2.1 20221121 (Red Hat 12.2.1-4), GMP version 6.2.1, MPFR version 4.1.0-p13, MPC version 1.2.1, isl version isl-0.24-GMP

GGC heuristics: --param ggc-min-expand=100 --param ggc-min-heapsize=131072
Compiler executable checksum: e7cfb398591188071efa3be810fe2962
COLLECT_GCC_OPTIONS='-fopenmp' '-v' '-o' 'CMakeFiles/cmTC_c08e9.dir/OpenMPTryFlag.c.o' '-c' '-mtune=generic' '-march=x86-64' '-pthread' '-dumpdir' 'CMakeFiles/cmTC_c08e9.dir/'
 as -v --64 -o CMakeFiles/cmTC_c08e9.dir/OpenMPTryFlag.c.o /tmp/ccJyyoFX.s
GNU assembler version 2.38 (x86_64-redhat-linux) using BFD version version 2.38-25.fc37
COMPILER_PATH=/usr/libexec/gcc/x86_64-redhat-linux/12/:/usr/libexec/gcc/x86_64-redhat-linux/12/:/usr/libexec/gcc/x86_64-redhat-linux/:/usr/lib/gcc/x86_64-redhat-linux/12/:/usr/lib/gcc/x86_64-redhat-linux/
LIBRARY_PATH=/usr/lib/gcc/x86_64-redhat-linux/12/:/usr/lib/gcc/x86_64-redhat-linux/12/../../../../lib64/:/lib/../lib64/:/usr/lib/../lib64/:/usr/lib/gcc/x86_64-redhat-linux/12/../../../:/lib/:/usr/lib/
COLLECT_GCC_OPTIONS='-fopenmp' '-v' '-o' 'CMakeFiles/cmTC_c08e9.dir/OpenMPTryFlag.c.o' '-c' '-mtune=generic' '-march=x86-64' '-pthread' '-dumpdir' 'CMakeFiles/cmTC_c08e9.dir/OpenMPTryFlag.c.'
Linking C executable cmTC_c08e9
/usr/bin/cmake -E cmake_link_script CMakeFiles/cmTC_c08e9.dir/link.txt --verbose=1
/usr/bin/cc  -fopenmp -v CMakeFiles/cmTC_c08e9.dir/OpenMPTryFlag.c.o -o cmTC_c08e9  -v 
Using built-in specs.
COLLECT_GCC=/usr/bin/cc
COLLECT_LTO_WRAPPER=/usr/libexec/gcc/x86_64-redhat-linux/12/lto-wrapper
OFFLOAD_TARGET_NAMES=nvptx-none
OFFLOAD_TARGET_DEFAULT=1
Target: x86_64-redhat-linux
Configured with: ../configure --enable-bootstrap --enable-languages=c,c++,fortran,objc,obj-c++,ada,go,d,lto --prefix=/usr --mandir=/usr/share/man --infodir=/usr/share/info --with-bugurl=http://bugzilla.redhat.com/bugzilla --enable-shared --enable-threads=posix --enable-checking=release --enable-multilib --with-system-zlib --enable-__cxa_atexit --disable-libunwind-exceptions --enable-gnu-unique-object --enable-linker-build-id --with-gcc-major-version-only --enable-libstdcxx-backtrace --with-linker-hash-style=gnu --enable-plugin --enable-initfini-array --with-isl=/builddir/build/BUILD/gcc-12.2.1-20221121/obj-x86_64-redhat-linux/isl-install --enable-offload-targets=nvptx-none --without-cuda-driver --enable-offload-defaulted --enable-gnu-indirect-function --enable-cet --with-tune=generic --with-arch_32=i686 --build=x86_64-redhat-linux --with-build-config=bootstrap-lto --enable-link-serialization=1
Thread model: posix
Supported LTO compression algorithms: zlib zstd
gcc version 12.2.1 20221121 (Red Hat 12.2.1-4) (GCC) 
COMPILER_PATH=/usr/libexec/gcc/x86_64-redhat-linux/12/:/usr/libexec/gcc/x86_64-redhat-linux/12/:/usr/libexec/gcc/x86_64-redhat-linux/:/usr/lib/gcc/x86_64-redhat-linux/12/:/usr/lib/gcc/x86_64-redhat-linux/
LIBRARY_PATH=/usr/lib/gcc/x86_64-redhat-linux/12/:/usr/lib/gcc/x86_64-redhat-linux/12/../../../../lib64/:/lib/../lib64/:/usr/lib/../lib64/:/usr/lib/gcc/x86_64-redhat-linux/12/../../../:/lib/:/usr/lib/
Reading specs from /usr/lib/gcc/x86_64-redhat-linux/12/libgomp.spec
COLLECT_GCC_OPTIONS='-fopenmp' '-v' '-o' 'cmTC_c08e9' '-v' '-mtune=generic' '-march=x86-64' '-pthread' '-dumpdir' 'cmTC_c08e9.'
 /usr/libexec/gcc/x86_64-redhat-linux/12/collect2 -plugin /usr/libexec/gcc/x86_64-redhat-linux/12/liblto_plugin.so -plugin-opt=/usr/libexec/gcc/x86_64-redhat-linux/12/lto-wrapper -plugin-opt=-fresolution=/tmp/cczQUN8C.res -plugin-opt=-pass-through=-lgcc -plugin-opt=-pass-through=-lgcc_s -plugin-opt=-pass-through=-lpthread -plugin-opt=-pass-through=-lc -plugin-opt=-pass-through=-lgcc -plugin-opt=-pass-through=-lgcc_s --build-id --no-add-needed --eh-frame-hdr --hash-style=gnu -m elf_x86_64 -dynamic-linker /lib64/ld-linux-x86-64.so.2 -o cmTC_c08e9 /usr/lib/gcc/x86_64-redhat-linux/12/../../../../lib64/crt1.o /usr/lib/gcc/x86_64-redhat-linux/12/../../../../lib64/crti.o /usr/lib/gcc/x86_64-redhat-linux/12/crtbegin.o /usr/lib/gcc/x86_64-redhat-linux/12/crtoffloadbegin.o -L/usr/lib/gcc/x86_64-redhat-linux/12 -L/usr/lib/gcc/x86_64-redhat-linux/12/../../../../lib64 -L/lib/../lib64 -L/usr/lib/../lib64 -L/usr/lib/gcc/x86_64-redhat-linux/12/../../.. CMakeFiles/cmTC_c08e9.dir/OpenMPTryFlag.c.o -lgomp -lgcc --push-state --as-needed -lgcc_s --pop-state -lpthread -lc -lgcc --push-state --as-needed -lgcc_s --pop-state /usr/lib/gcc/x86_64-redhat-linux/12/crtend.o /usr/lib/gcc/x86_64-redhat-linux/12/../../../../lib64/crtn.o /usr/lib/gcc/x86_64-redhat-linux/12/crtoffloadend.o
COLLECT_GCC_OPTIONS='-fopenmp' '-v' '-o' 'cmTC_c08e9' '-v' '-mtune=generic' '-march=x86-64' '-pthread' '-dumpdir' 'cmTC_c08e9.'
gmake[1]: Leaving directory '/home/vbubela/school/avs-proj02/build/CMakeFiles/CMakeScratch/TryCompile-1NwsuM'



Parsed C OpenMP implicit link information from above output:
  link line regex: [^( *|.*[/\])(ld|CMAKE_LINK_STARTFILE-NOTFOUND|([^/\]+-)?ld|collect2)[^/\]*( |$)]
  ignore line: [Change Dir: /home/vbubela/school/avs-proj02/build/CMakeFiles/CMakeScratch/TryCompile-1NwsuM]
  ignore line: []
  ignore line: [Run Build Command(s):/usr/bin/gmake -f Makefile cmTC_c08e9/fast && /usr/bin/gmake  -f CMakeFiles/cmTC_c08e9.dir/build.make CMakeFiles/cmTC_c08e9.dir/build]
  ignore line: [gmake[1]: Entering directory '/home/vbubela/school/avs-proj02/build/CMakeFiles/CMakeScratch/TryCompile-1NwsuM']
  ignore line: [Building C object CMakeFiles/cmTC_c08e9.dir/OpenMPTryFlag.c.o]
  ignore line: [/usr/bin/cc   -fopenmp -v -o CMakeFiles/cmTC_c08e9.dir/OpenMPTryFlag.c.o -c /home/vbubela/school/avs-proj02/build/CMakeFiles/CMakeScratch/TryCompile-1NwsuM/OpenMPTryFlag.c]
  ignore line: [Using built-in specs.]
  ignore line: [COLLECT_GCC=/usr/bin/cc]
  ignore line: [OFFLOAD_TARGET_NAMES=nvptx-none]
  ignore line: [OFFLOAD_TARGET_DEFAULT=1]
  ignore line: [Target: x86_64-redhat-linux]
  ignore line: [Configured with: ../configure --enable-bootstrap --enable-languages=c c++ fortran objc obj-c++ ada go d lto --prefix=/usr --mandir=/usr/share/man --infodir=/usr/share/info --with-bugurl=http://bugzilla.redhat.com/bugzilla --enable-shared --enable-threads=posix --enable-checking=release --enable-multilib --with-system-zlib --enable-__cxa_atexit --disable-libunwind-exceptions --enable-gnu-unique-object --enable-linker-build-id --with-gcc-major-version-only --enable-libstdcxx-backtrace --with-linker-hash-style=gnu --enable-plugin --enable-initfini-array --with-isl=/builddir/build/BUILD/gcc-12.2.1-20221121/obj-x86_64-redhat-linux/isl-install --enable-offload-targets=nvptx-none --without-cuda-driver --enable-offload-defaulted --enable-gnu-indirect-function --enable-cet --with-tune=generic --with-arch_32=i686 --build=x86_64-redhat-linux --with-build-config=bootstrap-lto --enable-link-serialization=1]
  ignore line: [Thread model: posix]
  ignore line: [Supported LTO compression algorithms: zlib zstd]
  ignore line: [gcc version 12.2.1 20221121 (Red Hat 12.2.1-4) (GCC) ]
  ignore line: [COLLECT_GCC_OPTIONS='-fopenmp' '-v' '-o' 'CMakeFiles/cmTC_c08e9.dir/OpenMPTryFlag.c.o' '-c' '-mtune=generic' '-march=x86-64' '-pthread' '-dumpdir' 'CMakeFiles/cmTC_c08e9.dir/']
  ignore line: [ /usr/libexec/gcc/x86_64-redhat-linux/12/cc1 -quiet -v -D_REENTRANT /home/vbubela/school/avs-proj02/build/CMakeFiles/CMakeScratch/TryCompile-1NwsuM/OpenMPTryFlag.c -quiet -dumpdir CMakeFiles/cmTC_c08e9.dir/ -dumpbase OpenMPTryFlag.c.c -dumpbase-ext .c -mtune=generic -march=x86-64 -version -fopenmp -o /tmp/ccJyyoFX.s]
  ignore line: [GNU C17 (GCC) version 12.2.1 20221121 (Red Hat 12.2.1-4) (x86_64-redhat-linux)]
  ignore line: [	compiled by GNU C version 12.2.1 20221121 (Red Hat 12.2.1-4)  GMP version 6.2.1  MPFR version 4.1.0-p13  MPC version 1.2.1  isl version isl-0.24-GMP]
  ignore line: []
  ignore line: [GGC heuristics: --param ggc-min-expand=100 --param ggc-min-heapsize=131072]
  ignore line: [ignoring nonexistent directory "/usr/lib/gcc/x86_64-redhat-linux/12/include-fixed"]
  ignore line: [ignoring nonexistent directory "/usr/lib/gcc/x86_64-redhat-linux/12/../../../../x86_64-redhat-linux/include"]
  ignore line: [#include "..." search starts here:]
  ignore line: [#include <...> search starts here:]
  ignore line: [ /usr/lib/gcc/x86_64-redhat-linux/12/include]
  ignore line: [ /usr/local/include]
  ignore line: [ /usr/include]
  ignore line: [End of search list.]
  ignore line: [GNU C17 (GCC) version 12.2.1 20221121 (Red Hat 12.2.1-4) (x86_64-redhat-linux)]
  ignore line: [	compiled by GNU C version 12.2.1 20221121 (Red Hat 12.2.1-4)  GMP version 6.2.1  MPFR version 4.1.0-p13  MPC version 1.2.1  isl version isl-0.24-GMP]
  ignore line: []
  ignore line: [GGC heuristics: --param ggc-min-expand=100 --param ggc-min-heapsize=131072]
  ignore line: [Compiler executable checksum: e7cfb398591188071efa3be810fe2962]
  ignore line: [COLLECT_GCC_OPTIONS='-fopenmp' '-v' '-o' 'CMakeFiles/cmTC_c08e9.dir/OpenMPTryFlag.c.o' '-c' '-mtune=generic' '-march=x86-64' '-pthread' '-dumpdir' 'CMakeFiles/cmTC_c08e9.dir/']
  ignore line: [ as -v --64 -o CMakeFiles/cmTC_c08e9.dir/OpenMPTryFlag.c.o /tmp/ccJyyoFX.s]
  ignore line: [GNU assembler version 2.38 (x86_64-redhat-linux) using BFD version version 2.38-25.fc37]
  ignore line: [COMPILER_PATH=/usr/libexec/gcc/x86_64-redhat-linux/12/:/usr/libexec/gcc/x86_64-redhat-linux/12/:/usr/libexec/gcc/x86_64-redhat-linux/:/usr/lib/gcc/x86_64-redhat-linux/12/:/usr/lib/gcc/x86_64-redhat-linux/]
  ignore line: [LIBRARY_PATH=/usr/lib/gcc/x86_64-redhat-linux/12/:/usr/lib/gcc/x86_64-redhat-linux/12/../../../../lib64/:/lib/../lib64/:/usr/lib/../lib64/:/usr/lib/gcc/x86_64-redhat-linux/12/../../../:/lib/:/usr/lib/]
  ignore line: [COLLECT_GCC_OPTIONS='-fopenmp' '-v' '-o' 'CMakeFiles/cmTC_c08e9.dir/OpenMPTryFlag.c.o' '-c' '-mtune=generic' '-march=x86-64' '-pthread' '-dumpdir' 'CMakeFiles/cmTC_c08e9.dir/OpenMPTryFlag.c.']
  ignore line: [Linking C executable cmTC_c08e9]
  ignore line: [/usr/bin/cmake -E cmake_link_script CMakeFiles/cmTC_c08e9.dir/link.txt --verbose=1]
  ignore line: [/usr/bin/cc  -fopenmp -v CMakeFiles/cmTC_c08e9.dir/OpenMPTryFlag.c.o -o cmTC_c08e9  -v ]
  ignore line: [Using built-in specs.]
  ignore line: [COLLECT_GCC=/usr/bin/cc]
  ignore line: [COLLECT_LTO_WRAPPER=/usr/libexec/gcc/x86_64-redhat-linux/12/lto-wrapper]
  ignore line: [OFFLOAD_TARGET_NAMES=nvptx-none]
  ignore line: [OFFLOAD_TARGET_DEFAULT=1]
  ignore line: [Target: x86_64-redhat-linux]
  ignore line: [Configured with: ../configure --enable-bootstrap --enable-languages=c c++ fortran objc obj-c++ ada go d lto --prefix=/usr --mandir=/usr/share/man --infodir=/usr/share/info --with-bugurl=http://bugzilla.redhat.com/bugzilla --enable-shared --enable-threads=posix --enable-checking=release --enable-multilib --with-system-zlib --enable-__cxa_atexit --disable-libunwind-exceptions --enable-gnu-unique-object --enable-linker-build-id --with-gcc-major-version-only --enable-libstdcxx-backtrace --with-linker-hash-style=gnu --enable-plugin --enable-initfini-array --with-isl=/builddir/build/BUILD/gcc-12.2.1-20221121/obj-x86_64-redhat-linux/isl-install --enable-offload-targets=nvptx-none --without-cuda-driver --enable-offload-defaulted --enable-gnu-indirect-function --enable-cet --with-tune=generic --with-arch_32=i686 --build=x86_64-redhat-linux --with-build-config=bootstrap-lto --enable-link-serialization=1]
  ignore line: [Thread model: posix]
  ignore line: [Supported LTO compression algorithms: zlib zstd]
  ignore line: [gcc version 12.2.1 20221121 (Red Hat 12.2.1-4) (GCC) ]
  ignore line: [COMPILER_PATH=/usr/libexec/gcc/x86_64-redhat-linux/12/:/usr/libexec/gcc/x86_64-redhat-linux/12/:/usr/libexec/gcc/x86_64-redhat-linux/:/usr/lib/gcc/x86_64-redhat-linux/12/:/usr/lib/gcc/x86_64-redhat-linux/]
  ignore line: [LIBRARY_PATH=/usr/lib/gcc/x86_64-redhat-linux/12/:/usr/lib/gcc/x86_64-redhat-linux/12/../../../../lib64/:/lib/../lib64/:/usr/lib/../lib64/:/usr/lib/gcc/x86_64-redhat-linux/12/../../../:/lib/:/usr/lib/]
  ignore line: [Reading specs from /usr/lib/gcc/x86_64-redhat-linux/12/libgomp.spec]
  ignore line: [COLLECT_GCC_OPTIONS='-fopenmp' '-v' '-o' 'cmTC_c08e9' '-v' '-mtune=generic' '-march=x86-64' '-pthread' '-dumpdir' 'cmTC_c08e9.']
  link line: [ /usr/libexec/gcc/x86_64-redhat-linux/12/collect2 -plugin /usr/libexec/gcc/x86_64-redhat-linux/12/liblto_plugin.so -plugin-opt=/usr/libexec/gcc/x86_64-redhat-linux/12/lto-wrapper -plugin-opt=-fresolution=/tmp/cczQUN8C.res -plugin-opt=-pass-through=-lgcc -plugin-opt=-pass-through=-lgcc_s -plugin-opt=-pass-through=-lpthread -plugin-opt=-pass-through=-lc -plugin-opt=-pass-through=-lgcc -plugin-opt=-pass-through=-lgcc_s --build-id --no-add-needed --eh-frame-hdr --hash-style=gnu -m elf_x86_64 -dynamic-linker /lib64/ld-linux-x86-64.so.2 -o cmTC_c08e9 /usr/lib/gcc/x86_64-redhat-linux/12/../../../../lib64/crt1.o /usr/lib/gcc/x86_64-redhat-linux/12/../../../../lib64/crti.o /usr/lib/gcc/x86_64-redhat-linux/12/crtbegin.o /usr/lib/gcc/x86_64-redhat-linux/12/crtoffloadbegin.o -L/usr/lib/gcc/x86_64-redhat-linux/12 -L/usr/lib/gcc/x86_64-redhat-linux/12/../../../../lib64 -L/lib/../lib64 -L/usr/lib/../lib64 -L/usr/lib/gcc/x86_64-redhat-linux/12/../../.. CMakeFiles/cmTC_c08e9.dir/OpenMPTryFlag.c.o -lgomp -lgcc --push-state --as-needed -lgcc_s --pop-state -lpthread -lc -lgcc --push-state --as-needed -lgcc_s --pop-state /usr/lib/gcc/x86_64-redhat-linux/12/crtend.o /usr/lib/gcc/x86_64-redhat-linux/12/../../../../lib64/crtn.o /usr/lib/gcc/x86_64-redhat-linux/12/crtoffloadend.o]
    arg [/usr/libexec/gcc/x86_64-redhat-linux/12/collect2] ==> ignore
    arg [-plugin] ==> ignore
    arg [/usr/libexec/gcc/x86_64-redhat-linux/12/liblto_plugin.so] ==> ignore
    arg [-plugin-opt=/usr/libexec/gcc/x86_64-redhat-linux/12/lto-wrapper] ==> ignore
    arg [-plugin-opt=-fresolution=/tmp/cczQUN8C.res] ==> ignore
    arg [-plugin-opt=-pass-through=-lgcc] ==> ignore
    arg [-plugin-opt=-pass-through=-lgcc_s] ==> ignore
    arg [-plugin-opt=-pass-through=-lpthread] ==> ignore
    arg [-plugin-opt=-pass-through=-lc] ==> ignore
    arg [-plugin-opt=-pass-through=-lgcc] ==> ignore
    arg [-plugin-opt=-pass-through=-lgcc_s] ==> ignore
    arg [--build-id] ==> ignore
    arg [--no-add-needed] ==> ignore
    arg [--eh-frame-hdr] ==> ignore
    arg [--hash-style=gnu] ==> ignore
    arg [-m] ==> ignore
    arg [elf_x86_64] ==> ignore
    arg [-dynamic-linker] ==> ignore
    arg [/lib64/ld-linux-x86-64.so.2] ==> ignore
    arg [-o] ==> ignore
    arg [cmTC_c08e9] ==> ignore
    arg [-L/usr/lib/gcc/x86_64-redhat-linux/12] ==> dir [/usr/lib/gcc/x86_64-redhat-linux/12]
    arg [-L/usr/lib/gcc/x86_64-redhat-linux/12/../../../../lib64] ==> dir [/usr/lib/gcc/x86_64-redhat-linux/12/../../../../lib64]
    arg [-L/lib/../lib64] ==> dir [/lib/../lib64]
    arg [-L/usr/lib/../lib64] ==> dir [/usr/lib/../lib64]
    arg [-L/usr/lib/gcc/x86_64-redhat-linux/12/../../..] ==> dir [/usr/lib/gcc/x86_64-redhat-linux/12/../../..]
    arg [CMakeFiles/cmTC_c08e9.dir/OpenMPTryFlag.c.o] ==> ignore
    arg [-lgomp] ==> lib [gomp]
    arg [-lgcc] ==> lib [gcc]
    arg [--push-state] ==> ignore
    arg [--as-needed] ==> ignore
    arg [-lgcc_s] ==> lib [gcc_s]
    arg [--pop-state] ==> ignore
    arg [-lpthread] ==> lib [pthread]
    arg [-lc] ==> lib [c]
    arg [-lgcc] ==> lib [gcc]
    arg [--push-state] ==> ignore
    arg [--as-needed] ==> ignore
    arg [-lgcc_s] ==> lib [gcc_s]
    arg [--pop-state] ==> ignore
  collapse library dir [/usr/lib/gcc/x86_64-redhat-linux/12] ==> [/usr/lib/gcc/x86_64-redhat-linux/12]
  collapse library dir [/usr/lib/gcc/x86_64-redhat-linux/12/../../../../lib64] ==> [/usr/lib64]
  collapse library dir [/lib/../lib64] ==> [/lib64]
  collapse library dir [/usr/lib/../lib64] ==> [/usr/lib64]
  collapse library dir [/usr/lib/gcc/x86_64-redhat-linux/12/../../..] ==> [/usr/lib]
  implicit libs: [gomp;gcc;gcc_s;pthread;c;gcc;gcc_s]
  implicit objs: []
  implicit dirs: [/usr/lib/gcc/x86_64-redhat-linux/12;/usr/lib64;/lib64;/usr/lib]
  implicit fwks: []


Detecting CXX OpenMP compiler ABI info compiled with the following output:
Change Dir: /home/vbubela/school/avs-proj02/build/CMakeFiles/CMakeScratch/TryCompile-TCOyI0

Run Build Command(s):/usr/bin/gmake -f Makefile cmTC_d64d8/fast && /usr/bin/gmake  -f CMakeFiles/cmTC_d64d8.dir/build.make CMakeFiles/cmTC_d64d8.dir/build
gmake[1]: Entering directory '/home/vbubela/school/avs-proj02/build/CMakeFiles/CMakeScratch/TryCompile-TCOyI0'
Building CXX object CMakeFiles/cmTC_d64d8.dir/OpenMPTryFlag.cpp.o
/usr/bin/c++   -O3 -march=native -mtune=native  -fopenmp -v -std=gnu++11 -o CMakeFiles/cmTC_d64d8.dir/OpenMPTryFlag.cpp.o -c /home/vbubela/school/avs-proj02/build/CMakeFiles/CMakeScratch/TryCompile-TCOyI0/OpenMPTryFlag.cpp
Using built-in specs.
COLLECT_GCC=/usr/bin/c++
OFFLOAD_TARGET_NAMES=nvptx-none
OFFLOAD_TARGET_DEFAULT=1
Target: x86_64-redhat-linux
Configured with: ../configure --enable-bootstrap --enable-languages=c,c++,fortran,objc,obj-c++,ada,go,d,lto --prefix=/usr --mandir=/usr/share/man --infodir=/usr/share/info --with-bugurl=http://bugzilla.redhat.com/bugzilla --enable-shared --enable-threads=posix --enable-checking=release --enable-multilib --with-system-zlib --enable-__cxa_atexit --disable-libunwind-exceptions --enable-gnu-unique-object --enable-linker-build-id --with-gcc-major-version-only --enable-libstdcxx-backtrace --with-linker-hash-style=gnu --enable-plugin --enable-initfini-array --with-isl=/builddir/build/BUILD/gcc-12.2.1-20221121/obj-x86_64-redhat-linux/isl-install --enable-offload-targets=nvptx-none --without-cuda-driver --enable-offload-defaulted --enable-gnu-indirect-function --enable-cet --with-tune=generic --with-arch_32=i686 --build=x86_64-redhat-linux --with-build-config=bootstrap-lto --enable-link-serialization=1
Thread model: posix
Supported LTO compression algorithms: zlib zstd
gcc version 12.2.1 20221121 (Red Hat 12.2.1-4) (GCC) 
COLLECT_GCC_OPTIONS='-O3' '-march=native' '-mtune=native' '-fopenmp' '-v' '-std=gnu++11' '-o' 'CMakeFiles/cmTC_d64d8.dir/OpenMPTryFlag.cpp.o' '-c' '-shared-libgcc' '-pthread' '-dumpdir' 'CMakeFiles/cmTC_d64d8.dir/'
 /usr/libexec/gcc/x86_64-redhat-linux/12/cc1plus -quiet -v -D_GNU_SOURCE -D_REENTRANT /home/vbubela/school/avs-proj02/build/CMakeFiles/CMakeScratch/TryCompile-TCOyI0/OpenMPTryFlag.cpp -march=skylake -mmmx -mpopcnt -msse -msse2 -msse3 -mssse3 -msse4.1 -msse4.2 -mavx -mavx2 -mno-sse4a -mno-fma4 -mno-xop -mfma -mno-avx512f -mbmi -mbmi2 -maes -mpclmul -mno-avx512vl -mno-avx512bw -mno-avx512dq -mno-avx512cd -mno-avx512er -mno-avx512pf -mno-avx512vbmi -mno-avx512ifma -mno-avx5124vnniw -mno-avx5124fmaps -mno-avx512vpopcntdq -mno-avx512vbmi2 -mno-gfni -mno-vpclmulqdq -mno-avx512vnni -mno-avx512bitalg -mno-avx512bf16 -mno-avx512vp2intersect -mno-3dnow -madx -mabm -mno-cldemote -mclflushopt -mno-clwb -mno-clzero -mcx16 -mno-enqcmd -mf16c -mfsgsbase -mfxsr -mno-hle -msahf -mno-lwp -mlzcnt -mmovbe -mno-movdir64b -mno-movdiri -mno-mwaitx -mno-pconfig -mno-pku -mno-prefetchwt1 -mprfchw -mno-ptwrite -mno-rdpid -mrdrnd -mrdseed -mno-rtm -mno-serialize -msgx -mno-sha -mno-shstk -mno-tbm -mno-tsxldtrk -mno-vaes -mno-waitpkg -mno-wbnoinvd -mxsave -mxsavec -mxsaveopt -mxsaves -mno-amx-tile -mno-amx-int8 -mno-amx-bf16 -mno-uintr -mno-hreset -mno-kl -mno-widekl -mno-avxvnni -mno-avx512fp16 --param l1-cache-size=32 --param l1-cache-line-size=64 --param l2-cache-size=8192 -mtune=skylake -quiet -dumpdir CMakeFiles/cmTC_d64d8.dir/ -dumpbase OpenMPTryFlag.cpp.cpp -dumpbase-ext .cpp -O3 -std=gnu++11 -version -fopenmp -o /tmp/ccrHzkp4.s
GNU C++11 (GCC) version 12.2.1 20221121 (Red Hat 12.2.1-4) (x86_64-redhat-linux)
	compiled by GNU C version 12.2.1 20221121 (Red Hat 12.2.1-4), GMP version 6.2.1, MPFR version 4.1.0-p13, MPC version 1.2.1, isl version isl-0.24-GMP

GGC heuristics: --param ggc-min-expand=100 --param ggc-min-heapsize=131072
ignoring nonexistent directory "/usr/lib/gcc/x86_64-redhat-linux/12/include-fixed"
ignoring nonexistent directory "/usr/lib/gcc/x86_64-redhat-linux/12/../../../../x86_64-redhat-linux/include"
#include "..." search starts here:
#include <...> search starts here:
 /usr/lib/gcc/x86_64-redhat-linux/12/../../../../include/c++/12
 /usr/lib/gcc/x86_64-redhat-linux/12/../../../../include/c++/12/x86_64-redhat-linux
 /usr/lib/gcc/x86_64-redhat-linux/12/../../../../include/c++/12/backward
 /usr/lib/gcc/x86_64-redhat-linux/12/include
 /usr/local/include
 /usr/include
End of search list.
GNU C++11 (GCC) version 12.2.1 20221121 (Red Hat 12.2.1-4) (x86_64-redhat-linux)
	compiled by GNU C version 12.2.1 20221121 (Red Hat 12.2.1-4), GMP version 6.2.1, MPFR version 4.1.0-p13, MPC version 1.2.1, isl version isl-0.24-GMP

GGC heuristics: --param ggc-min-expand=100 --param ggc-min-heapsize=131072
Compiler executable checksum: b80dcb4218100c8bed4b8384479def9a
COLLECT_GCC_OPTIONS='-O3' '-march=native' '-mtune=native' '-fopenmp' '-v' '-std=gnu++11' '-o' 'CMakeFiles/cmTC_d64d8.dir/OpenMPTryFlag.cpp.o' '-c' '-shared-libgcc' '-pthread' '-dumpdir' 'CMakeFiles/cmTC_d64d8.dir/'
 as -v --64 -o CMakeFiles/cmTC_d64d8.dir/OpenMPTryFlag.cpp.o /tmp/ccrHzkp4.s
GNU assembler version 2.38 (x86_64-redhat-linux) using BFD version version 2.38-25.fc37
COMPILER_PATH=/usr/libexec/gcc/x86_64-redhat-linux/12/:/usr/libexec/gcc/x86_64-redhat-linux/12/:/usr/libexec/gcc/x86_64-redhat-linux/:/usr/lib/gcc/x86_64-redhat-linux/12/:/usr/lib/gcc/x86_64-redhat-linux/
LIBRARY_PATH=/usr/lib/gcc/x86_64-redhat-linux/12/:/usr/lib/gcc/x86_64-redhat-linux/12/../../../../lib64/:/lib/../lib64/:/usr/lib/../lib64/:/usr/lib/gcc/x86_64-redhat-linux/12/../../../:/lib/:/usr/lib/
COLLECT_GCC_OPTIONS='-O3' '-march=native' '-mtune=native' '-fopenmp' '-v' '-std=gnu++11' '-o' 'CMakeFiles/cmTC_d64d8.dir/OpenMPTryFlag.cpp.o' '-c' '-shared-libgcc' '-pthread' '-dumpdir' 'CMakeFiles/cmTC_d64d8.dir/OpenMPTryFlag.cpp.'
Linking CXX executable cmTC_d64d8
/usr/bin/cmake -E cmake_link_script CMakeFiles/cmTC_d64d8.dir/link.txt --verbose=1
/usr/bin/c++ -O3 -march=native -mtune=native  -fopenmp -v CMakeFiles/cmTC_d64d8.dir/OpenMPTryFlag.cpp.o -o cmTC_d64d8  -v 
Using built-in specs.
COLLECT_GCC=/usr/bin/c++
COLLECT_LTO_WRAPPER=/usr/libexec/gcc/x86_64-redhat-linux/12/lto-wrapper
OFFLOAD_TARGET_NAMES=nvptx-none
OFFLOAD_TARGET_DEFAULT=1
Target: x86_64-redhat-linux
Configured with: ../configure --enable-bootstrap --enable-languages=c,c++,fortran,objc,obj-c++,ada,go,d,lto --prefix=/usr --mandir=/usr/share/man --infodir=/usr/share/info --with-bugurl=http://bugzilla.redhat.com/bugzilla --enable-shared --enable-threads=posix --enable-checking=release --enable-multilib --with-system-zlib --enable-__cxa_atexit --disable-libunwind-exceptions --enable-gnu-unique-object --enable-linker-build-id --with-gcc-major-version-only --enable-libstdcxx-backtrace --with-linker-hash-style=gnu --enable-plugin --enable-initfini-array --with-isl=/builddir/build/BUILD/gcc-12.2.1-20221121/obj-x86_64-redhat-linux/isl-install --enable-offload-targets=nvptx-none --without-cuda-driver --enable-offload-defaulted --enable-gnu-indirect-function --enable-cet --with-tune=generic --with-arch_32=i686 --build=x86_64-redhat-linux --with-build-config=bootstrap-lto --enable-link-serialization=1
Thread model: posix
Supported LTO compression algorithms: zlib zstd
gcc version 12.2.1 20221121 (Red Hat 12.2.1-4) (GCC) 
COMPILER_PATH=/usr/libexec/gcc/x86_64-redhat-linux/12/:/usr/libexec/gcc/x86_64-redhat-linux/12/:/usr/libexec/gcc/x86_64-redhat-linux/:/usr/lib/gcc/x86_64-redhat-linux/12/:/usr/lib/gcc/x86_64-redhat-linux/
LIBRARY_PATH=/usr/lib/gcc/x86_64-redhat-linux/12/:/usr/lib/gcc/x86_64-redhat-linux/12/../../../../lib64/:/lib/../lib64/:/usr/lib/../lib64/:/usr/lib/gcc/x86_64-redhat-linux/12/../../../:/lib/:/usr/lib/
Reading specs from /usr/lib/gcc/x86_64-redhat-linux/12/libgomp.spec
COLLECT_GCC_OPTIONS='-O3' '-march=native' '-mtune=native' '-fopenmp' '-v' '-o' 'cmTC_d64d8' '-v' '-shared-libgcc' '-pthread' '-dumpdir' 'cmTC_d64d8.'
 /usr/libexec/gcc/x86_64-redhat-linux/12/collect2 -plugin /usr/libexec/gcc/x86_64-redhat-linux/12/liblto_plugin.so -plugin-opt=/usr/libexec/gcc/x86_64-redhat-linux/12/lto-wrapper -plugin-opt=-fresolution=/tmp/ccrm9hGo.res -plugin-opt=-pass-through=-lgcc_s -plugin-opt=-pass-through=-lgcc -plugin-opt=-pass-through=-lpthread -plugin-opt=-pass-through=-lc -plugin-opt=-pass-through=-lgcc_s -plugin-opt=-pass-through=-lgcc --build-id --no-add-needed --eh-frame-hdr --hash-style=gnu -m elf_x86_64 -dynamic-linker /lib64/ld-linux-x86-64.so.2 -o cmTC_d64d8 /usr/lib/gcc/x86_64-redhat-linux/12/../../../../lib64/crt1.o /usr/lib/gcc/x86_64-redhat-linux/12/../../../../lib64/crti.o /usr/lib/gcc/x86_64-redhat-linux/12/crtbegin.o /usr/lib/gcc/x86_64-redhat-linux/12/crtoffloadbegin.o -L/usr/lib/gcc/x86_64-redhat-linux/12 -L/usr/lib/gcc/x86_64-redhat-linux/12/../../../../lib64 -L/lib/../lib64 -L/usr/lib/../lib64 -L/usr/lib/gcc/x86_64-redhat-linux/12/../../.. CMakeFiles/cmTC_d64d8.dir/OpenMPTryFlag.cpp.o -lstdc++ -lm -lgomp -lgcc_s -lgcc -lpthread -lc -lgcc_s -lgcc /usr/lib/gcc/x86_64-redhat-linux/12/crtend.o /usr/lib/gcc/x86_64-redhat-linux/12/../../../../lib64/crtn.o /usr/lib/gcc/x86_64-redhat-linux/12/crtoffloadend.o
COLLECT_GCC_OPTIONS='-O3' '-march=native' '-mtune=native' '-fopenmp' '-v' '-o' 'cmTC_d64d8' '-v' '-shared-libgcc' '-pthread' '-dumpdir' 'cmTC_d64d8.'
gmake[1]: Leaving directory '/home/vbubela/school/avs-proj02/build/CMakeFiles/CMakeScratch/TryCompile-TCOyI0'



Parsed CXX OpenMP implicit link information from above output:
  link line regex: [^( *|.*[/\])(ld|CMAKE_LINK_STARTFILE-NOTFOUND|([^/\]+-)?ld|collect2)[^/\]*( |$)]
  ignore line: [Change Dir: /home/vbubela/school/avs-proj02/build/CMakeFiles/CMakeScratch/TryCompile-TCOyI0]
  ignore line: []
  ignore line: [Run Build Command(s):/usr/bin/gmake -f Makefile cmTC_d64d8/fast && /usr/bin/gmake  -f CMakeFiles/cmTC_d64d8.dir/build.make CMakeFiles/cmTC_d64d8.dir/build]
  ignore line: [gmake[1]: Entering directory '/home/vbubela/school/avs-proj02/build/CMakeFiles/CMakeScratch/TryCompile-TCOyI0']
  ignore line: [Building CXX object CMakeFiles/cmTC_d64d8.dir/OpenMPTryFlag.cpp.o]
  ignore line: [/usr/bin/c++   -O3 -march=native -mtune=native  -fopenmp -v -std=gnu++11 -o CMakeFiles/cmTC_d64d8.dir/OpenMPTryFlag.cpp.o -c /home/vbubela/school/avs-proj02/build/CMakeFiles/CMakeScratch/TryCompile-TCOyI0/OpenMPTryFlag.cpp]
  ignore line: [Using built-in specs.]
  ignore line: [COLLECT_GCC=/usr/bin/c++]
  ignore line: [OFFLOAD_TARGET_NAMES=nvptx-none]
  ignore line: [OFFLOAD_TARGET_DEFAULT=1]
  ignore line: [Target: x86_64-redhat-linux]
  ignore line: [Configured with: ../configure --enable-bootstrap --enable-languages=c c++ fortran objc obj-c++ ada go d lto --prefix=/usr --mandir=/usr/share/man --infodir=/usr/share/info --with-bugurl=http://bugzilla.redhat.com/bugzilla --enable-shared --enable-threads=posix --enable-checking=release --enable-multilib --with-system-zlib --enable-__cxa_atexit --disable-libunwind-exceptions --enable-gnu-unique-object --enable-linker-build-id --with-gcc-major-version-only --enable-libstdcxx-backtrace --with-linker-hash-style=gnu --enable-plugin --enable-initfini-array --with-isl=/builddir/build/BUILD/gcc-12.2.1-20221121/obj-x86_64-redhat-linux/isl-install --enable-offload-targets=nvptx-none --without-cuda-driver --enable-offload-defaulted --enable-gnu-indirect-function --enable-cet --with-tune=generic --with-arch_32=i686 --build=x86_64-redhat-linux --with-build-config=bootstrap-lto --enable-link-serialization=1]
  ignore line: [Thread model: posix]
  ignore line: [Supported LTO compression algorithms: zlib zstd]
  ignore line: [gcc version 12.2.1 20221121 (Red Hat 12.2.1-4) (GCC) ]
  ignore line: [COLLECT_GCC_OPTIONS='-O3' '-march=native' '-mtune=native' '-fopenmp' '-v' '-std=gnu++11' '-o' 'CMakeFiles/cmTC_d64d8.dir/OpenMPTryFlag.cpp.o' '-c' '-shared-libgcc' '-pthread' '-dumpdir' 'CMakeFiles/cmTC_d64d8.dir/']
  ignore line: [ /usr/libexec/gcc/x86_64-redhat-linux/12/cc1plus -quiet -v -D_GNU_SOURCE -D_REENTRANT /home/vbubela/school/avs-proj02/build/CMakeFiles/CMakeScratch/TryCompile-TCOyI0/OpenMPTryFlag.cpp -march=skylake -mmmx -mpopcnt -msse -msse2 -msse3 -mssse3 -msse4.1 -msse4.2 -mavx -mavx2 -mno-sse4a -mno-fma4 -mno-xop -mfma -mno-avx512f -mbmi -mbmi2 -maes -mpclmul -mno-avx512vl -mno-avx512bw -mno-avx512dq -mno-avx512cd -mno-avx512er -mno-avx512pf -mno-avx512vbmi -mno-avx512ifma -mno-avx5124vnniw -mno-avx5124fmaps -mno-avx512vpopcntdq -mno-avx512vbmi2 -mno-gfni -mno-vpclmulqdq -mno-avx512vnni -mno-avx512bitalg -mno-avx512bf16 -mno-avx512vp2intersect -mno-3dnow -madx -mabm -mno-cldemote -mclflushopt -mno-clwb -mno-clzero -mcx16 -mno-enqcmd -mf16c -mfsgsbase -mfxsr -mno-hle -msahf -mno-lwp -mlzcnt -mmovbe -mno-movdir64b -mno-movdiri -mno-mwaitx -mno-pconfig -mno-pku -mno-prefetchwt1 -mprfchw -mno-ptwrite -mno-rdpid -mrdrnd -mrdseed -mno-rtm -mno-serialize -msgx -mno-sha -mno-shstk -mno-tbm -mno-tsxldtrk -mno-vaes -mno-waitpkg -mno-wbnoinvd -mxsave -mxsavec -mxsaveopt -mxsaves -mno-amx-tile -mno-amx-int8 -mno-amx-bf16 -mno-uintr -mno-hreset -mno-kl -mno-widekl -mno-avxvnni -mno-avx512fp16 --param l1-cache-size=32 --param l1-cache-line-size=64 --param l2-cache-size=8192 -mtune=skylake -quiet -dumpdir CMakeFiles/cmTC_d64d8.dir/ -dumpbase OpenMPTryFlag.cpp.cpp -dumpbase-ext .cpp -O3 -std=gnu++11 -version -fopenmp -o /tmp/ccrHzkp4.s]
  ignore line: [GNU C++11 (GCC) version 12.2.1 20221121 (Red Hat 12.2.1-4) (x86_64-redhat-linux)]
  ignore line: [	compiled by GNU C version 12.2.1 20221121 (Red Hat 12.2.1-4)  GMP version 6.2.1  MPFR version 4.1.0-p13  MPC version 1.2.1  isl version isl-0.24-GMP]
  ignore line: []
  ignore line: [GGC heuristics: --param ggc-min-expand=100 --param ggc-min-heapsize=131072]
  ignore line: [ignoring nonexistent directory "/usr/lib/gcc/x86_64-redhat-linux/12/include-fixed"]
  ignore line: [ignoring nonexistent directory "/usr/lib/gcc/x86_64-redhat-linux/12/../../../../x86_64-redhat-linux/include"]
  ignore line: [#include "..." search starts here:]
  ignore line: [#include <...> search starts here:]
  ignore line: [ /usr/lib/gcc/x86_64-redhat-linux/12/../../../../include/c++/12]
  ignore line: [ /usr/lib/gcc/x86_64-redhat-linux/12/../../../../include/c++/12/x86_64-redhat-linux]
  ignore line: [ /usr/lib/gcc/x86_64-redhat-linux/12/../../../../include/c++/12/backward]
  ignore line: [ /usr/lib/gcc/x86_64-redhat-linux/12/include]
  ignore line: [ /usr/local/include]
  ignore line: [ /usr/include]
  ignore line: [End of search list.]
  ignore line: [GNU C++11 (GCC) version 12.2.1 20221121 (Red Hat 12.2.1-4) (x86_64-redhat-linux)]
  ignore line: [	compiled by GNU C version 12.2.1 20221121 (Red Hat 12.2.1-4)  GMP version 6.2.1  MPFR version 4.1.0-p13  MPC version 1.2.1  isl version isl-0.24-GMP]
  ignore line: []
  ignore line: [GGC heuristics: --param ggc-min-expand=100 --param ggc-min-heapsize=131072]
  ignore line: [Compiler executable checksum: b80dcb4218100c8bed4b8384479def9a]
  ignore line: [COLLECT_GCC_OPTIONS='-O3' '-march=native' '-mtune=native' '-fopenmp' '-v' '-std=gnu++11' '-o' 'CMakeFiles/cmTC_d64d8.dir/OpenMPTryFlag.cpp.o' '-c' '-shared-libgcc' '-pthread' '-dumpdir' 'CMakeFiles/cmTC_d64d8.dir/']
  ignore line: [ as -v --64 -o CMakeFiles/cmTC_d64d8.dir/OpenMPTryFlag.cpp.o /tmp/ccrHzkp4.s]
  ignore line: [GNU assembler version 2.38 (x86_64-redhat-linux) using BFD version version 2.38-25.fc37]
  ignore line: [COMPILER_PATH=/usr/libexec/gcc/x86_64-redhat-linux/12/:/usr/libexec/gcc/x86_64-redhat-linux/12/:/usr/libexec/gcc/x86_64-redhat-linux/:/usr/lib/gcc/x86_64-redhat-linux/12/:/usr/lib/gcc/x86_64-redhat-linux/]
  ignore line: [LIBRARY_PATH=/usr/lib/gcc/x86_64-redhat-linux/12/:/usr/lib/gcc/x86_64-redhat-linux/12/../../../../lib64/:/lib/../lib64/:/usr/lib/../lib64/:/usr/lib/gcc/x86_64-redhat-linux/12/../../../:/lib/:/usr/lib/]
  ignore line: [COLLECT_GCC_OPTIONS='-O3' '-march=native' '-mtune=native' '-fopenmp' '-v' '-std=gnu++11' '-o' 'CMakeFiles/cmTC_d64d8.dir/OpenMPTryFlag.cpp.o' '-c' '-shared-libgcc' '-pthread' '-dumpdir' 'CMakeFiles/cmTC_d64d8.dir/OpenMPTryFlag.cpp.']
  ignore line: [Linking CXX executable cmTC_d64d8]
  ignore line: [/usr/bin/cmake -E cmake_link_script CMakeFiles/cmTC_d64d8.dir/link.txt --verbose=1]
  ignore line: [/usr/bin/c++ -O3 -march=native -mtune=native  -fopenmp -v CMakeFiles/cmTC_d64d8.dir/OpenMPTryFlag.cpp.o -o cmTC_d64d8  -v ]
  ignore line: [Using built-in specs.]
  ignore line: [COLLECT_GCC=/usr/bin/c++]
  ignore line: [COLLECT_LTO_WRAPPER=/usr/libexec/gcc/x86_64-redhat-linux/12/lto-wrapper]
  ignore line: [OFFLOAD_TARGET_NAMES=nvptx-none]
  ignore line: [OFFLOAD_TARGET_DEFAULT=1]
  ignore line: [Target: x86_64-redhat-linux]
  ignore line: [Configured with: ../configure --enable-bootstrap --enable-languages=c c++ fortran objc obj-c++ ada go d lto --prefix=/usr --mandir=/usr/share/man --infodir=/usr/share/info --with-bugurl=http://bugzilla.redhat.com/bugzilla --enable-shared --enable-threads=posix --enable-checking=release --enable-multilib --with-system-zlib --enable-__cxa_atexit --disable-libunwind-exceptions --enable-gnu-unique-object --enable-linker-build-id --with-gcc-major-version-only --enable-libstdcxx-backtrace --with-linker-hash-style=gnu --enable-plugin --enable-initfini-array --with-isl=/builddir/build/BUILD/gcc-12.2.1-20221121/obj-x86_64-redhat-linux/isl-install --enable-offload-targets=nvptx-none --without-cuda-driver --enable-offload-defaulted --enable-gnu-indirect-function --enable-cet --with-tune=generic --with-arch_32=i686 --build=x86_64-redhat-linux --with-build-config=bootstrap-lto --enable-link-serialization=1]
  ignore line: [Thread model: posix]
  ignore line: [Supported LTO compression algorithms: zlib zstd]
  ignore line: [gcc version 12.2.1 20221121 (Red Hat 12.2.1-4) (GCC) ]
  ignore line: [COMPILER_PATH=/usr/libexec/gcc/x86_64-redhat-linux/12/:/usr/libexec/gcc/x86_64-redhat-linux/12/:/usr/libexec/gcc/x86_64-redhat-linux/:/usr/lib/gcc/x86_64-redhat-linux/12/:/usr/lib/gcc/x86_64-redhat-linux/]
  ignore line: [LIBRARY_PATH=/usr/lib/gcc/x86_64-redhat-linux/12/:/usr/lib/gcc/x86_64-redhat-linux/12/../../../../lib64/:/lib/../lib64/:/usr/lib/../lib64/:/usr/lib/gcc/x86_64-redhat-linux/12/../../../:/lib/:/usr/lib/]
  ignore line: [Reading specs from /usr/lib/gcc/x86_64-redhat-linux/12/libgomp.spec]
  ignore line: [COLLECT_GCC_OPTIONS='-O3' '-march=native' '-mtune=native' '-fopenmp' '-v' '-o' 'cmTC_d64d8' '-v' '-shared-libgcc' '-pthread' '-dumpdir' 'cmTC_d64d8.']
  link line: [ /usr/libexec/gcc/x86_64-redhat-linux/12/collect2 -plugin /usr/libexec/gcc/x86_64-redhat-linux/12/liblto_plugin.so -plugin-opt=/usr/libexec/gcc/x86_64-redhat-linux/12/lto-wrapper -plugin-opt=-fresolution=/tmp/ccrm9hGo.res -plugin-opt=-pass-through=-lgcc_s -plugin-opt=-pass-through=-lgcc -plugin-opt=-pass-through=-lpthread -plugin-opt=-pass-through=-lc -plugin-opt=-pass-through=-lgcc_s -plugin-opt=-pass-through=-lgcc --build-id --no-add-needed --eh-frame-hdr --hash-style=gnu -m elf_x86_64 -dynamic-linker /lib64/ld-linux-x86-64.so.2 -o cmTC_d64d8 /usr/lib/gcc/x86_64-redhat-linux/12/../../../../lib64/crt1.o /usr/lib/gcc/x86_64-redhat-linux/12/../../../../lib64/crti.o /usr/lib/gcc/x86_64-redhat-linux/12/crtbegin.o /usr/lib/gcc/x86_64-redhat-linux/12/crtoffloadbegin.o -L/usr/lib/gcc/x86_64-redhat-linux/12 -L/usr/lib/gcc/x86_64-redhat-linux/12/../../../../lib64 -L/lib/../lib64 -L/usr/lib/../lib64 -L/usr/lib/gcc/x86_64-redhat-linux/12/../../.. CMakeFiles/cmTC_d64d8.dir/OpenMPTryFlag.cpp.o -lstdc++ -lm -lgomp -lgcc_s -lgcc -lpthread -lc -lgcc_s -lgcc /usr/lib/gcc/x86_64-redhat-linux/12/crtend.o /usr/lib/gcc/x86_64-redhat-linux/12/../../../../lib64/crtn.o /usr/lib/gcc/x86_64-redhat-linux/12/crtoffloadend.o]
    arg [/usr/libexec/gcc/x86_64-redhat-linux/12/collect2] ==> ignore
    arg [-plugin] ==> ignore
    arg [/usr/libexec/gcc/x86_64-redhat-linux/12/liblto_plugin.so] ==> ignore
    arg [-plugin-opt=/usr/libexec/gcc/x86_64-redhat-linux/12/lto-wrapper] ==> ignore
    arg [-plugin-opt=-fresolution=/tmp/ccrm9hGo.res] ==> ignore
    arg [-plugin-opt=-pass-through=-lgcc_s] ==> ignore
    arg [-plugin-opt=-pass-through=-lgcc] ==> ignore
    arg [-plugin-opt=-pass-through=-lpthread] ==> ignore
    arg [-plugin-opt=-pass-through=-lc] ==> ignore
    arg [-plugin-opt=-pass-through=-lgcc_s] ==> ignore
    arg [-plugin-opt=-pass-through=-lgcc] ==> ignore
    arg [--build-id] ==> ignore
    arg [--no-add-needed] ==> ignore
    arg [--eh-frame-hdr] ==> ignore
    arg [--hash-style=gnu] ==> ignore
    arg [-m] ==> ignore
    arg [elf_x86_64] ==> ignore
    arg [-dynamic-linker] ==> ignore
    arg [/lib64/ld-linux-x86-64.so.2] ==> ignore
    arg [-o] ==> ignore
    arg [cmTC_d64d8] ==> ignore
    arg [-L/usr/lib/gcc/x86_64-redhat-linux/12] ==> dir [/usr/lib/gcc/x86_64-redhat-linux/12]
    arg [-L/usr/lib/gcc/x86_64-redhat-linux/12/../../../../lib64] ==> dir [/usr/lib/gcc/x86_64-redhat-linux/12/../../../../lib64]
    arg [-L/lib/../lib64] ==> dir [/lib/../lib64]
    arg [-L/usr/lib/../lib64] ==> dir [/usr/lib/../lib64]
    arg [-L/usr/lib/gcc/x86_64-redhat-linux/12/../../..] ==> dir [/usr/lib/gcc/x86_64-redhat-linux/12/../../..]
    arg [CMakeFiles/cmTC_d64d8.dir/OpenMPTryFlag.cpp.o] ==> ignore
    arg [-lstdc++] ==> lib [stdc++]
    arg [-lm] ==> lib [m]
    arg [-lgomp] ==> lib [gomp]
    arg [-lgcc_s] ==> lib [gcc_s]
    arg [-lgcc] ==> lib [gcc]
    arg [-lpthread] ==> lib [pthread]
    arg [-lc] ==> lib [c]
    arg [-lgcc_s] ==> lib [gcc_s]
    arg [-lgcc] ==> lib [gcc]
  collapse library dir [/usr/lib/gcc/x86_64-redhat-linux/12] ==> [/usr/lib/gcc/x86_64-redhat-linux/12]
  collapse library dir [/usr/lib/gcc/x86_64-redhat-linux/12/../../../../lib64] ==> [/usr/lib64]
  collapse library dir [/lib/../lib64] ==> [/lib64]
  collapse library dir [/usr/lib/../lib64] ==> [/usr/lib64]
  collapse library dir [/usr/lib/gcc/x86_64-redhat-linux/12/../../..] ==> [/usr/lib]
  implicit libs: [stdc++;m;gomp;gcc_s;gcc;pthread;c;gcc_s;gcc]
  implicit objs: []
  implicit dirs: [/usr/lib/gcc/x86_64-redhat-linux/12;/usr/lib64;/lib64;/usr/lib]
  implicit fwks: []


