10 [23379726415744] INFO perfrun.launcher <> - Launcher main begin
11 [23379726415744] INFO perfrun.launcher <> - MessageCatalogInit finished
11 [23379726415744] INFO perfrun.launcher <> - Launcher instance created
11 [23379726415744] INFO perfrun.launcher <> - argc = 6; cmdline = /apps/all/VTune/2022.2.0-intel-2021b/vtune/2022.2.0/bin64/amplxe-runss -dump-vdso -r /tmp/pbs.761430.isrv1/amplxe-tmp-xbubel08/amplxe-res-2783501-21588025455284878 --tmp-dir /tmp/pbs.761430.isrv1/amplxe-tmp-xbubel08 
53 [23379726415744] INFO perfrun.launcher <> - create msngr2::ICliToolContext
53 [23379726415744] INFO perfrun.launcher <> - create file finder object
56 [23379596752640] INFO perfrun.launcher <> - plugin [remoteplug] was disabled because it doesn't support the given collection type.
56 [23379596752640] INFO perfrun.launcher <> - plugin [system] was disabled because it doesn't support the given collection type.
56 [23379596752640] INFO perfrun.vdso <> - dumping [vdso] pseudomodule
57 [23379596752640] INFO perfrun.launcher <> - plugin [itt] was disabled because it doesn't support the given collection type.
57 [23379596752640] INFO perfrun.launcher <> - plugin [ptracecollector] was disabled because it doesn't support the given collection type.
57 [23379596752640] INFO perfrun.launcher <> - plugin [gpu] was disabled because it doesn't support the given collection type.
57 [23379596752640] INFO perfrun.launcher <> - plugin [] was disabled because it doesn't support the given collection type.
57 [23379596752640] INFO perfrun.launcher <> - plugin [] was disabled because it doesn't support the given collection type.
57 [23379596752640] INFO perfrun.launcher <> - plugin [] was disabled because it doesn't support the given collection type.
57 [23379596752640] INFO perfrun.launcher <> - plugin [mrte] was disabled because it doesn't support the given collection type.
57 [23379596752640] INFO perfrun.launcher <> - plugin [emon] was disabled because it doesn't support the given collection type.
57 [23379596752640] INFO perfrun.launcher <> - plugin [cuscol] was disabled because it doesn't support the given collection type.
57 [23379596752640] INFO perfrun.launcher <> - plugin [stdsrc] was disabled because it doesn't support the given collection type.
57 [23379596752640] INFO perfrun.launcher <> - plugin [sep] was disabled because it doesn't support the given collection type.
57 [23379596752640] INFO perfrun.launcher <> - plugin [vtsspp] was disabled because it doesn't support the given collection type.
57 [23379596752640] INFO perfrun.launcher <> - plugin [perf] was disabled because it doesn't support the given collection type.
57 [23379596752640] INFO perfrun.launcher <> - plugin [aoclprofile] was disabled because it doesn't support the given collection type.
57 [23379596752640] INFO perfrun.launcher <> - plugin [tpss] was disabled because it doesn't support the given collection type.
57 [23379596752640] INFO perfrun.launcher <> - plugin [media] was disabled because it doesn't support the given collection type.
57 [23379596752640] INFO perfrun.launcher <> - plugin [] was disabled because it doesn't support the given collection type.
57 [23379596752640] INFO perfrun.launcher <> - plugin [] was disabled because it doesn't support the given collection type.
57 [23379596752640] INFO perfrun.launcher <> - plugin [parallelfs] was disabled because it doesn't support the given collection type.
57 [23379596752640] INFO perfrun.launcher <> - plugin [power] was disabled because it doesn't support the given collection type.
57 [23379596752640] INFO perfrun.launcher <> - plugin [hwloc] was disabled because it doesn't support the given collection type.
57 [23379596752640] INFO perfrun.launcher <> - plugin [ipmwatch] was disabled because it doesn't support the given collection type.
57 [23379596752640] INFO perfrun.launcher <> - plugin [os_counters] was disabled because it doesn't support the given collection type.
57 [23379596752640] INFO perfrun.launcher <> - plugin [l0_metrics] was disabled because it doesn't support the given collection type.
57 [23379726415744] INFO perfrun.launcher <> - Application exit code: 0
57 [23379726415744] INFO perfrun.launcher <> - Exit code: 0
